2026-01-13 14:05:18 INFO __main__ 日志初始化完成: /home/trader/polymarket_api/POLY_SMARTMONEY/copytrade_v2/logs/copytrade_0xf5d4..a077_20260113_140518_pid428257.log
2026-01-13 14:05:18 INFO __main__ [STATE] per-target state: /home/trader/polymarket_api/POLY_SMARTMONEY/copytrade_v2/state.json -> /home/trader/polymarket_api/POLY_SMARTMONEY/copytrade_v2/state_f5d4_a077.json
2026-01-13 14:05:18 INFO __main__ [STATE] path=/home/trader/polymarket_api/POLY_SMARTMONEY/copytrade_v2/state_f5d4_a077.json run_start_ms=1768313118436
2026-01-13 14:05:18 INFO __main__ [CFG] target=0xf5d4c1341267162afc3749908631087db95aa077 my=0x2C23aba6C7BC73a032F9bd2A413188f33ff4599f ratio=0.05
2026-01-13 14:05:18 DEBUG rlp.codec Consider installing rusty-rlp to improve pyrlp performance with a rust basedbackend. Not currently functional for Python 3.11
2026-01-13 14:05:18 DEBUG urllib3.connectionpool Starting new HTTPS connection (1): clob.polymarket.com:443
2026-01-13 14:05:19 DEBUG urllib3.connectionpool https://clob.polymarket.com:443 "GET /auth/derive-api-key HTTP/1.1" 200 None
2026-01-13 14:05:19 DEBUG urllib3.connectionpool Starting new HTTPS connection (1): clob.polymarket.com:443
2026-01-13 14:05:19 DEBUG urllib3.connectionpool https://clob.polymarket.com:443 "GET /data/orders?next_cursor=MA== HTTP/1.1" 200 None
2026-01-13 14:05:19 DEBUG urllib3.connectionpool Starting new HTTPS connection (1): data-api.polymarket.com:443
2026-01-13 14:05:19 DEBUG urllib3.connectionpool https://data-api.polymarket.com:443 "GET /trades?user=0xf5d4c1341267162afc3749908631087db95aa077&limit=300&offset=0&takerOnly=False HTTP/1.1" 200 None
2026-01-13 14:05:20 DEBUG urllib3.connectionpool https://data-api.polymarket.com:443 "GET /trades?user=0x2C23aba6C7BC73a032F9bd2A413188f33ff4599f&limit=300&offset=0&takerOnly=False HTTP/1.1" 200 None
2026-01-13 14:05:20 DEBUG urllib3.connectionpool Starting new HTTPS connection (1): data-api.polymarket.com:443
2026-01-13 14:05:20 DEBUG urllib3.connectionpool https://data-api.polymarket.com:443 "GET /positions?user=0xf5d4c1341267162afc3749908631087db95aa077&limit=500&offset=0&sizeThreshold=0.0&_cb=1768313120 HTTP/1.1" 200 None
2026-01-13 14:05:21 DEBUG urllib3.connectionpool https://data-api.polymarket.com:443 "GET /positions?user=0xf5d4c1341267162afc3749908631087db95aa077&limit=500&offset=500&sizeThreshold=0.0&_cb=1768313120 HTTP/1.1" 200 None
2026-01-13 14:05:21 DEBUG urllib3.connectionpool https://data-api.polymarket.com:443 "GET /positions?user=0x2C23aba6C7BC73a032F9bd2A413188f33ff4599f&limit=500&offset=0&sizeThreshold=0.0&sortBy=TOKENS&sortDirection=DESC HTTP/1.1" 200 None
2026-01-13 14:05:21 INFO __main__ [SKIP] closed_token_keys added count=218
2026-01-13 14:05:21 INFO __main__ [SKIP] closed_positions filtered target=212 my=6
2026-01-13 14:05:21 INFO __main__ [POS] target_count=2 my_count=1 target_incomplete=False my_incomplete=False | t_src=http_positions t_cb=1768313120 t_rsec=25 t_mode=sec t_http=200 t_hit=None
2026-01-13 14:05:21 INFO __main__ [POS] target cache_headers_first={'CF-Cache-Status': 'DYNAMIC', 'Date': 'Tue, 13 Jan 2026 14:05:20 GMT', 'Server': 'cloudflare'}
2026-01-13 14:05:21 INFO __main__ [POS] target cache_headers_last={'CF-Cache-Status': 'DYNAMIC', 'Date': 'Tue, 13 Jan 2026 14:05:21 GMT', 'Server': 'cloudflare'}
2026-01-13 14:05:21 INFO __main__ [BOOT] baseline_only: baseline_keys=2 baseline_ids=0 cursor_ms=1768313118436
2026-01-13 14:05:41 DEBUG urllib3.connectionpool Starting new HTTPS connection (1): clob.polymarket.com:443
2026-01-13 14:05:42 DEBUG urllib3.connectionpool https://clob.polymarket.com:443 "GET /data/orders?next_cursor=MA== HTTP/1.1" 200 None
2026-01-13 14:05:42 DEBUG urllib3.connectionpool https://data-api.polymarket.com:443 "GET /trades?user=0xf5d4c1341267162afc3749908631087db95aa077&limit=300&offset=0&takerOnly=False HTTP/1.1" 200 None
2026-01-13 14:05:42 DEBUG urllib3.connectionpool https://data-api.polymarket.com:443 "GET /trades?user=0x2C23aba6C7BC73a032F9bd2A413188f33ff4599f&limit=300&offset=0&takerOnly=False HTTP/1.1" 200 None
2026-01-13 14:05:43 DEBUG urllib3.connectionpool Starting new HTTPS connection (1): data-api.polymarket.com:443
2026-01-13 14:05:43 DEBUG urllib3.connectionpool https://data-api.polymarket.com:443 "GET /positions?user=0xf5d4c1341267162afc3749908631087db95aa077&limit=500&offset=0&sizeThreshold=0.0&_cb=1768313143 HTTP/1.1" 200 None
2026-01-13 14:05:44 DEBUG urllib3.connectionpool https://data-api.polymarket.com:443 "GET /positions?user=0xf5d4c1341267162afc3749908631087db95aa077&limit=500&offset=500&sizeThreshold=0.0&_cb=1768313143 HTTP/1.1" 200 None
2026-01-13 14:05:44 DEBUG urllib3.connectionpool https://data-api.polymarket.com:443 "GET /positions?user=0x2C23aba6C7BC73a032F9bd2A413188f33ff4599f&limit=500&offset=0&sizeThreshold=0.0&sortBy=TOKENS&sortDirection=DESC HTTP/1.1" 200 None
2026-01-13 14:05:44 INFO __main__ [SKIP] closed_positions filtered target=212 my=6
2026-01-13 14:05:44 DEBUG urllib3.connectionpool Starting new HTTPS connection (1): gamma-api.polymarket.com:443
2026-01-13 14:05:45 DEBUG urllib3.connectionpool https://gamma-api.polymarket.com:443 "GET /markets/slug/nba-atl-lal-2026-01-13 HTTP/1.1" 200 None
2026-01-13 14:05:45 DEBUG urllib3.connectionpool Starting new HTTPS connection (1): gamma-api.polymarket.com:443
2026-01-13 14:05:46 DEBUG urllib3.connectionpool https://gamma-api.polymarket.com:443 "GET /markets/slug/nhl-car-stl-2026-01-13 HTTP/1.1" 200 None
2026-01-13 14:05:46 INFO __main__ [SAFE] actions_empty reduce_reconcile_set size=1 recent_sec=600 lag_ms=0 actions=0 actions_unreliable=False
2026-01-13 14:05:46 DEBUG urllib3.connectionpool Starting new HTTPS connection (1): gamma-api.polymarket.com:443
2026-01-13 14:05:47 DEBUG urllib3.connectionpool https://gamma-api.polymarket.com:443 "GET /markets?clob_token_ids=102407532832166646248919459783408395845360348852381658045275937499037294130949&limit=1 HTTP/1.1" 200 None
2026-01-13 14:05:47 INFO __main__ [RISK_SUMMARY] used_total=5.925000000000001 open_buy_orders_usd=0.0 top_tokens=['0x3f4075c5a186b9800a4721af55277882d139b94b1631d900aa327b6f551ad0f2:1=5.9250']
2026-01-13 14:06:07 DEBUG urllib3.connectionpool Starting new HTTPS connection (1): clob.polymarket.com:443
2026-01-13 14:06:07 DEBUG urllib3.connectionpool https://clob.polymarket.com:443 "GET /data/orders?next_cursor=MA== HTTP/1.1" 200 None
2026-01-13 14:06:07 DEBUG urllib3.connectionpool https://data-api.polymarket.com:443 "GET /trades?user=0xf5d4c1341267162afc3749908631087db95aa077&limit=300&offset=0&takerOnly=False HTTP/1.1" 200 None
2026-01-13 14:06:08 DEBUG urllib3.connectionpool https://data-api.polymarket.com:443 "GET /trades?user=0x2C23aba6C7BC73a032F9bd2A413188f33ff4599f&limit=300&offset=0&takerOnly=False HTTP/1.1" 200 None
2026-01-13 14:06:08 DEBUG urllib3.connectionpool Starting new HTTPS connection (1): data-api.polymarket.com:443
2026-01-13 14:06:08 DEBUG urllib3.connectionpool https://data-api.polymarket.com:443 "GET /positions?user=0xf5d4c1341267162afc3749908631087db95aa077&limit=500&offset=0&sizeThreshold=0.0&_cb=1768313168 HTTP/1.1" 200 None
2026-01-13 14:06:10 DEBUG urllib3.connectionpool https://data-api.polymarket.com:443 "GET /positions?user=0xf5d4c1341267162afc3749908631087db95aa077&limit=500&offset=500&sizeThreshold=0.0&_cb=1768313168 HTTP/1.1" 200 None
2026-01-13 14:06:10 DEBUG urllib3.connectionpool https://data-api.polymarket.com:443 "GET /positions?user=0x2C23aba6C7BC73a032F9bd2A413188f33ff4599f&limit=500&offset=0&sizeThreshold=0.0&sortBy=TOKENS&sortDirection=DESC HTTP/1.1" 200 None
2026-01-13 14:06:10 INFO __main__ [SKIP] closed_positions filtered target=212 my=6
2026-01-13 14:06:10 INFO __main__ [SAFE] actions_empty reduce_reconcile_set size=1 recent_sec=600 lag_ms=0 actions=0 actions_unreliable=False
2026-01-13 14:06:10 INFO __main__ [RISK_SUMMARY] used_total=5.925000000000001 open_buy_orders_usd=0.0 top_tokens=['0x3f4075c5a186b9800a4721af55277882d139b94b1631d900aa327b6f551ad0f2:1=5.9250']
2026-01-13 14:06:30 DEBUG urllib3.connectionpool Starting new HTTPS connection (1): clob.polymarket.com:443
2026-01-13 14:06:31 DEBUG urllib3.connectionpool https://clob.polymarket.com:443 "GET /data/orders?next_cursor=MA== HTTP/1.1" 200 None
2026-01-13 14:06:31 DEBUG urllib3.connectionpool https://data-api.polymarket.com:443 "GET /trades?user=0xf5d4c1341267162afc3749908631087db95aa077&limit=300&offset=0&takerOnly=False HTTP/1.1" 200 None
2026-01-13 14:06:31 DEBUG urllib3.connectionpool https://data-api.polymarket.com:443 "GET /trades?user=0x2C23aba6C7BC73a032F9bd2A413188f33ff4599f&limit=300&offset=0&takerOnly=False HTTP/1.1" 200 None
2026-01-13 14:06:31 DEBUG urllib3.connectionpool Starting new HTTPS connection (1): data-api.polymarket.com:443
2026-01-13 14:06:32 DEBUG urllib3.connectionpool https://data-api.polymarket.com:443 "GET /positions?user=0xf5d4c1341267162afc3749908631087db95aa077&limit=500&offset=0&sizeThreshold=0.0&_cb=1768313191 HTTP/1.1" 200 None
2026-01-13 14:06:33 DEBUG urllib3.connectionpool https://data-api.polymarket.com:443 "GET /positions?user=0xf5d4c1341267162afc3749908631087db95aa077&limit=500&offset=500&sizeThreshold=0.0&_cb=1768313191 HTTP/1.1" 200 None
2026-01-13 14:06:33 DEBUG urllib3.connectionpool https://data-api.polymarket.com:443 "GET /positions?user=0x2C23aba6C7BC73a032F9bd2A413188f33ff4599f&limit=500&offset=0&sizeThreshold=0.0&sortBy=TOKENS&sortDirection=DESC HTTP/1.1" 200 None
2026-01-13 14:06:33 INFO __main__ [SKIP] closed_positions filtered target=212 my=6
2026-01-13 14:06:33 INFO __main__ [SAFE] actions_empty reduce_reconcile_set size=1 recent_sec=600 lag_ms=0 actions=0 actions_unreliable=False
2026-01-13 14:06:33 INFO __main__ [RISK_SUMMARY] used_total=5.925000000000001 open_buy_orders_usd=0.0 top_tokens=['0x3f4075c5a186b9800a4721af55277882d139b94b1631d900aa327b6f551ad0f2:1=5.9250']
2026-01-13 14:06:53 DEBUG urllib3.connectionpool Starting new HTTPS connection (1): clob.polymarket.com:443
2026-01-13 14:06:53 DEBUG urllib3.connectionpool https://clob.polymarket.com:443 "GET /data/orders?next_cursor=MA== HTTP/1.1" 200 None
2026-01-13 14:06:53 DEBUG urllib3.connectionpool https://data-api.polymarket.com:443 "GET /trades?user=0xf5d4c1341267162afc3749908631087db95aa077&limit=300&offset=0&takerOnly=False HTTP/1.1" 200 None
2026-01-13 14:06:54 DEBUG urllib3.connectionpool https://data-api.polymarket.com:443 "GET /trades?user=0x2C23aba6C7BC73a032F9bd2A413188f33ff4599f&limit=300&offset=0&takerOnly=False HTTP/1.1" 200 None
2026-01-13 14:06:54 DEBUG urllib3.connectionpool Starting new HTTPS connection (1): data-api.polymarket.com:443
2026-01-13 14:06:54 DEBUG urllib3.connectionpool https://data-api.polymarket.com:443 "GET /positions?user=0xf5d4c1341267162afc3749908631087db95aa077&limit=500&offset=0&sizeThreshold=0.0&_cb=1768313214 HTTP/1.1" 200 None
2026-01-13 14:06:55 DEBUG urllib3.connectionpool https://data-api.polymarket.com:443 "GET /positions?user=0xf5d4c1341267162afc3749908631087db95aa077&limit=500&offset=500&sizeThreshold=0.0&_cb=1768313214 HTTP/1.1" 200 None
2026-01-13 14:06:56 DEBUG urllib3.connectionpool https://data-api.polymarket.com:443 "GET /positions?user=0x2C23aba6C7BC73a032F9bd2A413188f33ff4599f&limit=500&offset=0&sizeThreshold=0.0&sortBy=TOKENS&sortDirection=DESC HTTP/1.1" 200 None
2026-01-13 14:06:56 INFO __main__ [SKIP] closed_positions filtered target=212 my=6
2026-01-13 14:06:56 INFO __main__ [SAFE] actions_empty reduce_reconcile_set size=1 recent_sec=600 lag_ms=0 actions=0 actions_unreliable=False
2026-01-13 14:06:56 INFO __main__ [RISK_SUMMARY] used_total=5.925000000000001 open_buy_orders_usd=0.0 top_tokens=['0x3f4075c5a186b9800a4721af55277882d139b94b1631d900aa327b6f551ad0f2:1=5.9250']
2026-01-13 14:07:16 DEBUG urllib3.connectionpool Starting new HTTPS connection (1): clob.polymarket.com:443
2026-01-13 14:07:16 DEBUG urllib3.connectionpool https://clob.polymarket.com:443 "GET /data/orders?next_cursor=MA== HTTP/1.1" 200 None
2026-01-13 14:07:16 DEBUG urllib3.connectionpool https://data-api.polymarket.com:443 "GET /trades?user=0xf5d4c1341267162afc3749908631087db95aa077&limit=300&offset=0&takerOnly=False HTTP/1.1" 200 None
2026-01-13 14:07:17 DEBUG urllib3.connectionpool https://data-api.polymarket.com:443 "GET /trades?user=0x2C23aba6C7BC73a032F9bd2A413188f33ff4599f&limit=300&offset=0&takerOnly=False HTTP/1.1" 200 None
2026-01-13 14:07:17 DEBUG urllib3.connectionpool Starting new HTTPS connection (1): data-api.polymarket.com:443
2026-01-13 14:07:17 DEBUG urllib3.connectionpool https://data-api.polymarket.com:443 "GET /positions?user=0xf5d4c1341267162afc3749908631087db95aa077&limit=500&offset=0&sizeThreshold=0.0&_cb=1768313237 HTTP/1.1" 200 None
2026-01-13 14:07:18 DEBUG urllib3.connectionpool https://data-api.polymarket.com:443 "GET /positions?user=0xf5d4c1341267162afc3749908631087db95aa077&limit=500&offset=500&sizeThreshold=0.0&_cb=1768313237 HTTP/1.1" 200 None
2026-01-13 14:07:18 DEBUG urllib3.connectionpool https://data-api.polymarket.com:443 "GET /positions?user=0x2C23aba6C7BC73a032F9bd2A413188f33ff4599f&limit=500&offset=0&sizeThreshold=0.0&sortBy=TOKENS&sortDirection=DESC HTTP/1.1" 200 None
2026-01-13 14:07:18 INFO __main__ [SKIP] closed_positions filtered target=212 my=6
2026-01-13 14:07:18 INFO __main__ [SAFE] actions_empty reduce_reconcile_set size=1 recent_sec=600 lag_ms=0 actions=0 actions_unreliable=False
2026-01-13 14:07:18 INFO __main__ [RISK_SUMMARY] used_total=5.925000000000001 open_buy_orders_usd=0.0 top_tokens=['0x3f4075c5a186b9800a4721af55277882d139b94b1631d900aa327b6f551ad0f2:1=5.9250']
2026-01-13 14:07:38 DEBUG urllib3.connectionpool Starting new HTTPS connection (1): clob.polymarket.com:443
2026-01-13 14:07:39 DEBUG urllib3.connectionpool https://clob.polymarket.com:443 "GET /data/orders?next_cursor=MA== HTTP/1.1" 200 None
2026-01-13 14:07:39 DEBUG urllib3.connectionpool https://data-api.polymarket.com:443 "GET /trades?user=0xf5d4c1341267162afc3749908631087db95aa077&limit=300&offset=0&takerOnly=False HTTP/1.1" 200 None
2026-01-13 14:07:39 DEBUG urllib3.connectionpool https://data-api.polymarket.com:443 "GET /trades?user=0x2C23aba6C7BC73a032F9bd2A413188f33ff4599f&limit=300&offset=0&takerOnly=False HTTP/1.1" 200 None
2026-01-13 14:07:39 DEBUG urllib3.connectionpool Starting new HTTPS connection (1): data-api.polymarket.com:443
2026-01-13 14:07:40 DEBUG urllib3.connectionpool https://data-api.polymarket.com:443 "GET /positions?user=0xf5d4c1341267162afc3749908631087db95aa077&limit=500&offset=0&sizeThreshold=0.0&_cb=1768313259 HTTP/1.1" 200 None
2026-01-13 14:07:41 DEBUG urllib3.connectionpool https://data-api.polymarket.com:443 "GET /positions?user=0xf5d4c1341267162afc3749908631087db95aa077&limit=500&offset=500&sizeThreshold=0.0&_cb=1768313259 HTTP/1.1" 200 None
2026-01-13 14:07:41 DEBUG urllib3.connectionpool https://data-api.polymarket.com:443 "GET /positions?user=0x2C23aba6C7BC73a032F9bd2A413188f33ff4599f&limit=500&offset=0&sizeThreshold=0.0&sortBy=TOKENS&sortDirection=DESC HTTP/1.1" 200 None
2026-01-13 14:07:41 INFO __main__ [SKIP] closed_positions filtered target=212 my=6
2026-01-13 14:07:41 INFO __main__ [SAFE] actions_empty reduce_reconcile_set size=1 recent_sec=600 lag_ms=0 actions=0 actions_unreliable=False
2026-01-13 14:07:41 INFO __main__ [RISK_SUMMARY] used_total=5.925000000000001 open_buy_orders_usd=0.0 top_tokens=['0x3f4075c5a186b9800a4721af55277882d139b94b1631d900aa327b6f551ad0f2:1=5.9250']
2026-01-13 14:08:01 DEBUG urllib3.connectionpool Starting new HTTPS connection (1): clob.polymarket.com:443
2026-01-13 14:08:01 DEBUG urllib3.connectionpool https://clob.polymarket.com:443 "GET /data/orders?next_cursor=MA== HTTP/1.1" 200 None
2026-01-13 14:08:02 DEBUG urllib3.connectionpool https://data-api.polymarket.com:443 "GET /trades?user=0xf5d4c1341267162afc3749908631087db95aa077&limit=300&offset=0&takerOnly=False HTTP/1.1" 200 None
2026-01-13 14:08:02 DEBUG urllib3.connectionpool https://data-api.polymarket.com:443 "GET /trades?user=0x2C23aba6C7BC73a032F9bd2A413188f33ff4599f&limit=300&offset=0&takerOnly=False HTTP/1.1" 200 None
2026-01-13 14:08:02 DEBUG urllib3.connectionpool Starting new HTTPS connection (1): data-api.polymarket.com:443
2026-01-13 14:08:03 DEBUG urllib3.connectionpool https://data-api.polymarket.com:443 "GET /positions?user=0xf5d4c1341267162afc3749908631087db95aa077&limit=500&offset=0&sizeThreshold=0.0&_cb=1768313282 HTTP/1.1" 200 None
2026-01-13 14:08:03 DEBUG urllib3.connectionpool https://data-api.polymarket.com:443 "GET /positions?user=0xf5d4c1341267162afc3749908631087db95aa077&limit=500&offset=500&sizeThreshold=0.0&_cb=1768313282 HTTP/1.1" 200 None
2026-01-13 14:08:03 DEBUG urllib3.connectionpool https://data-api.polymarket.com:443 "GET /positions?user=0x2C23aba6C7BC73a032F9bd2A413188f33ff4599f&limit=500&offset=0&sizeThreshold=0.0&sortBy=TOKENS&sortDirection=DESC HTTP/1.1" 200 None
2026-01-13 14:08:03 INFO __main__ [SKIP] closed_positions filtered target=212 my=6
2026-01-13 14:08:03 INFO __main__ [SAFE] actions_empty reduce_reconcile_set size=1 recent_sec=600 lag_ms=0 actions=0 actions_unreliable=False
2026-01-13 14:08:03 INFO __main__ [RISK_SUMMARY] used_total=5.925000000000001 open_buy_orders_usd=0.0 top_tokens=['0x3f4075c5a186b9800a4721af55277882d139b94b1631d900aa327b6f551ad0f2:1=5.9250']
2026-01-13 14:08:23 DEBUG urllib3.connectionpool Starting new HTTPS connection (1): clob.polymarket.com:443
2026-01-13 14:08:24 DEBUG urllib3.connectionpool https://clob.polymarket.com:443 "GET /data/orders?next_cursor=MA== HTTP/1.1" 200 None
2026-01-13 14:08:24 DEBUG urllib3.connectionpool https://data-api.polymarket.com:443 "GET /trades?user=0xf5d4c1341267162afc3749908631087db95aa077&limit=300&offset=0&takerOnly=False HTTP/1.1" 200 None
2026-01-13 14:08:24 DEBUG urllib3.connectionpool https://data-api.polymarket.com:443 "GET /trades?user=0x2C23aba6C7BC73a032F9bd2A413188f33ff4599f&limit=300&offset=0&takerOnly=False HTTP/1.1" 200 None
2026-01-13 14:08:24 DEBUG urllib3.connectionpool Starting new HTTPS connection (1): data-api.polymarket.com:443
2026-01-13 14:08:25 DEBUG urllib3.connectionpool https://data-api.polymarket.com:443 "GET /positions?user=0xf5d4c1341267162afc3749908631087db95aa077&limit=500&offset=0&sizeThreshold=0.0&_cb=1768313304 HTTP/1.1" 200 None
2026-01-13 14:08:25 DEBUG urllib3.connectionpool https://data-api.polymarket.com:443 "GET /positions?user=0xf5d4c1341267162afc3749908631087db95aa077&limit=500&offset=500&sizeThreshold=0.0&_cb=1768313304 HTTP/1.1" 200 None
2026-01-13 14:08:25 DEBUG urllib3.connectionpool https://data-api.polymarket.com:443 "GET /positions?user=0x2C23aba6C7BC73a032F9bd2A413188f33ff4599f&limit=500&offset=0&sizeThreshold=0.0&sortBy=TOKENS&sortDirection=DESC HTTP/1.1" 200 None
2026-01-13 14:08:25 INFO __main__ [SKIP] closed_positions filtered target=212 my=6
2026-01-13 14:08:25 INFO __main__ [SAFE] actions_empty reduce_reconcile_set size=1 recent_sec=600 lag_ms=0 actions=0 actions_unreliable=False
2026-01-13 14:08:25 INFO __main__ [RISK_SUMMARY] used_total=5.925000000000001 open_buy_orders_usd=0.0 top_tokens=['0x3f4075c5a186b9800a4721af55277882d139b94b1631d900aa327b6f551ad0f2:1=5.9250']
2026-01-13 14:08:45 DEBUG urllib3.connectionpool Starting new HTTPS connection (1): clob.polymarket.com:443
2026-01-13 14:08:46 DEBUG urllib3.connectionpool https://clob.polymarket.com:443 "GET /data/orders?next_cursor=MA== HTTP/1.1" 200 None
2026-01-13 14:08:46 DEBUG urllib3.connectionpool https://data-api.polymarket.com:443 "GET /trades?user=0xf5d4c1341267162afc3749908631087db95aa077&limit=300&offset=0&takerOnly=False HTTP/1.1" 200 None
2026-01-13 14:08:46 DEBUG urllib3.connectionpool https://data-api.polymarket.com:443 "GET /trades?user=0x2C23aba6C7BC73a032F9bd2A413188f33ff4599f&limit=300&offset=0&takerOnly=False HTTP/1.1" 200 None
2026-01-13 14:08:46 DEBUG urllib3.connectionpool Starting new HTTPS connection (1): data-api.polymarket.com:443
2026-01-13 14:08:47 DEBUG urllib3.connectionpool https://data-api.polymarket.com:443 "GET /positions?user=0xf5d4c1341267162afc3749908631087db95aa077&limit=500&offset=0&sizeThreshold=0.0&_cb=1768313326 HTTP/1.1" 200 None
2026-01-13 14:08:48 DEBUG urllib3.connectionpool https://data-api.polymarket.com:443 "GET /positions?user=0xf5d4c1341267162afc3749908631087db95aa077&limit=500&offset=500&sizeThreshold=0.0&_cb=1768313326 HTTP/1.1" 200 None
2026-01-13 14:08:48 DEBUG urllib3.connectionpool https://data-api.polymarket.com:443 "GET /positions?user=0x2C23aba6C7BC73a032F9bd2A413188f33ff4599f&limit=500&offset=0&sizeThreshold=0.0&sortBy=TOKENS&sortDirection=DESC HTTP/1.1" 200 None
2026-01-13 14:08:48 INFO __main__ [SKIP] closed_positions filtered target=212 my=6
2026-01-13 14:08:48 INFO __main__ [SAFE] actions_empty reduce_reconcile_set size=1 recent_sec=600 lag_ms=0 actions=0 actions_unreliable=False
2026-01-13 14:08:48 INFO __main__ [RISK_SUMMARY] used_total=5.925000000000001 open_buy_orders_usd=0.0 top_tokens=['0x3f4075c5a186b9800a4721af55277882d139b94b1631d900aa327b6f551ad0f2:1=5.9250']
2026-01-13 14:09:08 DEBUG urllib3.connectionpool Starting new HTTPS connection (1): clob.polymarket.com:443
2026-01-13 14:09:08 DEBUG urllib3.connectionpool https://clob.polymarket.com:443 "GET /data/orders?next_cursor=MA== HTTP/1.1" 200 None
2026-01-13 14:09:09 DEBUG urllib3.connectionpool https://data-api.polymarket.com:443 "GET /trades?user=0xf5d4c1341267162afc3749908631087db95aa077&limit=300&offset=0&takerOnly=False HTTP/1.1" 200 None
2026-01-13 14:09:09 DEBUG urllib3.connectionpool https://data-api.polymarket.com:443 "GET /trades?user=0x2C23aba6C7BC73a032F9bd2A413188f33ff4599f&limit=300&offset=0&takerOnly=False HTTP/1.1" 200 None
2026-01-13 14:09:09 DEBUG urllib3.connectionpool Starting new HTTPS connection (1): data-api.polymarket.com:443
2026-01-13 14:09:10 DEBUG urllib3.connectionpool https://data-api.polymarket.com:443 "GET /positions?user=0xf5d4c1341267162afc3749908631087db95aa077&limit=500&offset=0&sizeThreshold=0.0&_cb=1768313349 HTTP/1.1" 200 None
2026-01-13 14:09:11 DEBUG urllib3.connectionpool https://data-api.polymarket.com:443 "GET /positions?user=0xf5d4c1341267162afc3749908631087db95aa077&limit=500&offset=500&sizeThreshold=0.0&_cb=1768313349 HTTP/1.1" 200 None
2026-01-13 14:09:11 DEBUG urllib3.connectionpool https://data-api.polymarket.com:443 "GET /positions?user=0x2C23aba6C7BC73a032F9bd2A413188f33ff4599f&limit=500&offset=0&sizeThreshold=0.0&sortBy=TOKENS&sortDirection=DESC HTTP/1.1" 200 None
2026-01-13 14:09:11 INFO __main__ [SKIP] closed_positions filtered target=212 my=6
2026-01-13 14:09:11 INFO __main__ [SAFE] actions_empty reduce_reconcile_set size=1 recent_sec=600 lag_ms=0 actions=0 actions_unreliable=False
2026-01-13 14:09:11 INFO __main__ [RISK_SUMMARY] used_total=5.925000000000001 open_buy_orders_usd=0.0 top_tokens=['0x3f4075c5a186b9800a4721af55277882d139b94b1631d900aa327b6f551ad0f2:1=5.9250']
2026-01-13 14:09:31 DEBUG urllib3.connectionpool Starting new HTTPS connection (1): clob.polymarket.com:443
2026-01-13 14:09:31 DEBUG urllib3.connectionpool https://clob.polymarket.com:443 "GET /data/orders?next_cursor=MA== HTTP/1.1" 200 None
2026-01-13 14:09:32 DEBUG urllib3.connectionpool https://data-api.polymarket.com:443 "GET /trades?user=0xf5d4c1341267162afc3749908631087db95aa077&limit=300&offset=0&takerOnly=False HTTP/1.1" 200 None
2026-01-13 14:09:32 DEBUG urllib3.connectionpool https://data-api.polymarket.com:443 "GET /trades?user=0x2C23aba6C7BC73a032F9bd2A413188f33ff4599f&limit=300&offset=0&takerOnly=False HTTP/1.1" 200 None
2026-01-13 14:09:32 DEBUG urllib3.connectionpool Starting new HTTPS connection (1): data-api.polymarket.com:443
2026-01-13 14:09:33 DEBUG urllib3.connectionpool https://data-api.polymarket.com:443 "GET /positions?user=0xf5d4c1341267162afc3749908631087db95aa077&limit=500&offset=0&sizeThreshold=0.0&_cb=1768313372 HTTP/1.1" 200 None
2026-01-13 14:09:34 DEBUG urllib3.connectionpool https://data-api.polymarket.com:443 "GET /positions?user=0xf5d4c1341267162afc3749908631087db95aa077&limit=500&offset=500&sizeThreshold=0.0&_cb=1768313372 HTTP/1.1" 200 None
2026-01-13 14:09:34 DEBUG urllib3.connectionpool https://data-api.polymarket.com:443 "GET /positions?user=0x2C23aba6C7BC73a032F9bd2A413188f33ff4599f&limit=500&offset=0&sizeThreshold=0.0&sortBy=TOKENS&sortDirection=DESC HTTP/1.1" 200 None
2026-01-13 14:09:34 INFO __main__ [SKIP] closed_positions filtered target=212 my=6
2026-01-13 14:09:34 INFO __main__ [SAFE] actions_empty reduce_reconcile_set size=1 recent_sec=600 lag_ms=0 actions=0 actions_unreliable=False
2026-01-13 14:09:34 INFO __main__ [RISK_SUMMARY] used_total=5.925000000000001 open_buy_orders_usd=0.0 top_tokens=['0x3f4075c5a186b9800a4721af55277882d139b94b1631d900aa327b6f551ad0f2:1=5.9250']
2026-01-13 14:09:54 DEBUG urllib3.connectionpool Starting new HTTPS connection (1): clob.polymarket.com:443
2026-01-13 14:09:54 DEBUG urllib3.connectionpool https://clob.polymarket.com:443 "GET /data/orders?next_cursor=MA== HTTP/1.1" 200 None
2026-01-13 14:09:54 DEBUG urllib3.connectionpool https://data-api.polymarket.com:443 "GET /trades?user=0xf5d4c1341267162afc3749908631087db95aa077&limit=300&offset=0&takerOnly=False HTTP/1.1" 200 None
2026-01-13 14:09:55 DEBUG urllib3.connectionpool https://data-api.polymarket.com:443 "GET /trades?user=0x2C23aba6C7BC73a032F9bd2A413188f33ff4599f&limit=300&offset=0&takerOnly=False HTTP/1.1" 200 None
2026-01-13 14:09:55 DEBUG urllib3.connectionpool Starting new HTTPS connection (1): data-api.polymarket.com:443
2026-01-13 14:09:55 DEBUG urllib3.connectionpool https://data-api.polymarket.com:443 "GET /positions?user=0xf5d4c1341267162afc3749908631087db95aa077&limit=500&offset=0&sizeThreshold=0.0&_cb=1768313395 HTTP/1.1" 200 None
2026-01-13 14:09:56 DEBUG urllib3.connectionpool https://data-api.polymarket.com:443 "GET /positions?user=0xf5d4c1341267162afc3749908631087db95aa077&limit=500&offset=500&sizeThreshold=0.0&_cb=1768313395 HTTP/1.1" 200 None
2026-01-13 14:09:57 DEBUG urllib3.connectionpool https://data-api.polymarket.com:443 "GET /positions?user=0x2C23aba6C7BC73a032F9bd2A413188f33ff4599f&limit=500&offset=0&sizeThreshold=0.0&sortBy=TOKENS&sortDirection=DESC HTTP/1.1" 200 None
2026-01-13 14:09:57 INFO __main__ [SKIP] closed_positions filtered target=212 my=6
2026-01-13 14:09:57 INFO __main__ [SAFE] actions_empty reduce_reconcile_set size=1 recent_sec=600 lag_ms=0 actions=0 actions_unreliable=False
2026-01-13 14:09:57 INFO __main__ [RISK_SUMMARY] used_total=5.925000000000001 open_buy_orders_usd=0.0 top_tokens=['0x3f4075c5a186b9800a4721af55277882d139b94b1631d900aa327b6f551ad0f2:1=5.9250']
2026-01-13 14:10:17 DEBUG urllib3.connectionpool Starting new HTTPS connection (1): clob.polymarket.com:443
2026-01-13 14:10:17 DEBUG urllib3.connectionpool https://clob.polymarket.com:443 "GET /data/orders?next_cursor=MA== HTTP/1.1" 200 None
2026-01-13 14:10:17 DEBUG urllib3.connectionpool https://data-api.polymarket.com:443 "GET /trades?user=0xf5d4c1341267162afc3749908631087db95aa077&limit=300&offset=0&takerOnly=False HTTP/1.1" 200 None
2026-01-13 14:10:18 DEBUG urllib3.connectionpool https://data-api.polymarket.com:443 "GET /trades?user=0x2C23aba6C7BC73a032F9bd2A413188f33ff4599f&limit=300&offset=0&takerOnly=False HTTP/1.1" 200 None
2026-01-13 14:10:18 DEBUG urllib3.connectionpool Starting new HTTPS connection (1): data-api.polymarket.com:443
2026-01-13 14:10:18 DEBUG urllib3.connectionpool https://data-api.polymarket.com:443 "GET /positions?user=0xf5d4c1341267162afc3749908631087db95aa077&limit=500&offset=0&sizeThreshold=0.0&_cb=1768313418 HTTP/1.1" 200 None
2026-01-13 14:10:19 DEBUG urllib3.connectionpool https://data-api.polymarket.com:443 "GET /positions?user=0xf5d4c1341267162afc3749908631087db95aa077&limit=500&offset=500&sizeThreshold=0.0&_cb=1768313418 HTTP/1.1" 200 None
2026-01-13 14:10:20 DEBUG urllib3.connectionpool https://data-api.polymarket.com:443 "GET /positions?user=0x2C23aba6C7BC73a032F9bd2A413188f33ff4599f&limit=500&offset=0&sizeThreshold=0.0&sortBy=TOKENS&sortDirection=DESC HTTP/1.1" 200 None
2026-01-13 14:10:20 INFO __main__ [SKIP] closed_positions filtered target=212 my=6
2026-01-13 14:10:20 INFO __main__ [SAFE] actions_empty reduce_reconcile_set size=1 recent_sec=600 lag_ms=0 actions=0 actions_unreliable=False
2026-01-13 14:10:20 INFO __main__ [RISK_SUMMARY] used_total=5.925000000000001 open_buy_orders_usd=0.0 top_tokens=['0x3f4075c5a186b9800a4721af55277882d139b94b1631d900aa327b6f551ad0f2:1=5.9250']
2026-01-13 14:10:40 DEBUG urllib3.connectionpool Starting new HTTPS connection (1): clob.polymarket.com:443
2026-01-13 14:10:40 DEBUG urllib3.connectionpool https://clob.polymarket.com:443 "GET /data/orders?next_cursor=MA== HTTP/1.1" 200 None
2026-01-13 14:10:40 DEBUG urllib3.connectionpool https://data-api.polymarket.com:443 "GET /trades?user=0xf5d4c1341267162afc3749908631087db95aa077&limit=300&offset=0&takerOnly=False HTTP/1.1" 200 None
2026-01-13 14:10:41 DEBUG urllib3.connectionpool https://data-api.polymarket.com:443 "GET /trades?user=0x2C23aba6C7BC73a032F9bd2A413188f33ff4599f&limit=300&offset=0&takerOnly=False HTTP/1.1" 200 None
2026-01-13 14:10:41 DEBUG urllib3.connectionpool Starting new HTTPS connection (1): data-api.polymarket.com:443
2026-01-13 14:10:41 DEBUG urllib3.connectionpool https://data-api.polymarket.com:443 "GET /positions?user=0xf5d4c1341267162afc3749908631087db95aa077&limit=500&offset=0&sizeThreshold=0.0&_cb=1768313441 HTTP/1.1" 200 None
2026-01-13 14:10:42 DEBUG urllib3.connectionpool https://data-api.polymarket.com:443 "GET /positions?user=0xf5d4c1341267162afc3749908631087db95aa077&limit=500&offset=500&sizeThreshold=0.0&_cb=1768313441 HTTP/1.1" 200 None
2026-01-13 14:10:43 DEBUG urllib3.connectionpool https://data-api.polymarket.com:443 "GET /positions?user=0x2C23aba6C7BC73a032F9bd2A413188f33ff4599f&limit=500&offset=0&sizeThreshold=0.0&sortBy=TOKENS&sortDirection=DESC HTTP/1.1" 200 None
2026-01-13 14:10:43 INFO __main__ [SKIP] closed_positions filtered target=212 my=6
2026-01-13 14:10:43 INFO __main__ [SAFE] actions_empty reduce_reconcile_set size=1 recent_sec=600 lag_ms=0 actions=0 actions_unreliable=False
2026-01-13 14:10:43 INFO __main__ [RISK_SUMMARY] used_total=5.925000000000001 open_buy_orders_usd=0.0 top_tokens=['0x3f4075c5a186b9800a4721af55277882d139b94b1631d900aa327b6f551ad0f2:1=5.9250']
2026-01-13 14:11:03 DEBUG urllib3.connectionpool Starting new HTTPS connection (1): clob.polymarket.com:443
2026-01-13 14:11:03 DEBUG urllib3.connectionpool https://clob.polymarket.com:443 "GET /data/orders?next_cursor=MA== HTTP/1.1" 200 None
2026-01-13 14:11:03 DEBUG urllib3.connectionpool https://data-api.polymarket.com:443 "GET /trades?user=0xf5d4c1341267162afc3749908631087db95aa077&limit=300&offset=0&takerOnly=False HTTP/1.1" 200 None
2026-01-13 14:11:04 DEBUG urllib3.connectionpool https://data-api.polymarket.com:443 "GET /trades?user=0x2C23aba6C7BC73a032F9bd2A413188f33ff4599f&limit=300&offset=0&takerOnly=False HTTP/1.1" 200 None
2026-01-13 14:11:04 DEBUG urllib3.connectionpool Starting new HTTPS connection (1): data-api.polymarket.com:443
2026-01-13 14:11:04 DEBUG urllib3.connectionpool https://data-api.polymarket.com:443 "GET /positions?user=0xf5d4c1341267162afc3749908631087db95aa077&limit=500&offset=0&sizeThreshold=0.0&_cb=1768313464 HTTP/1.1" 200 None
2026-01-13 14:11:05 DEBUG urllib3.connectionpool https://data-api.polymarket.com:443 "GET /positions?user=0xf5d4c1341267162afc3749908631087db95aa077&limit=500&offset=500&sizeThreshold=0.0&_cb=1768313464 HTTP/1.1" 200 None
2026-01-13 14:11:06 DEBUG urllib3.connectionpool https://data-api.polymarket.com:443 "GET /positions?user=0x2C23aba6C7BC73a032F9bd2A413188f33ff4599f&limit=500&offset=0&sizeThreshold=0.0&sortBy=TOKENS&sortDirection=DESC HTTP/1.1" 200 None
2026-01-13 14:11:06 INFO __main__ [SKIP] closed_positions filtered target=212 my=6
2026-01-13 14:11:06 INFO __main__ [SAFE] actions_empty reduce_reconcile_set size=1 recent_sec=600 lag_ms=0 actions=0 actions_unreliable=False
2026-01-13 14:11:06 DEBUG urllib3.connectionpool Starting new HTTPS connection (1): gamma-api.polymarket.com:443
2026-01-13 14:11:06 DEBUG urllib3.connectionpool https://gamma-api.polymarket.com:443 "GET /markets?clob_token_ids=102407532832166646248919459783408395845360348852381658045275937499037294130949&limit=1 HTTP/1.1" 200 None
2026-01-13 14:11:06 INFO __main__ [RISK_SUMMARY] used_total=5.925000000000001 open_buy_orders_usd=0.0 top_tokens=['0x3f4075c5a186b9800a4721af55277882d139b94b1631d900aa327b6f551ad0f2:1=5.9250']
2026-01-13 14:11:26 DEBUG urllib3.connectionpool Starting new HTTPS connection (1): clob.polymarket.com:443
2026-01-13 14:11:26 DEBUG urllib3.connectionpool https://clob.polymarket.com:443 "GET /data/orders?next_cursor=MA== HTTP/1.1" 200 None
2026-01-13 14:11:26 DEBUG urllib3.connectionpool https://data-api.polymarket.com:443 "GET /trades?user=0xf5d4c1341267162afc3749908631087db95aa077&limit=300&offset=0&takerOnly=False HTTP/1.1" 200 None
2026-01-13 14:11:27 DEBUG urllib3.connectionpool https://data-api.polymarket.com:443 "GET /trades?user=0x2C23aba6C7BC73a032F9bd2A413188f33ff4599f&limit=300&offset=0&takerOnly=False HTTP/1.1" 200 None
2026-01-13 14:11:27 DEBUG urllib3.connectionpool Starting new HTTPS connection (1): data-api.polymarket.com:443
2026-01-13 14:11:28 DEBUG urllib3.connectionpool https://data-api.polymarket.com:443 "GET /positions?user=0xf5d4c1341267162afc3749908631087db95aa077&limit=500&offset=0&sizeThreshold=0.0&_cb=1768313487 HTTP/1.1" 200 None
2026-01-13 14:11:28 DEBUG urllib3.connectionpool https://data-api.polymarket.com:443 "GET /positions?user=0xf5d4c1341267162afc3749908631087db95aa077&limit=500&offset=500&sizeThreshold=0.0&_cb=1768313487 HTTP/1.1" 200 None
2026-01-13 14:11:29 DEBUG urllib3.connectionpool https://data-api.polymarket.com:443 "GET /positions?user=0x2C23aba6C7BC73a032F9bd2A413188f33ff4599f&limit=500&offset=0&sizeThreshold=0.0&sortBy=TOKENS&sortDirection=DESC HTTP/1.1" 200 None
2026-01-13 14:11:29 INFO __main__ [SKIP] closed_positions filtered target=212 my=6
2026-01-13 14:11:29 INFO __main__ [SAFE] actions_empty reduce_reconcile_set size=1 recent_sec=600 lag_ms=0 actions=0 actions_unreliable=False
2026-01-13 14:11:29 INFO __main__ [RISK_SUMMARY] used_total=5.925000000000001 open_buy_orders_usd=0.0 top_tokens=['0x3f4075c5a186b9800a4721af55277882d139b94b1631d900aa327b6f551ad0f2:1=5.9250']
2026-01-13 14:11:49 DEBUG urllib3.connectionpool Starting new HTTPS connection (1): clob.polymarket.com:443
2026-01-13 14:11:49 DEBUG urllib3.connectionpool https://clob.polymarket.com:443 "GET /data/orders?next_cursor=MA== HTTP/1.1" 200 None
2026-01-13 14:11:50 DEBUG urllib3.connectionpool https://data-api.polymarket.com:443 "GET /trades?user=0xf5d4c1341267162afc3749908631087db95aa077&limit=300&offset=0&takerOnly=False HTTP/1.1" 200 None
2026-01-13 14:11:50 DEBUG urllib3.connectionpool https://data-api.polymarket.com:443 "GET /trades?user=0x2C23aba6C7BC73a032F9bd2A413188f33ff4599f&limit=300&offset=0&takerOnly=False HTTP/1.1" 200 None
2026-01-13 14:11:50 DEBUG urllib3.connectionpool Starting new HTTPS connection (1): data-api.polymarket.com:443
2026-01-13 14:11:51 DEBUG urllib3.connectionpool https://data-api.polymarket.com:443 "GET /positions?user=0xf5d4c1341267162afc3749908631087db95aa077&limit=500&offset=0&sizeThreshold=0.0&_cb=1768313510 HTTP/1.1" 200 None
2026-01-13 14:11:51 DEBUG urllib3.connectionpool https://data-api.polymarket.com:443 "GET /positions?user=0xf5d4c1341267162afc3749908631087db95aa077&limit=500&offset=500&sizeThreshold=0.0&_cb=1768313510 HTTP/1.1" 200 None
2026-01-13 14:11:52 DEBUG urllib3.connectionpool https://data-api.polymarket.com:443 "GET /positions?user=0x2C23aba6C7BC73a032F9bd2A413188f33ff4599f&limit=500&offset=0&sizeThreshold=0.0&sortBy=TOKENS&sortDirection=DESC HTTP/1.1" 200 None
2026-01-13 14:11:52 INFO __main__ [SKIP] closed_positions filtered target=212 my=6
2026-01-13 14:11:52 INFO __main__ [SAFE] actions_empty reduce_reconcile_set size=1 recent_sec=600 lag_ms=0 actions=0 actions_unreliable=False
2026-01-13 14:11:52 INFO __main__ [RISK_SUMMARY] used_total=5.925000000000001 open_buy_orders_usd=0.0 top_tokens=['0x3f4075c5a186b9800a4721af55277882d139b94b1631d900aa327b6f551ad0f2:1=5.9250']
2026-01-13 14:12:12 DEBUG urllib3.connectionpool Starting new HTTPS connection (1): clob.polymarket.com:443
2026-01-13 14:12:12 DEBUG urllib3.connectionpool https://clob.polymarket.com:443 "GET /data/orders?next_cursor=MA== HTTP/1.1" 200 None
2026-01-13 14:12:13 DEBUG urllib3.connectionpool https://data-api.polymarket.com:443 "GET /trades?user=0xf5d4c1341267162afc3749908631087db95aa077&limit=300&offset=0&takerOnly=False HTTP/1.1" 200 None
2026-01-13 14:12:13 DEBUG urllib3.connectionpool https://data-api.polymarket.com:443 "GET /trades?user=0x2C23aba6C7BC73a032F9bd2A413188f33ff4599f&limit=300&offset=0&takerOnly=False HTTP/1.1" 200 None
2026-01-13 14:12:13 DEBUG urllib3.connectionpool Starting new HTTPS connection (1): data-api.polymarket.com:443
2026-01-13 14:12:13 DEBUG urllib3.connectionpool https://data-api.polymarket.com:443 "GET /positions?user=0xf5d4c1341267162afc3749908631087db95aa077&limit=500&offset=0&sizeThreshold=0.0&_cb=1768313533 HTTP/1.1" 200 None
2026-01-13 14:12:14 DEBUG urllib3.connectionpool https://data-api.polymarket.com:443 "GET /positions?user=0xf5d4c1341267162afc3749908631087db95aa077&limit=500&offset=500&sizeThreshold=0.0&_cb=1768313533 HTTP/1.1" 200 None
2026-01-13 14:12:15 DEBUG urllib3.connectionpool https://data-api.polymarket.com:443 "GET /positions?user=0x2C23aba6C7BC73a032F9bd2A413188f33ff4599f&limit=500&offset=0&sizeThreshold=0.0&sortBy=TOKENS&sortDirection=DESC HTTP/1.1" 200 None
2026-01-13 14:12:15 INFO __main__ [SKIP] closed_positions filtered target=212 my=6
2026-01-13 14:12:15 INFO __main__ [SAFE] actions_empty reduce_reconcile_set size=1 recent_sec=600 lag_ms=0 actions=0 actions_unreliable=False
2026-01-13 14:12:15 INFO __main__ [RISK_SUMMARY] used_total=5.925000000000001 open_buy_orders_usd=0.0 top_tokens=['0x3f4075c5a186b9800a4721af55277882d139b94b1631d900aa327b6f551ad0f2:1=5.9250']
2026-01-13 14:12:35 DEBUG urllib3.connectionpool Starting new HTTPS connection (1): clob.polymarket.com:443
2026-01-13 14:12:35 DEBUG urllib3.connectionpool https://clob.polymarket.com:443 "GET /data/orders?next_cursor=MA== HTTP/1.1" 200 None
2026-01-13 14:12:35 DEBUG urllib3.connectionpool https://data-api.polymarket.com:443 "GET /trades?user=0xf5d4c1341267162afc3749908631087db95aa077&limit=300&offset=0&takerOnly=False HTTP/1.1" 200 None
2026-01-13 14:12:36 DEBUG urllib3.connectionpool https://data-api.polymarket.com:443 "GET /trades?user=0x2C23aba6C7BC73a032F9bd2A413188f33ff4599f&limit=300&offset=0&takerOnly=False HTTP/1.1" 200 None
2026-01-13 14:12:36 DEBUG urllib3.connectionpool Starting new HTTPS connection (1): data-api.polymarket.com:443
2026-01-13 14:12:36 DEBUG urllib3.connectionpool https://data-api.polymarket.com:443 "GET /positions?user=0xf5d4c1341267162afc3749908631087db95aa077&limit=500&offset=0&sizeThreshold=0.0&_cb=1768313556 HTTP/1.1" 200 None
2026-01-13 14:12:37 DEBUG urllib3.connectionpool https://data-api.polymarket.com:443 "GET /positions?user=0xf5d4c1341267162afc3749908631087db95aa077&limit=500&offset=500&sizeThreshold=0.0&_cb=1768313556 HTTP/1.1" 200 None
2026-01-13 14:12:38 DEBUG urllib3.connectionpool https://data-api.polymarket.com:443 "GET /positions?user=0x2C23aba6C7BC73a032F9bd2A413188f33ff4599f&limit=500&offset=0&sizeThreshold=0.0&sortBy=TOKENS&sortDirection=DESC HTTP/1.1" 200 None
2026-01-13 14:12:38 INFO __main__ [SKIP] closed_positions filtered target=212 my=6
2026-01-13 14:12:38 INFO __main__ [SAFE] actions_empty reduce_reconcile_set size=1 recent_sec=600 lag_ms=0 actions=0 actions_unreliable=False
2026-01-13 14:12:38 INFO __main__ [RISK_SUMMARY] used_total=5.925000000000001 open_buy_orders_usd=0.0 top_tokens=['0x3f4075c5a186b9800a4721af55277882d139b94b1631d900aa327b6f551ad0f2:1=5.9250']
2026-01-13 14:12:58 DEBUG urllib3.connectionpool Starting new HTTPS connection (1): clob.polymarket.com:443
2026-01-13 14:12:58 DEBUG urllib3.connectionpool https://clob.polymarket.com:443 "GET /data/orders?next_cursor=MA== HTTP/1.1" 200 None
2026-01-13 14:12:58 DEBUG urllib3.connectionpool https://data-api.polymarket.com:443 "GET /trades?user=0xf5d4c1341267162afc3749908631087db95aa077&limit=300&offset=0&takerOnly=False HTTP/1.1" 200 None
2026-01-13 14:12:59 DEBUG urllib3.connectionpool https://data-api.polymarket.com:443 "GET /trades?user=0x2C23aba6C7BC73a032F9bd2A413188f33ff4599f&limit=300&offset=0&takerOnly=False HTTP/1.1" 200 None
2026-01-13 14:12:59 DEBUG urllib3.connectionpool Starting new HTTPS connection (1): data-api.polymarket.com:443
2026-01-13 14:12:59 DEBUG urllib3.connectionpool https://data-api.polymarket.com:443 "GET /positions?user=0xf5d4c1341267162afc3749908631087db95aa077&limit=500&offset=0&sizeThreshold=0.0&_cb=1768313579 HTTP/1.1" 200 None
2026-01-13 14:13:00 DEBUG urllib3.connectionpool https://data-api.polymarket.com:443 "GET /positions?user=0xf5d4c1341267162afc3749908631087db95aa077&limit=500&offset=500&sizeThreshold=0.0&_cb=1768313579 HTTP/1.1" 200 None
2026-01-13 14:13:01 DEBUG urllib3.connectionpool https://data-api.polymarket.com:443 "GET /positions?user=0x2C23aba6C7BC73a032F9bd2A413188f33ff4599f&limit=500&offset=0&sizeThreshold=0.0&sortBy=TOKENS&sortDirection=DESC HTTP/1.1" 200 None
2026-01-13 14:13:01 INFO __main__ [SKIP] closed_positions filtered target=212 my=6
2026-01-13 14:13:01 INFO __main__ [SAFE] actions_empty reduce_reconcile_set size=1 recent_sec=600 lag_ms=0 actions=0 actions_unreliable=False
2026-01-13 14:13:01 INFO __main__ [RISK_SUMMARY] used_total=5.925000000000001 open_buy_orders_usd=0.0 top_tokens=['0x3f4075c5a186b9800a4721af55277882d139b94b1631d900aa327b6f551ad0f2:1=5.9250']
2026-01-13 14:13:21 DEBUG urllib3.connectionpool Starting new HTTPS connection (1): clob.polymarket.com:443
2026-01-13 14:13:21 DEBUG urllib3.connectionpool https://clob.polymarket.com:443 "GET /data/orders?next_cursor=MA== HTTP/1.1" 200 None
2026-01-13 14:13:21 DEBUG urllib3.connectionpool https://data-api.polymarket.com:443 "GET /trades?user=0xf5d4c1341267162afc3749908631087db95aa077&limit=300&offset=0&takerOnly=False HTTP/1.1" 200 None
2026-01-13 14:13:22 DEBUG urllib3.connectionpool https://data-api.polymarket.com:443 "GET /trades?user=0x2C23aba6C7BC73a032F9bd2A413188f33ff4599f&limit=300&offset=0&takerOnly=False HTTP/1.1" 200 None
2026-01-13 14:13:22 DEBUG urllib3.connectionpool Starting new HTTPS connection (1): data-api.polymarket.com:443
2026-01-13 14:13:22 DEBUG urllib3.connectionpool https://data-api.polymarket.com:443 "GET /positions?user=0xf5d4c1341267162afc3749908631087db95aa077&limit=500&offset=0&sizeThreshold=0.0&_cb=1768313602 HTTP/1.1" 200 None
2026-01-13 14:13:23 DEBUG urllib3.connectionpool https://data-api.polymarket.com:443 "GET /positions?user=0xf5d4c1341267162afc3749908631087db95aa077&limit=500&offset=500&sizeThreshold=0.0&_cb=1768313602 HTTP/1.1" 200 None
2026-01-13 14:13:24 DEBUG urllib3.connectionpool https://data-api.polymarket.com:443 "GET /positions?user=0x2C23aba6C7BC73a032F9bd2A413188f33ff4599f&limit=500&offset=0&sizeThreshold=0.0&sortBy=TOKENS&sortDirection=DESC HTTP/1.1" 200 None
2026-01-13 14:13:24 INFO __main__ [SKIP] closed_positions filtered target=212 my=6
2026-01-13 14:13:24 INFO __main__ [SAFE] actions_empty reduce_reconcile_set size=1 recent_sec=600 lag_ms=0 actions=0 actions_unreliable=False
2026-01-13 14:13:24 INFO __main__ [RISK_SUMMARY] used_total=5.925000000000001 open_buy_orders_usd=0.0 top_tokens=['0x3f4075c5a186b9800a4721af55277882d139b94b1631d900aa327b6f551ad0f2:1=5.9250']
2026-01-13 14:13:44 DEBUG urllib3.connectionpool Starting new HTTPS connection (1): clob.polymarket.com:443
2026-01-13 14:13:44 DEBUG urllib3.connectionpool https://clob.polymarket.com:443 "GET /data/orders?next_cursor=MA== HTTP/1.1" 200 None
2026-01-13 14:13:44 DEBUG urllib3.connectionpool https://data-api.polymarket.com:443 "GET /trades?user=0xf5d4c1341267162afc3749908631087db95aa077&limit=300&offset=0&takerOnly=False HTTP/1.1" 200 None
2026-01-13 14:13:45 DEBUG urllib3.connectionpool https://data-api.polymarket.com:443 "GET /trades?user=0x2C23aba6C7BC73a032F9bd2A413188f33ff4599f&limit=300&offset=0&takerOnly=False HTTP/1.1" 200 None
2026-01-13 14:13:45 DEBUG urllib3.connectionpool Starting new HTTPS connection (1): data-api.polymarket.com:443
2026-01-13 14:13:45 DEBUG urllib3.connectionpool https://data-api.polymarket.com:443 "GET /positions?user=0xf5d4c1341267162afc3749908631087db95aa077&limit=500&offset=0&sizeThreshold=0.0&_cb=1768313625 HTTP/1.1" 200 None
2026-01-13 14:13:46 DEBUG urllib3.connectionpool https://data-api.polymarket.com:443 "GET /positions?user=0xf5d4c1341267162afc3749908631087db95aa077&limit=500&offset=500&sizeThreshold=0.0&_cb=1768313625 HTTP/1.1" 200 None
2026-01-13 14:13:47 DEBUG urllib3.connectionpool https://data-api.polymarket.com:443 "GET /positions?user=0x2C23aba6C7BC73a032F9bd2A413188f33ff4599f&limit=500&offset=0&sizeThreshold=0.0&sortBy=TOKENS&sortDirection=DESC HTTP/1.1" 200 None
2026-01-13 14:13:47 INFO __main__ [SKIP] closed_positions filtered target=212 my=6
2026-01-13 14:13:47 INFO __main__ [SAFE] actions_empty reduce_reconcile_set size=1 recent_sec=600 lag_ms=0 actions=0 actions_unreliable=False
2026-01-13 14:13:47 INFO __main__ [RISK_SUMMARY] used_total=5.925000000000001 open_buy_orders_usd=0.0 top_tokens=['0x3f4075c5a186b9800a4721af55277882d139b94b1631d900aa327b6f551ad0f2:1=5.9250']
2026-01-13 14:14:07 DEBUG urllib3.connectionpool Starting new HTTPS connection (1): clob.polymarket.com:443
2026-01-13 14:14:07 DEBUG urllib3.connectionpool https://clob.polymarket.com:443 "GET /data/orders?next_cursor=MA== HTTP/1.1" 200 None
2026-01-13 14:14:07 DEBUG urllib3.connectionpool https://data-api.polymarket.com:443 "GET /trades?user=0xf5d4c1341267162afc3749908631087db95aa077&limit=300&offset=0&takerOnly=False HTTP/1.1" 200 None
2026-01-13 14:14:08 DEBUG urllib3.connectionpool https://data-api.polymarket.com:443 "GET /trades?user=0x2C23aba6C7BC73a032F9bd2A413188f33ff4599f&limit=300&offset=0&takerOnly=False HTTP/1.1" 200 None
2026-01-13 14:14:08 DEBUG urllib3.connectionpool Starting new HTTPS connection (1): data-api.polymarket.com:443
2026-01-13 14:14:08 DEBUG urllib3.connectionpool https://data-api.polymarket.com:443 "GET /positions?user=0xf5d4c1341267162afc3749908631087db95aa077&limit=500&offset=0&sizeThreshold=0.0&_cb=1768313648 HTTP/1.1" 200 None
2026-01-13 14:14:09 DEBUG urllib3.connectionpool https://data-api.polymarket.com:443 "GET /positions?user=0xf5d4c1341267162afc3749908631087db95aa077&limit=500&offset=500&sizeThreshold=0.0&_cb=1768313648 HTTP/1.1" 200 None
2026-01-13 14:14:09 DEBUG urllib3.connectionpool https://data-api.polymarket.com:443 "GET /positions?user=0x2C23aba6C7BC73a032F9bd2A413188f33ff4599f&limit=500&offset=0&sizeThreshold=0.0&sortBy=TOKENS&sortDirection=DESC HTTP/1.1" 200 None
2026-01-13 14:14:09 INFO __main__ [SKIP] closed_positions filtered target=212 my=6
2026-01-13 14:14:09 INFO __main__ [SAFE] actions_empty reduce_reconcile_set size=1 recent_sec=600 lag_ms=0 actions=0 actions_unreliable=False
2026-01-13 14:14:09 INFO __main__ [RISK_SUMMARY] used_total=5.925000000000001 open_buy_orders_usd=0.0 top_tokens=['0x3f4075c5a186b9800a4721af55277882d139b94b1631d900aa327b6f551ad0f2:1=5.9250']
2026-01-13 14:14:29 DEBUG urllib3.connectionpool Starting new HTTPS connection (1): clob.polymarket.com:443
2026-01-13 14:14:30 DEBUG urllib3.connectionpool https://clob.polymarket.com:443 "GET /data/orders?next_cursor=MA== HTTP/1.1" 200 None
2026-01-13 14:14:30 DEBUG urllib3.connectionpool https://data-api.polymarket.com:443 "GET /trades?user=0xf5d4c1341267162afc3749908631087db95aa077&limit=300&offset=0&takerOnly=False HTTP/1.1" 200 None
2026-01-13 14:14:31 DEBUG urllib3.connectionpool https://data-api.polymarket.com:443 "GET /trades?user=0x2C23aba6C7BC73a032F9bd2A413188f33ff4599f&limit=300&offset=0&takerOnly=False HTTP/1.1" 200 None
2026-01-13 14:14:31 DEBUG urllib3.connectionpool Starting new HTTPS connection (1): data-api.polymarket.com:443
2026-01-13 14:14:31 DEBUG urllib3.connectionpool https://data-api.polymarket.com:443 "GET /positions?user=0xf5d4c1341267162afc3749908631087db95aa077&limit=500&offset=0&sizeThreshold=0.0&_cb=1768313671 HTTP/1.1" 200 None
2026-01-13 14:14:32 DEBUG urllib3.connectionpool https://data-api.polymarket.com:443 "GET /positions?user=0xf5d4c1341267162afc3749908631087db95aa077&limit=500&offset=500&sizeThreshold=0.0&_cb=1768313671 HTTP/1.1" 200 None
2026-01-13 14:14:32 DEBUG urllib3.connectionpool https://data-api.polymarket.com:443 "GET /positions?user=0x2C23aba6C7BC73a032F9bd2A413188f33ff4599f&limit=500&offset=0&sizeThreshold=0.0&sortBy=TOKENS&sortDirection=DESC HTTP/1.1" 200 None
2026-01-13 14:14:32 INFO __main__ [SKIP] closed_positions filtered target=212 my=6
2026-01-13 14:14:32 INFO __main__ [SAFE] actions_empty reduce_reconcile_set size=1 recent_sec=600 lag_ms=0 actions=0 actions_unreliable=False
2026-01-13 14:14:32 INFO __main__ [RISK_SUMMARY] used_total=5.925000000000001 open_buy_orders_usd=0.0 top_tokens=['0x3f4075c5a186b9800a4721af55277882d139b94b1631d900aa327b6f551ad0f2:1=5.9250']
2026-01-13 14:14:52 DEBUG urllib3.connectionpool Starting new HTTPS connection (1): clob.polymarket.com:443
2026-01-13 14:14:53 DEBUG urllib3.connectionpool https://clob.polymarket.com:443 "GET /data/orders?next_cursor=MA== HTTP/1.1" 200 None
2026-01-13 14:14:53 DEBUG urllib3.connectionpool https://data-api.polymarket.com:443 "GET /trades?user=0xf5d4c1341267162afc3749908631087db95aa077&limit=300&offset=0&takerOnly=False HTTP/1.1" 200 None
2026-01-13 14:14:53 DEBUG urllib3.connectionpool https://data-api.polymarket.com:443 "GET /trades?user=0x2C23aba6C7BC73a032F9bd2A413188f33ff4599f&limit=300&offset=0&takerOnly=False HTTP/1.1" 200 None
2026-01-13 14:14:53 DEBUG urllib3.connectionpool Starting new HTTPS connection (1): data-api.polymarket.com:443
2026-01-13 14:14:54 DEBUG urllib3.connectionpool https://data-api.polymarket.com:443 "GET /positions?user=0xf5d4c1341267162afc3749908631087db95aa077&limit=500&offset=0&sizeThreshold=0.0&_cb=1768313693 HTTP/1.1" 200 None
2026-01-13 14:14:55 DEBUG urllib3.connectionpool https://data-api.polymarket.com:443 "GET /positions?user=0xf5d4c1341267162afc3749908631087db95aa077&limit=500&offset=500&sizeThreshold=0.0&_cb=1768313693 HTTP/1.1" 200 None
2026-01-13 14:14:55 DEBUG urllib3.connectionpool https://data-api.polymarket.com:443 "GET /positions?user=0x2C23aba6C7BC73a032F9bd2A413188f33ff4599f&limit=500&offset=0&sizeThreshold=0.0&sortBy=TOKENS&sortDirection=DESC HTTP/1.1" 200 None
2026-01-13 14:14:55 INFO __main__ [SKIP] closed_positions filtered target=212 my=6
2026-01-13 14:14:55 INFO __main__ [SAFE] actions_empty reduce_reconcile_set size=1 recent_sec=600 lag_ms=0 actions=0 actions_unreliable=False
2026-01-13 14:14:55 INFO __main__ [RISK_SUMMARY] used_total=5.925000000000001 open_buy_orders_usd=0.0 top_tokens=['0x3f4075c5a186b9800a4721af55277882d139b94b1631d900aa327b6f551ad0f2:1=5.9250']
2026-01-13 14:15:15 DEBUG urllib3.connectionpool Starting new HTTPS connection (1): clob.polymarket.com:443
2026-01-13 14:15:15 DEBUG urllib3.connectionpool https://clob.polymarket.com:443 "GET /data/orders?next_cursor=MA== HTTP/1.1" 200 None
2026-01-13 14:15:16 DEBUG urllib3.connectionpool https://data-api.polymarket.com:443 "GET /trades?user=0xf5d4c1341267162afc3749908631087db95aa077&limit=300&offset=0&takerOnly=False HTTP/1.1" 200 None
2026-01-13 14:15:16 DEBUG urllib3.connectionpool https://data-api.polymarket.com:443 "GET /trades?user=0x2C23aba6C7BC73a032F9bd2A413188f33ff4599f&limit=300&offset=0&takerOnly=False HTTP/1.1" 200 None
2026-01-13 14:15:16 DEBUG urllib3.connectionpool Starting new HTTPS connection (1): data-api.polymarket.com:443
2026-01-13 14:15:17 DEBUG urllib3.connectionpool https://data-api.polymarket.com:443 "GET /positions?user=0xf5d4c1341267162afc3749908631087db95aa077&limit=500&offset=0&sizeThreshold=0.0&_cb=1768313716 HTTP/1.1" 200 None
2026-01-13 14:15:18 DEBUG urllib3.connectionpool https://data-api.polymarket.com:443 "GET /positions?user=0xf5d4c1341267162afc3749908631087db95aa077&limit=500&offset=500&sizeThreshold=0.0&_cb=1768313716 HTTP/1.1" 200 None
2026-01-13 14:15:18 DEBUG urllib3.connectionpool https://data-api.polymarket.com:443 "GET /positions?user=0x2C23aba6C7BC73a032F9bd2A413188f33ff4599f&limit=500&offset=0&sizeThreshold=0.0&sortBy=TOKENS&sortDirection=DESC HTTP/1.1" 200 None
2026-01-13 14:15:18 INFO __main__ [SKIP] closed_positions filtered target=212 my=6
2026-01-13 14:15:18 INFO __main__ [SAFE] actions_empty reduce_reconcile_set size=1 recent_sec=600 lag_ms=0 actions=0 actions_unreliable=False
2026-01-13 14:15:18 INFO __main__ [RISK_SUMMARY] used_total=5.925000000000001 open_buy_orders_usd=0.0 top_tokens=['0x3f4075c5a186b9800a4721af55277882d139b94b1631d900aa327b6f551ad0f2:1=5.9250']
2026-01-13 14:15:38 INFO __main__ [CFG] reloaded (interval)
2026-01-13 14:15:38 DEBUG urllib3.connectionpool Starting new HTTPS connection (1): clob.polymarket.com:443
2026-01-13 14:15:38 DEBUG urllib3.connectionpool https://clob.polymarket.com:443 "GET /data/orders?next_cursor=MA== HTTP/1.1" 200 None
2026-01-13 14:15:39 DEBUG urllib3.connectionpool https://data-api.polymarket.com:443 "GET /trades?user=0xf5d4c1341267162afc3749908631087db95aa077&limit=300&offset=0&takerOnly=False HTTP/1.1" 200 None
2026-01-13 14:15:39 DEBUG urllib3.connectionpool https://data-api.polymarket.com:443 "GET /trades?user=0x2C23aba6C7BC73a032F9bd2A413188f33ff4599f&limit=300&offset=0&takerOnly=False HTTP/1.1" 200 None
2026-01-13 14:15:39 DEBUG urllib3.connectionpool Starting new HTTPS connection (1): data-api.polymarket.com:443
2026-01-13 14:15:40 DEBUG urllib3.connectionpool https://data-api.polymarket.com:443 "GET /positions?user=0xf5d4c1341267162afc3749908631087db95aa077&limit=500&offset=0&sizeThreshold=0.0&_cb=1768313739 HTTP/1.1" 200 None
2026-01-13 14:15:40 DEBUG urllib3.connectionpool https://data-api.polymarket.com:443 "GET /positions?user=0xf5d4c1341267162afc3749908631087db95aa077&limit=500&offset=500&sizeThreshold=0.0&_cb=1768313739 HTTP/1.1" 200 None
2026-01-13 14:15:41 DEBUG urllib3.connectionpool https://data-api.polymarket.com:443 "GET /positions?user=0x2C23aba6C7BC73a032F9bd2A413188f33ff4599f&limit=500&offset=0&sizeThreshold=0.0&sortBy=TOKENS&sortDirection=DESC HTTP/1.1" 200 None
2026-01-13 14:15:41 INFO __main__ [SKIP] closed_positions filtered target=212 my=6
2026-01-13 14:15:41 INFO __main__ [POS] target_count=2 my_count=1 target_incomplete=False my_incomplete=False | t_src=http_positions t_cb=1768313739 t_rsec=25 t_mode=sec t_http=200 t_hit=None
2026-01-13 14:15:41 INFO __main__ [POS] target cache_headers_first={'CF-Cache-Status': 'DYNAMIC', 'Date': 'Tue, 13 Jan 2026 14:15:40 GMT', 'Server': 'cloudflare'}
2026-01-13 14:15:41 INFO __main__ [POS] target cache_headers_last={'CF-Cache-Status': 'DYNAMIC', 'Date': 'Tue, 13 Jan 2026 14:15:40 GMT', 'Server': 'cloudflare'}
2026-01-13 14:15:41 INFO __main__ [SAFE] actions_empty reduce_reconcile_set size=1 recent_sec=600 lag_ms=0 actions=0 actions_unreliable=False
2026-01-13 14:15:41 INFO __main__ [RISK_SUMMARY] used_total=5.925000000000001 open_buy_orders_usd=0.0 top_tokens=['0x3f4075c5a186b9800a4721af55277882d139b94b1631d900aa327b6f551ad0f2:1=5.9250']
2026-01-13 14:16:01 DEBUG urllib3.connectionpool Starting new HTTPS connection (1): clob.polymarket.com:443
2026-01-13 14:16:01 DEBUG urllib3.connectionpool https://clob.polymarket.com:443 "GET /data/orders?next_cursor=MA== HTTP/1.1" 200 None
2026-01-13 14:16:01 DEBUG urllib3.connectionpool https://data-api.polymarket.com:443 "GET /trades?user=0xf5d4c1341267162afc3749908631087db95aa077&limit=300&offset=0&takerOnly=False HTTP/1.1" 200 None
2026-01-13 14:16:02 DEBUG urllib3.connectionpool https://data-api.polymarket.com:443 "GET /trades?user=0x2C23aba6C7BC73a032F9bd2A413188f33ff4599f&limit=300&offset=0&takerOnly=False HTTP/1.1" 200 None
2026-01-13 14:16:02 DEBUG urllib3.connectionpool Starting new HTTPS connection (1): data-api.polymarket.com:443
2026-01-13 14:16:02 DEBUG urllib3.connectionpool https://data-api.polymarket.com:443 "GET /positions?user=0xf5d4c1341267162afc3749908631087db95aa077&limit=500&offset=0&sizeThreshold=0.0&_cb=1768313762 HTTP/1.1" 200 None
2026-01-13 14:16:03 DEBUG urllib3.connectionpool https://data-api.polymarket.com:443 "GET /positions?user=0xf5d4c1341267162afc3749908631087db95aa077&limit=500&offset=500&sizeThreshold=0.0&_cb=1768313762 HTTP/1.1" 200 None
2026-01-13 14:16:04 DEBUG urllib3.connectionpool https://data-api.polymarket.com:443 "GET /positions?user=0x2C23aba6C7BC73a032F9bd2A413188f33ff4599f&limit=500&offset=0&sizeThreshold=0.0&sortBy=TOKENS&sortDirection=DESC HTTP/1.1" 200 None
2026-01-13 14:16:04 INFO __main__ [SKIP] closed_positions filtered target=212 my=6
2026-01-13 14:16:04 INFO __main__ [SAFE] actions_empty reduce_reconcile_set size=1 recent_sec=600 lag_ms=0 actions=0 actions_unreliable=False
2026-01-13 14:16:04 INFO __main__ [RISK_SUMMARY] used_total=5.925000000000001 open_buy_orders_usd=0.0 top_tokens=['0x3f4075c5a186b9800a4721af55277882d139b94b1631d900aa327b6f551ad0f2:1=5.9250']
2026-01-13 14:16:24 DEBUG urllib3.connectionpool Starting new HTTPS connection (1): clob.polymarket.com:443
2026-01-13 14:16:24 DEBUG urllib3.connectionpool https://clob.polymarket.com:443 "GET /data/orders?next_cursor=MA== HTTP/1.1" 200 None
2026-01-13 14:16:25 DEBUG urllib3.connectionpool https://data-api.polymarket.com:443 "GET /trades?user=0xf5d4c1341267162afc3749908631087db95aa077&limit=300&offset=0&takerOnly=False HTTP/1.1" 200 None
2026-01-13 14:16:25 DEBUG urllib3.connectionpool https://data-api.polymarket.com:443 "GET /trades?user=0x2C23aba6C7BC73a032F9bd2A413188f33ff4599f&limit=300&offset=0&takerOnly=False HTTP/1.1" 200 None
2026-01-13 14:16:25 DEBUG urllib3.connectionpool Starting new HTTPS connection (1): data-api.polymarket.com:443
2026-01-13 14:16:26 DEBUG urllib3.connectionpool https://data-api.polymarket.com:443 "GET /positions?user=0xf5d4c1341267162afc3749908631087db95aa077&limit=500&offset=0&sizeThreshold=0.0&_cb=1768313785 HTTP/1.1" 200 None
2026-01-13 14:16:27 DEBUG urllib3.connectionpool https://data-api.polymarket.com:443 "GET /positions?user=0xf5d4c1341267162afc3749908631087db95aa077&limit=500&offset=500&sizeThreshold=0.0&_cb=1768313785 HTTP/1.1" 200 None
2026-01-13 14:16:27 DEBUG urllib3.connectionpool https://data-api.polymarket.com:443 "GET /positions?user=0x2C23aba6C7BC73a032F9bd2A413188f33ff4599f&limit=500&offset=0&sizeThreshold=0.0&sortBy=TOKENS&sortDirection=DESC HTTP/1.1" 200 None
2026-01-13 14:16:27 INFO __main__ [SKIP] closed_positions filtered target=212 my=6
2026-01-13 14:16:27 INFO __main__ [SAFE] actions_empty reduce_reconcile_set size=1 recent_sec=600 lag_ms=0 actions=0 actions_unreliable=False
2026-01-13 14:16:27 DEBUG urllib3.connectionpool Starting new HTTPS connection (1): gamma-api.polymarket.com:443
2026-01-13 14:16:28 DEBUG urllib3.connectionpool https://gamma-api.polymarket.com:443 "GET /markets?clob_token_ids=102407532832166646248919459783408395845360348852381658045275937499037294130949&limit=1 HTTP/1.1" 200 None
2026-01-13 14:16:28 INFO __main__ [RISK_SUMMARY] used_total=5.925000000000001 open_buy_orders_usd=0.0 top_tokens=['0x3f4075c5a186b9800a4721af55277882d139b94b1631d900aa327b6f551ad0f2:1=5.9250']
2026-01-13 14:16:48 DEBUG urllib3.connectionpool Starting new HTTPS connection (1): clob.polymarket.com:443
2026-01-13 14:16:48 DEBUG urllib3.connectionpool https://clob.polymarket.com:443 "GET /data/orders?next_cursor=MA== HTTP/1.1" 200 None
2026-01-13 14:16:48 DEBUG urllib3.connectionpool https://data-api.polymarket.com:443 "GET /trades?user=0xf5d4c1341267162afc3749908631087db95aa077&limit=300&offset=0&takerOnly=False HTTP/1.1" 200 None
2026-01-13 14:16:49 DEBUG urllib3.connectionpool https://data-api.polymarket.com:443 "GET /trades?user=0x2C23aba6C7BC73a032F9bd2A413188f33ff4599f&limit=300&offset=0&takerOnly=False HTTP/1.1" 200 None
2026-01-13 14:16:49 DEBUG urllib3.connectionpool Starting new HTTPS connection (1): data-api.polymarket.com:443
2026-01-13 14:16:49 DEBUG urllib3.connectionpool https://data-api.polymarket.com:443 "GET /positions?user=0xf5d4c1341267162afc3749908631087db95aa077&limit=500&offset=0&sizeThreshold=0.0&_cb=1768313809 HTTP/1.1" 200 None
2026-01-13 14:16:50 DEBUG urllib3.connectionpool https://data-api.polymarket.com:443 "GET /positions?user=0xf5d4c1341267162afc3749908631087db95aa077&limit=500&offset=500&sizeThreshold=0.0&_cb=1768313809 HTTP/1.1" 200 None
2026-01-13 14:16:51 DEBUG urllib3.connectionpool https://data-api.polymarket.com:443 "GET /positions?user=0x2C23aba6C7BC73a032F9bd2A413188f33ff4599f&limit=500&offset=0&sizeThreshold=0.0&sortBy=TOKENS&sortDirection=DESC HTTP/1.1" 200 None
2026-01-13 14:16:51 INFO __main__ [SKIP] closed_positions filtered target=212 my=6
2026-01-13 14:16:51 INFO __main__ [SAFE] actions_empty reduce_reconcile_set size=1 recent_sec=600 lag_ms=0 actions=0 actions_unreliable=False
2026-01-13 14:16:51 INFO __main__ [RISK_SUMMARY] used_total=5.925000000000001 open_buy_orders_usd=0.0 top_tokens=['0x3f4075c5a186b9800a4721af55277882d139b94b1631d900aa327b6f551ad0f2:1=5.9250']
2026-01-13 14:17:11 DEBUG urllib3.connectionpool Starting new HTTPS connection (1): clob.polymarket.com:443
2026-01-13 14:17:11 DEBUG urllib3.connectionpool https://clob.polymarket.com:443 "GET /data/orders?next_cursor=MA== HTTP/1.1" 200 None
2026-01-13 14:17:11 DEBUG urllib3.connectionpool https://data-api.polymarket.com:443 "GET /trades?user=0xf5d4c1341267162afc3749908631087db95aa077&limit=300&offset=0&takerOnly=False HTTP/1.1" 200 None
2026-01-13 14:17:12 DEBUG urllib3.connectionpool https://data-api.polymarket.com:443 "GET /trades?user=0x2C23aba6C7BC73a032F9bd2A413188f33ff4599f&limit=300&offset=0&takerOnly=False HTTP/1.1" 200 None
2026-01-13 14:17:12 DEBUG urllib3.connectionpool Starting new HTTPS connection (1): data-api.polymarket.com:443
2026-01-13 14:17:12 DEBUG urllib3.connectionpool https://data-api.polymarket.com:443 "GET /positions?user=0xf5d4c1341267162afc3749908631087db95aa077&limit=500&offset=0&sizeThreshold=0.0&_cb=1768313832 HTTP/1.1" 200 None
2026-01-13 14:17:14 DEBUG urllib3.connectionpool https://data-api.polymarket.com:443 "GET /positions?user=0xf5d4c1341267162afc3749908631087db95aa077&limit=500&offset=500&sizeThreshold=0.0&_cb=1768313832 HTTP/1.1" 200 None
2026-01-13 14:17:14 DEBUG urllib3.connectionpool https://data-api.polymarket.com:443 "GET /positions?user=0x2C23aba6C7BC73a032F9bd2A413188f33ff4599f&limit=500&offset=0&sizeThreshold=0.0&sortBy=TOKENS&sortDirection=DESC HTTP/1.1" 200 None
2026-01-13 14:17:14 INFO __main__ [SKIP] closed_positions filtered target=212 my=6
2026-01-13 14:17:14 INFO __main__ [SAFE] actions_empty reduce_reconcile_set size=1 recent_sec=600 lag_ms=0 actions=0 actions_unreliable=False
2026-01-13 14:17:14 INFO __main__ [RISK_SUMMARY] used_total=5.925000000000001 open_buy_orders_usd=0.0 top_tokens=['0x3f4075c5a186b9800a4721af55277882d139b94b1631d900aa327b6f551ad0f2:1=5.9250']
2026-01-13 14:17:34 DEBUG urllib3.connectionpool Starting new HTTPS connection (1): clob.polymarket.com:443
2026-01-13 14:17:34 DEBUG urllib3.connectionpool https://clob.polymarket.com:443 "GET /data/orders?next_cursor=MA== HTTP/1.1" 200 None
2026-01-13 14:17:35 DEBUG urllib3.connectionpool https://data-api.polymarket.com:443 "GET /trades?user=0xf5d4c1341267162afc3749908631087db95aa077&limit=300&offset=0&takerOnly=False HTTP/1.1" 200 None
2026-01-13 14:17:35 DEBUG urllib3.connectionpool https://data-api.polymarket.com:443 "GET /trades?user=0x2C23aba6C7BC73a032F9bd2A413188f33ff4599f&limit=300&offset=0&takerOnly=False HTTP/1.1" 200 None
2026-01-13 14:17:35 DEBUG urllib3.connectionpool Starting new HTTPS connection (1): data-api.polymarket.com:443
2026-01-13 14:17:36 DEBUG urllib3.connectionpool https://data-api.polymarket.com:443 "GET /positions?user=0xf5d4c1341267162afc3749908631087db95aa077&limit=500&offset=0&sizeThreshold=0.0&_cb=1768313855 HTTP/1.1" 200 None
2026-01-13 14:17:36 DEBUG urllib3.connectionpool https://data-api.polymarket.com:443 "GET /positions?user=0xf5d4c1341267162afc3749908631087db95aa077&limit=500&offset=500&sizeThreshold=0.0&_cb=1768313855 HTTP/1.1" 200 None
2026-01-13 14:17:36 DEBUG urllib3.connectionpool https://data-api.polymarket.com:443 "GET /positions?user=0x2C23aba6C7BC73a032F9bd2A413188f33ff4599f&limit=500&offset=0&sizeThreshold=0.0&sortBy=TOKENS&sortDirection=DESC HTTP/1.1" 200 None
2026-01-13 14:17:36 INFO __main__ [SKIP] closed_positions filtered target=212 my=6
2026-01-13 14:17:36 INFO __main__ [SAFE] actions_empty reduce_reconcile_set size=1 recent_sec=600 lag_ms=0 actions=0 actions_unreliable=False
2026-01-13 14:17:36 INFO __main__ [RISK_SUMMARY] used_total=5.925000000000001 open_buy_orders_usd=0.0 top_tokens=['0x3f4075c5a186b9800a4721af55277882d139b94b1631d900aa327b6f551ad0f2:1=5.9250']
2026-01-13 14:17:56 DEBUG urllib3.connectionpool Starting new HTTPS connection (1): clob.polymarket.com:443
2026-01-13 14:17:57 DEBUG urllib3.connectionpool https://clob.polymarket.com:443 "GET /data/orders?next_cursor=MA== HTTP/1.1" 200 None
2026-01-13 14:17:57 DEBUG urllib3.connectionpool https://data-api.polymarket.com:443 "GET /trades?user=0xf5d4c1341267162afc3749908631087db95aa077&limit=300&offset=0&takerOnly=False HTTP/1.1" 200 None
2026-01-13 14:17:58 DEBUG urllib3.connectionpool https://data-api.polymarket.com:443 "GET /trades?user=0x2C23aba6C7BC73a032F9bd2A413188f33ff4599f&limit=300&offset=0&takerOnly=False HTTP/1.1" 200 None
2026-01-13 14:17:58 DEBUG urllib3.connectionpool Starting new HTTPS connection (1): data-api.polymarket.com:443
2026-01-13 14:17:58 DEBUG urllib3.connectionpool https://data-api.polymarket.com:443 "GET /positions?user=0xf5d4c1341267162afc3749908631087db95aa077&limit=500&offset=0&sizeThreshold=0.0&_cb=1768313878 HTTP/1.1" 200 None
2026-01-13 14:17:59 DEBUG urllib3.connectionpool https://data-api.polymarket.com:443 "GET /positions?user=0xf5d4c1341267162afc3749908631087db95aa077&limit=500&offset=500&sizeThreshold=0.0&_cb=1768313878 HTTP/1.1" 200 None
2026-01-13 14:17:59 DEBUG urllib3.connectionpool https://data-api.polymarket.com:443 "GET /positions?user=0x2C23aba6C7BC73a032F9bd2A413188f33ff4599f&limit=500&offset=0&sizeThreshold=0.0&sortBy=TOKENS&sortDirection=DESC HTTP/1.1" 200 None
2026-01-13 14:17:59 INFO __main__ [SKIP] closed_positions filtered target=212 my=6
2026-01-13 14:17:59 INFO __main__ [SAFE] actions_empty reduce_reconcile_set size=1 recent_sec=600 lag_ms=0 actions=0 actions_unreliable=False
2026-01-13 14:17:59 INFO __main__ [RISK_SUMMARY] used_total=5.925000000000001 open_buy_orders_usd=0.0 top_tokens=['0x3f4075c5a186b9800a4721af55277882d139b94b1631d900aa327b6f551ad0f2:1=5.9250']
2026-01-13 14:18:19 DEBUG urllib3.connectionpool Starting new HTTPS connection (1): clob.polymarket.com:443
2026-01-13 14:18:19 DEBUG urllib3.connectionpool https://clob.polymarket.com:443 "GET /data/orders?next_cursor=MA== HTTP/1.1" 200 None
2026-01-13 14:18:20 DEBUG urllib3.connectionpool https://data-api.polymarket.com:443 "GET /trades?user=0xf5d4c1341267162afc3749908631087db95aa077&limit=300&offset=0&takerOnly=False HTTP/1.1" 200 None
2026-01-13 14:18:20 DEBUG urllib3.connectionpool https://data-api.polymarket.com:443 "GET /trades?user=0x2C23aba6C7BC73a032F9bd2A413188f33ff4599f&limit=300&offset=0&takerOnly=False HTTP/1.1" 200 None
2026-01-13 14:18:20 DEBUG urllib3.connectionpool Starting new HTTPS connection (1): data-api.polymarket.com:443
2026-01-13 14:18:21 DEBUG urllib3.connectionpool https://data-api.polymarket.com:443 "GET /positions?user=0xf5d4c1341267162afc3749908631087db95aa077&limit=500&offset=0&sizeThreshold=0.0&_cb=1768313900 HTTP/1.1" 200 None
2026-01-13 14:18:22 DEBUG urllib3.connectionpool https://data-api.polymarket.com:443 "GET /positions?user=0xf5d4c1341267162afc3749908631087db95aa077&limit=500&offset=500&sizeThreshold=0.0&_cb=1768313900 HTTP/1.1" 200 None
2026-01-13 14:18:22 DEBUG urllib3.connectionpool https://data-api.polymarket.com:443 "GET /positions?user=0x2C23aba6C7BC73a032F9bd2A413188f33ff4599f&limit=500&offset=0&sizeThreshold=0.0&sortBy=TOKENS&sortDirection=DESC HTTP/1.1" 200 None
2026-01-13 14:18:22 INFO __main__ [SKIP] closed_positions filtered target=212 my=6
2026-01-13 14:18:22 INFO __main__ [SAFE] actions_empty reduce_reconcile_set size=1 recent_sec=600 lag_ms=0 actions=0 actions_unreliable=False
2026-01-13 14:18:22 INFO __main__ [RISK_SUMMARY] used_total=5.925000000000001 open_buy_orders_usd=0.0 top_tokens=['0x3f4075c5a186b9800a4721af55277882d139b94b1631d900aa327b6f551ad0f2:1=5.9250']
2026-01-13 14:18:42 DEBUG urllib3.connectionpool Starting new HTTPS connection (1): clob.polymarket.com:443
2026-01-13 14:18:42 DEBUG urllib3.connectionpool https://clob.polymarket.com:443 "GET /data/orders?next_cursor=MA== HTTP/1.1" 200 None
2026-01-13 14:18:42 DEBUG urllib3.connectionpool https://data-api.polymarket.com:443 "GET /trades?user=0xf5d4c1341267162afc3749908631087db95aa077&limit=300&offset=0&takerOnly=False HTTP/1.1" 200 None
2026-01-13 14:18:43 DEBUG urllib3.connectionpool https://data-api.polymarket.com:443 "GET /trades?user=0x2C23aba6C7BC73a032F9bd2A413188f33ff4599f&limit=300&offset=0&takerOnly=False HTTP/1.1" 200 None
2026-01-13 14:18:43 DEBUG urllib3.connectionpool Starting new HTTPS connection (1): data-api.polymarket.com:443
2026-01-13 14:18:44 DEBUG urllib3.connectionpool https://data-api.polymarket.com:443 "GET /positions?user=0xf5d4c1341267162afc3749908631087db95aa077&limit=500&offset=0&sizeThreshold=0.0&_cb=1768313923 HTTP/1.1" 200 None
2026-01-13 14:18:44 DEBUG urllib3.connectionpool https://data-api.polymarket.com:443 "GET /positions?user=0xf5d4c1341267162afc3749908631087db95aa077&limit=500&offset=500&sizeThreshold=0.0&_cb=1768313923 HTTP/1.1" 200 None
2026-01-13 14:18:45 DEBUG urllib3.connectionpool https://data-api.polymarket.com:443 "GET /positions?user=0x2C23aba6C7BC73a032F9bd2A413188f33ff4599f&limit=500&offset=0&sizeThreshold=0.0&sortBy=TOKENS&sortDirection=DESC HTTP/1.1" 200 None
2026-01-13 14:18:45 INFO __main__ [SKIP] closed_positions filtered target=212 my=6
2026-01-13 14:18:45 INFO __main__ [SAFE] actions_empty reduce_reconcile_set size=1 recent_sec=600 lag_ms=0 actions=0 actions_unreliable=False
2026-01-13 14:18:45 INFO __main__ [RISK_SUMMARY] used_total=5.925000000000001 open_buy_orders_usd=0.0 top_tokens=['0x3f4075c5a186b9800a4721af55277882d139b94b1631d900aa327b6f551ad0f2:1=5.9250']
2026-01-13 14:19:05 DEBUG urllib3.connectionpool Starting new HTTPS connection (1): clob.polymarket.com:443
2026-01-13 14:19:05 DEBUG urllib3.connectionpool https://clob.polymarket.com:443 "GET /data/orders?next_cursor=MA== HTTP/1.1" 200 None
2026-01-13 14:19:06 DEBUG urllib3.connectionpool https://data-api.polymarket.com:443 "GET /trades?user=0xf5d4c1341267162afc3749908631087db95aa077&limit=300&offset=0&takerOnly=False HTTP/1.1" 200 None
2026-01-13 14:19:06 DEBUG urllib3.connectionpool https://data-api.polymarket.com:443 "GET /trades?user=0x2C23aba6C7BC73a032F9bd2A413188f33ff4599f&limit=300&offset=0&takerOnly=False HTTP/1.1" 200 None
2026-01-13 14:19:06 DEBUG urllib3.connectionpool Starting new HTTPS connection (1): data-api.polymarket.com:443
2026-01-13 14:19:06 DEBUG urllib3.connectionpool https://data-api.polymarket.com:443 "GET /positions?user=0xf5d4c1341267162afc3749908631087db95aa077&limit=500&offset=0&sizeThreshold=0.0&_cb=1768313946 HTTP/1.1" 200 None
2026-01-13 14:19:07 DEBUG urllib3.connectionpool https://data-api.polymarket.com:443 "GET /positions?user=0xf5d4c1341267162afc3749908631087db95aa077&limit=500&offset=500&sizeThreshold=0.0&_cb=1768313946 HTTP/1.1" 200 None
2026-01-13 14:19:08 DEBUG urllib3.connectionpool https://data-api.polymarket.com:443 "GET /positions?user=0x2C23aba6C7BC73a032F9bd2A413188f33ff4599f&limit=500&offset=0&sizeThreshold=0.0&sortBy=TOKENS&sortDirection=DESC HTTP/1.1" 200 None
2026-01-13 14:19:08 INFO __main__ [SKIP] closed_positions filtered target=212 my=6
2026-01-13 14:19:08 INFO __main__ [SAFE] actions_empty reduce_reconcile_set size=1 recent_sec=600 lag_ms=0 actions=0 actions_unreliable=False
2026-01-13 14:19:08 INFO __main__ [RISK_SUMMARY] used_total=5.925000000000001 open_buy_orders_usd=0.0 top_tokens=['0x3f4075c5a186b9800a4721af55277882d139b94b1631d900aa327b6f551ad0f2:1=5.9250']
2026-01-13 14:19:28 DEBUG urllib3.connectionpool Starting new HTTPS connection (1): clob.polymarket.com:443
2026-01-13 14:19:28 DEBUG urllib3.connectionpool https://clob.polymarket.com:443 "GET /data/orders?next_cursor=MA== HTTP/1.1" 200 None
2026-01-13 14:19:28 DEBUG urllib3.connectionpool https://data-api.polymarket.com:443 "GET /trades?user=0xf5d4c1341267162afc3749908631087db95aa077&limit=300&offset=0&takerOnly=False HTTP/1.1" 200 None
2026-01-13 14:19:29 DEBUG urllib3.connectionpool https://data-api.polymarket.com:443 "GET /trades?user=0x2C23aba6C7BC73a032F9bd2A413188f33ff4599f&limit=300&offset=0&takerOnly=False HTTP/1.1" 200 None
2026-01-13 14:19:29 DEBUG urllib3.connectionpool Starting new HTTPS connection (1): data-api.polymarket.com:443
2026-01-13 14:19:29 DEBUG urllib3.connectionpool https://data-api.polymarket.com:443 "GET /positions?user=0xf5d4c1341267162afc3749908631087db95aa077&limit=500&offset=0&sizeThreshold=0.0&_cb=1768313969 HTTP/1.1" 200 None
2026-01-13 14:19:30 DEBUG urllib3.connectionpool https://data-api.polymarket.com:443 "GET /positions?user=0xf5d4c1341267162afc3749908631087db95aa077&limit=500&offset=500&sizeThreshold=0.0&_cb=1768313969 HTTP/1.1" 200 None
2026-01-13 14:19:31 DEBUG urllib3.connectionpool https://data-api.polymarket.com:443 "GET /positions?user=0x2C23aba6C7BC73a032F9bd2A413188f33ff4599f&limit=500&offset=0&sizeThreshold=0.0&sortBy=TOKENS&sortDirection=DESC HTTP/1.1" 200 None
2026-01-13 14:19:31 INFO __main__ [SKIP] closed_positions filtered target=212 my=6
2026-01-13 14:19:31 INFO __main__ [SAFE] actions_empty reduce_reconcile_set size=1 recent_sec=600 lag_ms=0 actions=0 actions_unreliable=False
2026-01-13 14:19:31 INFO __main__ [RISK_SUMMARY] used_total=5.925000000000001 open_buy_orders_usd=0.0 top_tokens=['0x3f4075c5a186b9800a4721af55277882d139b94b1631d900aa327b6f551ad0f2:1=5.9250']
2026-01-13 14:19:51 DEBUG urllib3.connectionpool Starting new HTTPS connection (1): clob.polymarket.com:443
2026-01-13 14:19:51 DEBUG urllib3.connectionpool https://clob.polymarket.com:443 "GET /data/orders?next_cursor=MA== HTTP/1.1" 200 None
2026-01-13 14:19:51 DEBUG urllib3.connectionpool https://data-api.polymarket.com:443 "GET /trades?user=0xf5d4c1341267162afc3749908631087db95aa077&limit=300&offset=0&takerOnly=False HTTP/1.1" 200 None
2026-01-13 14:19:52 DEBUG urllib3.connectionpool https://data-api.polymarket.com:443 "GET /trades?user=0x2C23aba6C7BC73a032F9bd2A413188f33ff4599f&limit=300&offset=0&takerOnly=False HTTP/1.1" 200 None
2026-01-13 14:19:52 DEBUG urllib3.connectionpool Starting new HTTPS connection (1): data-api.polymarket.com:443
2026-01-13 14:19:52 DEBUG urllib3.connectionpool https://data-api.polymarket.com:443 "GET /positions?user=0xf5d4c1341267162afc3749908631087db95aa077&limit=500&offset=0&sizeThreshold=0.0&_cb=1768313992 HTTP/1.1" 200 None
2026-01-13 14:19:53 DEBUG urllib3.connectionpool https://data-api.polymarket.com:443 "GET /positions?user=0xf5d4c1341267162afc3749908631087db95aa077&limit=500&offset=500&sizeThreshold=0.0&_cb=1768313992 HTTP/1.1" 200 None
2026-01-13 14:19:54 DEBUG urllib3.connectionpool https://data-api.polymarket.com:443 "GET /positions?user=0x2C23aba6C7BC73a032F9bd2A413188f33ff4599f&limit=500&offset=0&sizeThreshold=0.0&sortBy=TOKENS&sortDirection=DESC HTTP/1.1" 200 None
2026-01-13 14:19:54 INFO __main__ [SKIP] closed_positions filtered target=212 my=6
2026-01-13 14:19:54 INFO __main__ [SAFE] actions_empty reduce_reconcile_set size=1 recent_sec=600 lag_ms=0 actions=0 actions_unreliable=False
2026-01-13 14:19:54 INFO __main__ [RISK_SUMMARY] used_total=5.925000000000001 open_buy_orders_usd=0.0 top_tokens=['0x3f4075c5a186b9800a4721af55277882d139b94b1631d900aa327b6f551ad0f2:1=5.9250']
2026-01-13 14:20:14 DEBUG urllib3.connectionpool Starting new HTTPS connection (1): clob.polymarket.com:443
2026-01-13 14:20:14 DEBUG urllib3.connectionpool https://clob.polymarket.com:443 "GET /data/orders?next_cursor=MA== HTTP/1.1" 200 None
2026-01-13 14:20:14 DEBUG urllib3.connectionpool https://data-api.polymarket.com:443 "GET /trades?user=0xf5d4c1341267162afc3749908631087db95aa077&limit=300&offset=0&takerOnly=False HTTP/1.1" 200 None
2026-01-13 14:20:15 DEBUG urllib3.connectionpool https://data-api.polymarket.com:443 "GET /trades?user=0x2C23aba6C7BC73a032F9bd2A413188f33ff4599f&limit=300&offset=0&takerOnly=False HTTP/1.1" 200 None
2026-01-13 14:20:15 DEBUG urllib3.connectionpool Starting new HTTPS connection (1): data-api.polymarket.com:443
2026-01-13 14:20:15 DEBUG urllib3.connectionpool https://data-api.polymarket.com:443 "GET /positions?user=0xf5d4c1341267162afc3749908631087db95aa077&limit=500&offset=0&sizeThreshold=0.0&_cb=1768314015 HTTP/1.1" 200 None
2026-01-13 14:20:16 DEBUG urllib3.connectionpool https://data-api.polymarket.com:443 "GET /positions?user=0xf5d4c1341267162afc3749908631087db95aa077&limit=500&offset=500&sizeThreshold=0.0&_cb=1768314015 HTTP/1.1" 200 None
2026-01-13 14:20:16 DEBUG urllib3.connectionpool https://data-api.polymarket.com:443 "GET /positions?user=0x2C23aba6C7BC73a032F9bd2A413188f33ff4599f&limit=500&offset=0&sizeThreshold=0.0&sortBy=TOKENS&sortDirection=DESC HTTP/1.1" 200 None
2026-01-13 14:20:16 INFO __main__ [SKIP] closed_positions filtered target=212 my=6
2026-01-13 14:20:16 INFO __main__ [SAFE] actions_empty reduce_reconcile_set size=1 recent_sec=600 lag_ms=0 actions=0 actions_unreliable=False
2026-01-13 14:20:16 INFO __main__ [RISK_SUMMARY] used_total=5.925000000000001 open_buy_orders_usd=0.0 top_tokens=['0x3f4075c5a186b9800a4721af55277882d139b94b1631d900aa327b6f551ad0f2:1=5.9250']
2026-01-13 14:20:36 DEBUG urllib3.connectionpool Starting new HTTPS connection (1): clob.polymarket.com:443
2026-01-13 14:20:37 DEBUG urllib3.connectionpool https://clob.polymarket.com:443 "GET /data/orders?next_cursor=MA== HTTP/1.1" 200 None
2026-01-13 14:20:37 DEBUG urllib3.connectionpool https://data-api.polymarket.com:443 "GET /trades?user=0xf5d4c1341267162afc3749908631087db95aa077&limit=300&offset=0&takerOnly=False HTTP/1.1" 200 None
2026-01-13 14:20:37 DEBUG urllib3.connectionpool https://data-api.polymarket.com:443 "GET /trades?user=0x2C23aba6C7BC73a032F9bd2A413188f33ff4599f&limit=300&offset=0&takerOnly=False HTTP/1.1" 200 None
2026-01-13 14:20:37 DEBUG urllib3.connectionpool Starting new HTTPS connection (1): data-api.polymarket.com:443
2026-01-13 14:20:38 DEBUG urllib3.connectionpool https://data-api.polymarket.com:443 "GET /positions?user=0xf5d4c1341267162afc3749908631087db95aa077&limit=500&offset=0&sizeThreshold=0.0&_cb=1768314037 HTTP/1.1" 200 None
2026-01-13 14:20:39 DEBUG urllib3.connectionpool https://data-api.polymarket.com:443 "GET /positions?user=0xf5d4c1341267162afc3749908631087db95aa077&limit=500&offset=500&sizeThreshold=0.0&_cb=1768314037 HTTP/1.1" 200 None
2026-01-13 14:20:39 DEBUG urllib3.connectionpool https://data-api.polymarket.com:443 "GET /positions?user=0x2C23aba6C7BC73a032F9bd2A413188f33ff4599f&limit=500&offset=0&sizeThreshold=0.0&sortBy=TOKENS&sortDirection=DESC HTTP/1.1" 200 None
2026-01-13 14:20:39 INFO __main__ [SKIP] closed_positions filtered target=212 my=6
2026-01-13 14:20:39 INFO __main__ [SAFE] actions_empty reduce_reconcile_set size=1 recent_sec=600 lag_ms=0 actions=0 actions_unreliable=False
2026-01-13 14:20:39 INFO __main__ [RISK_SUMMARY] used_total=5.925000000000001 open_buy_orders_usd=0.0 top_tokens=['0x3f4075c5a186b9800a4721af55277882d139b94b1631d900aa327b6f551ad0f2:1=5.9250']
2026-01-13 14:20:59 DEBUG urllib3.connectionpool Starting new HTTPS connection (1): clob.polymarket.com:443
2026-01-13 14:21:00 DEBUG urllib3.connectionpool https://clob.polymarket.com:443 "GET /data/orders?next_cursor=MA== HTTP/1.1" 200 None
2026-01-13 14:21:00 DEBUG urllib3.connectionpool https://data-api.polymarket.com:443 "GET /trades?user=0xf5d4c1341267162afc3749908631087db95aa077&limit=300&offset=0&takerOnly=False HTTP/1.1" 200 None
2026-01-13 14:21:00 DEBUG urllib3.connectionpool https://data-api.polymarket.com:443 "GET /trades?user=0x2C23aba6C7BC73a032F9bd2A413188f33ff4599f&limit=300&offset=0&takerOnly=False HTTP/1.1" 200 None
2026-01-13 14:21:00 DEBUG urllib3.connectionpool Starting new HTTPS connection (1): data-api.polymarket.com:443
2026-01-13 14:21:01 DEBUG urllib3.connectionpool https://data-api.polymarket.com:443 "GET /positions?user=0xf5d4c1341267162afc3749908631087db95aa077&limit=500&offset=0&sizeThreshold=0.0&_cb=1768314060 HTTP/1.1" 200 None
2026-01-13 14:21:01 DEBUG urllib3.connectionpool https://data-api.polymarket.com:443 "GET /positions?user=0xf5d4c1341267162afc3749908631087db95aa077&limit=500&offset=500&sizeThreshold=0.0&_cb=1768314060 HTTP/1.1" 200 None
2026-01-13 14:21:02 DEBUG urllib3.connectionpool https://data-api.polymarket.com:443 "GET /positions?user=0x2C23aba6C7BC73a032F9bd2A413188f33ff4599f&limit=500&offset=0&sizeThreshold=0.0&sortBy=TOKENS&sortDirection=DESC HTTP/1.1" 200 None
2026-01-13 14:21:02 INFO __main__ [SKIP] closed_positions filtered target=212 my=6
2026-01-13 14:21:02 INFO __main__ [SAFE] actions_empty reduce_reconcile_set size=1 recent_sec=600 lag_ms=0 actions=0 actions_unreliable=False
2026-01-13 14:21:02 INFO __main__ [RISK_SUMMARY] used_total=5.925000000000001 open_buy_orders_usd=0.0 top_tokens=['0x3f4075c5a186b9800a4721af55277882d139b94b1631d900aa327b6f551ad0f2:1=5.9250']
2026-01-13 14:21:22 DEBUG urllib3.connectionpool Starting new HTTPS connection (1): clob.polymarket.com:443
2026-01-13 14:21:22 DEBUG urllib3.connectionpool https://clob.polymarket.com:443 "GET /data/orders?next_cursor=MA== HTTP/1.1" 200 None
2026-01-13 14:21:22 DEBUG urllib3.connectionpool https://data-api.polymarket.com:443 "GET /trades?user=0xf5d4c1341267162afc3749908631087db95aa077&limit=300&offset=0&takerOnly=False HTTP/1.1" 200 None
2026-01-13 14:21:23 DEBUG urllib3.connectionpool https://data-api.polymarket.com:443 "GET /trades?user=0x2C23aba6C7BC73a032F9bd2A413188f33ff4599f&limit=300&offset=0&takerOnly=False HTTP/1.1" 200 None
2026-01-13 14:21:23 DEBUG urllib3.connectionpool Starting new HTTPS connection (1): data-api.polymarket.com:443
2026-01-13 14:21:23 DEBUG urllib3.connectionpool https://data-api.polymarket.com:443 "GET /positions?user=0xf5d4c1341267162afc3749908631087db95aa077&limit=500&offset=0&sizeThreshold=0.0&_cb=1768314083 HTTP/1.1" 200 None
2026-01-13 14:21:24 DEBUG urllib3.connectionpool https://data-api.polymarket.com:443 "GET /positions?user=0xf5d4c1341267162afc3749908631087db95aa077&limit=500&offset=500&sizeThreshold=0.0&_cb=1768314083 HTTP/1.1" 200 None
2026-01-13 14:21:25 DEBUG urllib3.connectionpool https://data-api.polymarket.com:443 "GET /positions?user=0x2C23aba6C7BC73a032F9bd2A413188f33ff4599f&limit=500&offset=0&sizeThreshold=0.0&sortBy=TOKENS&sortDirection=DESC HTTP/1.1" 200 None
2026-01-13 14:21:25 INFO __main__ [SKIP] closed_positions filtered target=212 my=6
2026-01-13 14:21:25 INFO __main__ [SAFE] actions_empty reduce_reconcile_set size=1 recent_sec=600 lag_ms=0 actions=0 actions_unreliable=False
2026-01-13 14:21:25 INFO __main__ [RISK_SUMMARY] used_total=5.925000000000001 open_buy_orders_usd=0.0 top_tokens=['0x3f4075c5a186b9800a4721af55277882d139b94b1631d900aa327b6f551ad0f2:1=5.9250']
2026-01-13 14:21:45 DEBUG urllib3.connectionpool Starting new HTTPS connection (1): clob.polymarket.com:443
2026-01-13 14:21:45 DEBUG urllib3.connectionpool https://clob.polymarket.com:443 "GET /data/orders?next_cursor=MA== HTTP/1.1" 200 None
2026-01-13 14:21:45 DEBUG urllib3.connectionpool https://data-api.polymarket.com:443 "GET /trades?user=0xf5d4c1341267162afc3749908631087db95aa077&limit=300&offset=0&takerOnly=False HTTP/1.1" 200 None
2026-01-13 14:21:46 DEBUG urllib3.connectionpool https://data-api.polymarket.com:443 "GET /trades?user=0x2C23aba6C7BC73a032F9bd2A413188f33ff4599f&limit=300&offset=0&takerOnly=False HTTP/1.1" 200 None
2026-01-13 14:21:46 DEBUG urllib3.connectionpool Starting new HTTPS connection (1): data-api.polymarket.com:443
2026-01-13 14:21:46 DEBUG urllib3.connectionpool https://data-api.polymarket.com:443 "GET /positions?user=0xf5d4c1341267162afc3749908631087db95aa077&limit=500&offset=0&sizeThreshold=0.0&_cb=1768314106 HTTP/1.1" 200 None
2026-01-13 14:21:47 DEBUG urllib3.connectionpool https://data-api.polymarket.com:443 "GET /positions?user=0xf5d4c1341267162afc3749908631087db95aa077&limit=500&offset=500&sizeThreshold=0.0&_cb=1768314106 HTTP/1.1" 200 None
2026-01-13 14:21:48 DEBUG urllib3.connectionpool https://data-api.polymarket.com:443 "GET /positions?user=0x2C23aba6C7BC73a032F9bd2A413188f33ff4599f&limit=500&offset=0&sizeThreshold=0.0&sortBy=TOKENS&sortDirection=DESC HTTP/1.1" 200 None
2026-01-13 14:21:48 INFO __main__ [SKIP] closed_positions filtered target=212 my=6
2026-01-13 14:21:48 INFO __main__ [SAFE] actions_empty reduce_reconcile_set size=1 recent_sec=600 lag_ms=0 actions=0 actions_unreliable=False
2026-01-13 14:21:48 DEBUG urllib3.connectionpool Starting new HTTPS connection (1): gamma-api.polymarket.com:443
2026-01-13 14:21:48 DEBUG urllib3.connectionpool https://gamma-api.polymarket.com:443 "GET /markets?clob_token_ids=102407532832166646248919459783408395845360348852381658045275937499037294130949&limit=1 HTTP/1.1" 200 None
2026-01-13 14:21:48 INFO __main__ [RISK_SUMMARY] used_total=5.925000000000001 open_buy_orders_usd=0.0 top_tokens=['0x3f4075c5a186b9800a4721af55277882d139b94b1631d900aa327b6f551ad0f2:1=5.9250']
2026-01-13 14:22:08 DEBUG urllib3.connectionpool Starting new HTTPS connection (1): clob.polymarket.com:443
2026-01-13 14:22:08 DEBUG urllib3.connectionpool https://clob.polymarket.com:443 "GET /data/orders?next_cursor=MA== HTTP/1.1" 200 None
2026-01-13 14:22:09 DEBUG urllib3.connectionpool https://data-api.polymarket.com:443 "GET /trades?user=0xf5d4c1341267162afc3749908631087db95aa077&limit=300&offset=0&takerOnly=False HTTP/1.1" 200 None
2026-01-13 14:22:09 DEBUG urllib3.connectionpool https://data-api.polymarket.com:443 "GET /trades?user=0x2C23aba6C7BC73a032F9bd2A413188f33ff4599f&limit=300&offset=0&takerOnly=False HTTP/1.1" 200 None
2026-01-13 14:22:09 DEBUG urllib3.connectionpool Starting new HTTPS connection (1): data-api.polymarket.com:443
2026-01-13 14:22:10 DEBUG urllib3.connectionpool https://data-api.polymarket.com:443 "GET /positions?user=0xf5d4c1341267162afc3749908631087db95aa077&limit=500&offset=0&sizeThreshold=0.0&_cb=1768314129 HTTP/1.1" 200 None
2026-01-13 14:22:10 DEBUG urllib3.connectionpool https://data-api.polymarket.com:443 "GET /positions?user=0xf5d4c1341267162afc3749908631087db95aa077&limit=500&offset=500&sizeThreshold=0.0&_cb=1768314129 HTTP/1.1" 200 None
2026-01-13 14:22:11 DEBUG urllib3.connectionpool https://data-api.polymarket.com:443 "GET /positions?user=0x2C23aba6C7BC73a032F9bd2A413188f33ff4599f&limit=500&offset=0&sizeThreshold=0.0&sortBy=TOKENS&sortDirection=DESC HTTP/1.1" 200 None
2026-01-13 14:22:11 INFO __main__ [SKIP] closed_positions filtered target=212 my=6
2026-01-13 14:22:11 INFO __main__ [SAFE] actions_empty reduce_reconcile_set size=1 recent_sec=600 lag_ms=0 actions=0 actions_unreliable=False
2026-01-13 14:22:11 INFO __main__ [RISK_SUMMARY] used_total=5.925000000000001 open_buy_orders_usd=0.0 top_tokens=['0x3f4075c5a186b9800a4721af55277882d139b94b1631d900aa327b6f551ad0f2:1=5.9250']
2026-01-13 14:22:31 DEBUG urllib3.connectionpool Starting new HTTPS connection (1): clob.polymarket.com:443
2026-01-13 14:22:31 DEBUG urllib3.connectionpool https://clob.polymarket.com:443 "GET /data/orders?next_cursor=MA== HTTP/1.1" 200 None
2026-01-13 14:22:32 DEBUG urllib3.connectionpool https://data-api.polymarket.com:443 "GET /trades?user=0xf5d4c1341267162afc3749908631087db95aa077&limit=300&offset=0&takerOnly=False HTTP/1.1" 200 None
2026-01-13 14:22:32 DEBUG urllib3.connectionpool https://data-api.polymarket.com:443 "GET /trades?user=0x2C23aba6C7BC73a032F9bd2A413188f33ff4599f&limit=300&offset=0&takerOnly=False HTTP/1.1" 200 None
2026-01-13 14:22:32 DEBUG urllib3.connectionpool Starting new HTTPS connection (1): data-api.polymarket.com:443
2026-01-13 14:22:32 DEBUG urllib3.connectionpool https://data-api.polymarket.com:443 "GET /positions?user=0xf5d4c1341267162afc3749908631087db95aa077&limit=500&offset=0&sizeThreshold=0.0&_cb=1768314152 HTTP/1.1" 200 None
2026-01-13 14:22:33 DEBUG urllib3.connectionpool https://data-api.polymarket.com:443 "GET /positions?user=0xf5d4c1341267162afc3749908631087db95aa077&limit=500&offset=500&sizeThreshold=0.0&_cb=1768314152 HTTP/1.1" 200 None
2026-01-13 14:22:34 DEBUG urllib3.connectionpool https://data-api.polymarket.com:443 "GET /positions?user=0x2C23aba6C7BC73a032F9bd2A413188f33ff4599f&limit=500&offset=0&sizeThreshold=0.0&sortBy=TOKENS&sortDirection=DESC HTTP/1.1" 200 None
2026-01-13 14:22:34 INFO __main__ [SKIP] closed_positions filtered target=212 my=6
2026-01-13 14:22:34 INFO __main__ [SAFE] actions_empty reduce_reconcile_set size=1 recent_sec=600 lag_ms=0 actions=0 actions_unreliable=False
2026-01-13 14:22:34 INFO __main__ [RISK_SUMMARY] used_total=5.925000000000001 open_buy_orders_usd=0.0 top_tokens=['0x3f4075c5a186b9800a4721af55277882d139b94b1631d900aa327b6f551ad0f2:1=5.9250']
2026-01-13 14:22:54 DEBUG urllib3.connectionpool Starting new HTTPS connection (1): clob.polymarket.com:443
2026-01-13 14:22:54 DEBUG urllib3.connectionpool https://clob.polymarket.com:443 "GET /data/orders?next_cursor=MA== HTTP/1.1" 200 None
2026-01-13 14:22:54 DEBUG urllib3.connectionpool https://data-api.polymarket.com:443 "GET /trades?user=0xf5d4c1341267162afc3749908631087db95aa077&limit=300&offset=0&takerOnly=False HTTP/1.1" 200 None
