2026-01-18 09:20:44 INFO __main__ 日志初始化完成: /home/trader/polymarket_api/POLY_SMARTMONEY/copytrade_v2/logs/copytrade_0xf5d4..a077_20260118_092044_pid732061.log
2026-01-18 09:20:44 INFO __main__ [STATE] per-target state: /home/trader/polymarket_api/POLY_SMARTMONEY/copytrade_v2/state.json -> /home/trader/polymarket_api/POLY_SMARTMONEY/copytrade_v2/state_f5d4_a077.json
2026-01-18 09:20:44 INFO __main__ [STATE] path=/home/trader/polymarket_api/POLY_SMARTMONEY/copytrade_v2/state_f5d4_a077.json run_start_ms=1768728044996
2026-01-18 09:20:44 INFO __main__ [CFG] target=0xf5d4c1341267162afc3749908631087db95aa077 my=0x2C23aba6C7BC73a032F9bd2A413188f33ff4599f ratio=0.05
2026-01-18 09:20:45 DEBUG rlp.codec Consider installing rusty-rlp to improve pyrlp performance with a rust basedbackend. Not currently functional for Python 3.11
2026-01-18 09:20:45 DEBUG urllib3.connectionpool Starting new HTTPS connection (1): clob.polymarket.com:443
2026-01-18 09:20:45 DEBUG urllib3.connectionpool https://clob.polymarket.com:443 "GET /auth/derive-api-key HTTP/1.1" 200 None
2026-01-18 09:20:45 DEBUG urllib3.connectionpool Starting new HTTPS connection (1): clob.polymarket.com:443
2026-01-18 09:20:46 DEBUG urllib3.connectionpool https://clob.polymarket.com:443 "GET /data/orders?next_cursor=MA== HTTP/1.1" 200 None
2026-01-18 09:20:46 DEBUG urllib3.connectionpool Starting new HTTPS connection (1): data-api.polymarket.com:443
2026-01-18 09:20:46 DEBUG urllib3.connectionpool https://data-api.polymarket.com:443 "GET /trades?user=0xf5d4c1341267162afc3749908631087db95aa077&limit=300&offset=0&takerOnly=False HTTP/1.1" 200 None
2026-01-18 09:20:46 DEBUG urllib3.connectionpool https://data-api.polymarket.com:443 "GET /trades?user=0x2C23aba6C7BC73a032F9bd2A413188f33ff4599f&limit=300&offset=0&takerOnly=False HTTP/1.1" 200 None
2026-01-18 09:20:47 DEBUG urllib3.connectionpool Starting new HTTPS connection (1): data-api.polymarket.com:443
2026-01-18 09:20:47 DEBUG urllib3.connectionpool https://data-api.polymarket.com:443 "GET /positions?user=0xf5d4c1341267162afc3749908631087db95aa077&limit=500&offset=0&sizeThreshold=0.0&_cb=1768728047 HTTP/1.1" 200 None
2026-01-18 09:20:47 DEBUG urllib3.connectionpool https://data-api.polymarket.com:443 "GET /positions?user=0xf5d4c1341267162afc3749908631087db95aa077&limit=500&offset=500&sizeThreshold=0.0&_cb=1768728047 HTTP/1.1" 200 None
2026-01-18 09:20:48 DEBUG urllib3.connectionpool https://data-api.polymarket.com:443 "GET /positions?user=0x2C23aba6C7BC73a032F9bd2A413188f33ff4599f&limit=500&offset=0&sizeThreshold=0.0&sortBy=TOKENS&sortDirection=DESC HTTP/1.1" 200 None
2026-01-18 09:20:48 DEBUG __main__ [SKIP_DEBUG] closed_by_end_date token_key=0x8fcc65466e4600cd4a40488ff7478681bb3ac4f8aef2c277a239c39509a199dc:1 token_id=None slug=mlb-nyy-hou-2025-09-04 end_date=2025-09-11 end_ts=1757548800 now_ts=1768728045
2026-01-18 09:20:48 DEBUG __main__ [SKIP_DEBUG] closed_by_end_date token_key=0xb60bb6b6b0a4194c7581b6a24b7b35eee8c19a1ca8d2f941c13cb2d576bf64bc:1 token_id=None slug=mlb-tor-cin-2025-09-03 end_date=2025-09-10 end_ts=1757462400 now_ts=1768728045
2026-01-18 09:20:48 DEBUG __main__ [SKIP_DEBUG] closed_by_end_date token_key=0xe58167e3d5996739b3106060a379b9117ac373339dad6779c71cd2f6875e7f89:1 token_id=None slug=mlb-sf-col-2025-09-02 end_date=2025-09-10 end_ts=1757462400 now_ts=1768728045
2026-01-18 09:20:48 DEBUG __main__ [SKIP_DEBUG] closed_by_end_date token_key=0xcafc610a67bccef8eafb008dfb55bbc8951b80895ae24358f13ed094e529c83f:1 token_id=None slug=mlb-sf-col-2025-09-01 end_date=2025-09-08 end_ts=1757289600 now_ts=1768728045
2026-01-18 09:20:48 DEBUG __main__ [SKIP_DEBUG] closed_by_end_date token_key=0xc55f7d8a77d11eb5abf8ce9e2a3b1371588376993b3edb611ac185fe198d9529:1 token_id=None slug=mlb-tor-mia-2025-08-22 end_date=2025-08-29 end_ts=1756425600 now_ts=1768728045
2026-01-18 09:20:48 DEBUG __main__ [SKIP_DEBUG] closed_by_end_date token_key=0xa4a5e0a0b70d10666f369c23557dc2545405d27b80743768b8f2de3320585957:1 token_id=None slug=mlb-phi-mia-2025-09-06 end_date=2025-09-13 end_ts=1757721600 now_ts=1768728045
2026-01-18 09:20:48 DEBUG __main__ [SKIP_DEBUG] closed_by_end_date token_key=0x1b014b394db307dd44a10ce4e86b8289c2eaba94e18b6012be887849d56a4161:1 token_id=None slug=mlb-sd-col-2025-09-06 end_date=2025-09-14 end_ts=1757808000 now_ts=1768728045
2026-01-18 09:20:48 DEBUG __main__ [SKIP_DEBUG] closed_by_end_date token_key=0x822164c2ce449913eb8e9021e209757ee8a1042e93953853708b0f50452c04ca:1 token_id=None slug=nba-okc-hou-2026-01-15 end_date=2026-01-16 end_ts=1768521600 now_ts=1768728045
2026-01-18 09:20:48 DEBUG __main__ [SKIP_DEBUG] closed_by_end_date token_key=0xe4aba6582d03b5d01ca63775b477ed2f82a45c5296a2a2e549c24abd5b59d903:1 token_id=None slug=nba-lal-nop-2026-01-06 end_date=2026-01-07 end_ts=1767744000 now_ts=1768728045
2026-01-18 09:20:48 DEBUG __main__ [SKIP_DEBUG] closed_by_end_date token_key=0xb4d3ad42615b0051af94558c42f07eed577a018e60136f6e2e38bf28a84ae678:1 token_id=None slug=nba-cle-ind-2026-01-06 end_date=2026-01-07 end_ts=1767744000 now_ts=1768728045
2026-01-18 09:20:48 DEBUG __main__ [SKIP_DEBUG] closed_by_end_date token_key=0x86d45d601e1cdf29a74a5b1375c2b090343680376282cb12f8feff19d1f57780:1 token_id=None slug=mlb-sd-col-2025-09-07 end_date=2025-09-14 end_ts=1757808000 now_ts=1768728045
2026-01-18 09:20:48 DEBUG __main__ [SKIP_DEBUG] closed_by_end_date token_key=0x1be0b385d8ed7398f68d32cc2ed34aad5bfd66de0d36c47f0b8e74936b922c3c:1 token_id=None slug=mlb-lad-bal-2025-09-07 end_date=2025-09-14 end_ts=1757808000 now_ts=1768728045
2026-01-18 09:20:48 DEBUG __main__ [SKIP_DEBUG] closed_by_end_date token_key=0x9fd32de54884f45fe9931e2d2bff17dacb3f2991736ce8b5d0bd39777391bf72:1 token_id=None slug=mlb-mil-pit-2025-09-07 end_date=2025-09-14 end_ts=1757808000 now_ts=1768728045
2026-01-18 09:20:48 DEBUG __main__ [SKIP_DEBUG] closed_by_end_date token_key=0x4bd9e42625ab82370cbfecf2f92005710f88032aa4e5efbe02a347a888f695ad:1 token_id=None slug=mlb-oak-wsh-2025-08-07 end_date=2025-08-14 end_ts=1755129600 now_ts=1768728045
2026-01-18 09:20:48 DEBUG __main__ [SKIP_DEBUG] closed_by_end_date token_key=0x57e119f9863593977844b3d36d2cf7b750070e55eadb0e3b20a771256a784cc0:1 token_id=None slug=nba-min-was-2026-01-04 end_date=2026-01-04 end_ts=1767484800 now_ts=1768728045
2026-01-18 09:20:48 DEBUG __main__ [SKIP_DEBUG] closed_by_end_date token_key=0x5c73b7f1f668f5d067716ab556a0dd7f80d769069452c9ceede79f807e3b047c:1 token_id=None slug=mlb-nyy-stl-2025-08-15 end_date=2025-08-23 end_ts=1755907200 now_ts=1768728045
2026-01-18 09:20:48 DEBUG __main__ [SKIP_DEBUG] closed_by_end_date token_key=0xd406872bbbd5bf44db0591e85c79051e12eb9c09b99536c3d5fa1dc5bcf95f8a:1 token_id=None slug=mlb-det-min-2025-08-15 end_date=2025-08-23 end_ts=1755907200 now_ts=1768728045
2026-01-18 09:20:48 DEBUG __main__ [SKIP_DEBUG] closed_by_end_date token_key=0xc1e64c54cc51e1040763e1f2ea8ecbaa27493b6b0ad9ce9540ba180f992b3051:1 token_id=None slug=nba-mil-sac-2026-01-04 end_date=2026-01-05 end_ts=1767571200 now_ts=1768728045
2026-01-18 09:20:48 DEBUG __main__ [SKIP_DEBUG] closed_by_end_date token_key=0x22c3d7489e76b975abb9a1a157aabafe04c719d304cdae9ce3e65bb363b4a4c3:1 token_id=None slug=mlb-phi-wsh-2025-08-15 end_date=2025-08-22 end_ts=1755820800 now_ts=1768728045
2026-01-18 09:20:48 DEBUG __main__ [SKIP_DEBUG] closed_by_end_date token_key=0xefeb64430eaac55db65afc864f564c41527803fe662157783513be89a2e718d1:1 token_id=None slug=mlb-nym-wsh-2025-08-19 end_date=2025-08-26 end_ts=1756166400 now_ts=1768728045
2026-01-18 09:20:48 DEBUG __main__ [SKIP_DEBUG] closed_by_end_date token_key=0xacb19f4b63e3a7a23fc0bc04b0d697b1c9aa7c2055ed70bc77321ed41df490be:1 token_id=None slug=mlb-tor-pit-2025-08-19 end_date=2025-08-26 end_ts=1756166400 now_ts=1768728045
2026-01-18 09:20:48 DEBUG __main__ [SKIP_DEBUG] closed_by_end_date token_key=0xff6e17482176dcf3624e7de8e6c01e8f2b343445e8df752b507f10ce44fb3b7a:1 token_id=None slug=mlb-mil-pit-2025-09-05 end_date=2025-09-12 end_ts=1757635200 now_ts=1768728045
2026-01-18 09:20:48 DEBUG __main__ [SKIP_DEBUG] closed_by_end_date token_key=0xc19efbd69a43a68a28609c4eb9b056a34eba3053847d28146df65eb2c604d2a5:1 token_id=None slug=mlb-nyy-bos-2025-09-13 end_date=2025-09-20 end_ts=1758326400 now_ts=1768728045
2026-01-18 09:20:48 DEBUG __main__ [SKIP_DEBUG] closed_by_end_date token_key=0x716e7fbb2a6a08f70dbb4e57e5db707487b28bece74625aaef483d92c64f764b:1 token_id=None slug=mlb-hou-atl-2025-09-13 end_date=2025-09-20 end_ts=1758326400 now_ts=1768728045
2026-01-18 09:20:48 DEBUG __main__ [SKIP_DEBUG] closed_by_end_date token_key=0x76ff29c71102b663433e2d32310499fde6a90da16adba0e9dde66c2d489f3724:1 token_id=None slug=mlb-tor-mia-2025-08-23 end_date=2025-08-30 end_ts=1756512000 now_ts=1768728045
2026-01-18 09:20:48 DEBUG __main__ [SKIP_DEBUG] closed_by_end_date token_key=0xf6eb1544a37996f5274b614abfbdb07befb8e80b35baf16b6ce6eeae49dc18c8:1 token_id=None slug=nhl-edm-chi-2026-01-12 end_date=2026-01-13 end_ts=1768262400 now_ts=1768728045
2026-01-18 09:20:48 DEBUG __main__ [SKIP_DEBUG] closed_by_end_date token_key=0x3607142aa6f53613bb1391725ef723e2f89a60e0b7d2e867bc674708d61846de:1 token_id=None slug=nba-phi-tor-2026-01-12 end_date=2026-01-13 end_ts=1768262400 now_ts=1768728045
2026-01-18 09:20:48 DEBUG __main__ [SKIP_DEBUG] closed_by_end_date token_key=0xcb6b9bf53366d3e4e689ed46207b33096c7cdbdb0be0f29495be7b01f31df128:1 token_id=None slug=nhl-tb-phi-2026-01-12 end_date=2026-01-13 end_ts=1768262400 now_ts=1768728045
2026-01-18 09:20:48 DEBUG __main__ [SKIP_DEBUG] closed_by_end_date token_key=0x4df5dcf303454c2087067fc4b27201a741707fb8dd768e6d96c24c7eb7adea63:1 token_id=None slug=nba-phx-mem-2026-01-07 end_date=2026-01-08 end_ts=1767830400 now_ts=1768728045
2026-01-18 09:20:48 DEBUG __main__ [SKIP_DEBUG] closed_by_end_date token_key=0xb2578e821f34738770c5a285e3865806a6183cdb3f657143dfe6b16f341df59c:1 token_id=None slug=nba-orl-bkn-2026-01-07 end_date=2026-01-08 end_ts=1767830400 now_ts=1768728045
2026-01-18 09:20:48 DEBUG __main__ [SKIP_DEBUG] closed_by_end_date token_key=0xc9e4e57b23cb94403ccda8b2bb01dd7a4f75d77005b5b672a007e258ed24b6d8:1 token_id=None slug=nba-tor-cha-2026-01-07 end_date=2026-01-08 end_ts=1767830400 now_ts=1768728045
2026-01-18 09:20:48 DEBUG __main__ [SKIP_DEBUG] closed_by_end_date token_key=0x764789e39522ddbb7207b6388703226b69fb5928326756c4d6f64de907193dbe:1 token_id=None slug=nba-orl-mem-2026-01-18 end_date=2026-01-18 end_ts=1768694400 now_ts=1768728045
2026-01-18 09:20:48 DEBUG __main__ [SKIP_DEBUG] closed_by_end_date token_key=0xadca52c2d196f1cd7255e45e80aace8a49debdc04a3d2fd102e03d2542d5e7b0:1 token_id=None slug=nba-bos-atl-2026-01-17 end_date=2026-01-18 end_ts=1768694400 now_ts=1768728045
2026-01-18 09:20:48 DEBUG __main__ [SKIP_DEBUG] closed_by_end_date token_key=0xfce81c7c745b1d8c98cacdae729ecb901502075205d0e1ff9c1787f7d0f7df14:1 token_id=None slug=nhl-edm-van-2026-01-17 end_date=2026-01-18 end_ts=1768694400 now_ts=1768728045
2026-01-18 09:20:48 DEBUG __main__ [SKIP_DEBUG] closed_by_end_date token_key=0xd06c027ec00d7dd6114fa5e5e963065e9c2ace7eda79fade99e9dd29a3d6796d:1 token_id=None slug=nba-nyk-por-2026-01-11 end_date=2026-01-11 end_ts=1768089600 now_ts=1768728045
2026-01-18 09:20:48 DEBUG __main__ [SKIP_DEBUG] closed_by_end_date token_key=0x94639034c1b5aec417c77ee186130e180f0fd5a38ef29953802568731f31c7b7:1 token_id=None slug=mlb-tb-wsh-2025-08-30 end_date=2025-09-06 end_ts=1757116800 now_ts=1768728045
2026-01-18 09:20:48 DEBUG __main__ [SKIP_DEBUG] closed_by_end_date token_key=0xafbf2b33071adb196f92955c47ff91ddcef30c2cef3bc56e56c3dd9ff1f8f5d4:1 token_id=None slug=mlb-tex-oak-2025-08-30 end_date=2025-09-07 end_ts=1757203200 now_ts=1768728045
2026-01-18 09:20:48 DEBUG __main__ [SKIP_DEBUG] closed_by_end_date token_key=0xf077088b79929e2eeb97871e8d71d71c04f5aef773c9ee54ec489ddc1028817e:1 token_id=None slug=mlb-nyy-cws-2025-08-30 end_date=2025-09-06 end_ts=1757116800 now_ts=1768728045
2026-01-18 09:20:48 DEBUG __main__ [SKIP_DEBUG] closed_by_end_date token_key=0x6903462e4c8bc3f982e53bfb88f321a73c99e046175d24cbf8ccd985f2f6073a:1 token_id=None slug=mlb-chc-col-2025-08-30 end_date=2025-09-07 end_ts=1757203200 now_ts=1768728045
2026-01-18 09:20:48 DEBUG __main__ [SKIP_DEBUG] closed_by_end_date token_key=0xf35b3e80df13fff8bd8e34e9daea767d8c8888ef4eba6874da19d22c456b18fa:1 token_id=None slug=mlb-tor-col-2025-08-05 end_date=2025-08-13 end_ts=1755043200 now_ts=1768728045
2026-01-18 09:20:48 DEBUG __main__ [SKIP_DEBUG] closed_by_end_date token_key=0xd4e5c5b26a9aa24e64c6ddc6dc4bf19fc545c806a21de56fc8165f74f9b4f704:1 token_id=None slug=nhl-min-sea-2026-01-08 end_date=2026-01-09 end_ts=1767916800 now_ts=1768728045
2026-01-18 09:20:48 DEBUG __main__ [SKIP_DEBUG] closed_by_end_date token_key=0xf29e574df87ba4368085a32cff6230175b901ccd2b3133b3f5c18d14ded228c9:1 token_id=None slug=mlb-bos-bal-2025-08-28 end_date=2025-09-04 end_ts=1756944000 now_ts=1768728045
2026-01-18 09:20:48 DEBUG __main__ [SKIP_DEBUG] closed_by_end_date token_key=0xb1affc9e528cdcca4d808588fc11c86fae1e689078d22386693011e4bcbe8a4c:1 token_id=None slug=mlb-nyy-cws-2025-08-28 end_date=2025-09-04 end_ts=1756944000 now_ts=1768728045
2026-01-18 09:20:48 DEBUG __main__ [SKIP_DEBUG] closed_by_end_date token_key=0xad3ceb1ef15a8deb37e74120b52d0398be2c0347fdda54f886aa6f43b99e003f:1 token_id=None slug=nhl-col-car-2026-01-03 end_date=2026-01-04 end_ts=1767484800 now_ts=1768728045
2026-01-18 09:20:48 DEBUG __main__ [SKIP_DEBUG] closed_by_end_date token_key=0xcdeaf16161b6f3fd2fe35a8c8a351e3b98c07e2508e5d22f3b3411459723ef94:1 token_id=None slug=nhl-tb-sj-2026-01-03 end_date=2026-01-03 end_ts=1767398400 now_ts=1768728045
2026-01-18 09:20:48 DEBUG __main__ [SKIP_DEBUG] closed_by_end_date token_key=0x26902bcc2f03bb24192350e9648c53f3dc171d58d653757b09512a2ef2c33d90:1 token_id=None slug=mlb-tor-col-2025-08-04 end_date=2025-08-12 end_ts=1754956800 now_ts=1768728045
2026-01-18 09:20:48 DEBUG __main__ [SKIP_DEBUG] closed_by_end_date token_key=0xec5891b2439b48b16fe6531a660a9cbc3fe4f31f639a92780f6721e252ad1699:1 token_id=None slug=mlb-tb-cws-2025-09-09 end_date=2025-09-16 end_ts=1757980800 now_ts=1768728045
2026-01-18 09:20:48 DEBUG __main__ [SKIP_DEBUG] closed_by_end_date token_key=0x8f6f1fca932f1eb01e9e35b105199820b18125a0de4f50e1571d8682c5117157:1 token_id=None slug=mlb-nym-mia-2025-09-27 end_date=2025-10-04 end_ts=1759536000 now_ts=1768728045
2026-01-18 09:20:48 DEBUG __main__ [SKIP_DEBUG] closed_by_end_date token_key=0xb43fafcd835af9527f68d335e4ad24ac39c1a198ea8e0992962f347d0b8c662f:1 token_id=None slug=mlb-det-cws-2025-08-11 end_date=2025-08-18 end_ts=1755475200 now_ts=1768728045
2026-01-18 09:20:48 DEBUG __main__ [SKIP_DEBUG] closed_by_end_date token_key=0xa01df8c3e64e983fa3c5efc5c39838e91ca760002b7ee857771644cac51ef860:1 token_id=None slug=mlb-lad-ari-2025-09-25 end_date=2025-10-02 end_ts=1759363200 now_ts=1768728045
2026-01-18 09:20:48 DEBUG __main__ [SKIP_DEBUG] closed_by_end_date token_key=0xb66e4b71c8a5a5579cec4b253f5482bb6bbafe32b564475a7119769a44dff1c7:1 token_id=None slug=nba-okc-mem-2026-01-09 end_date=2026-01-10 end_ts=1768003200 now_ts=1768728045
2026-01-18 09:20:48 DEBUG __main__ [SKIP_DEBUG] closed_by_end_date token_key=0x3b4df4f0983bc355a62fe40ead0f86f20e62bdc91bc0db400d88ee377b5a7f16:1 token_id=None slug=mlb-mil-wsh-2025-08-01 end_date=2025-08-08 end_ts=1754611200 now_ts=1768728045
2026-01-18 09:20:48 DEBUG __main__ [SKIP_DEBUG] closed_by_end_date token_key=0x0722102b758fff894d63c9d44ed47f24c99ca0486d746c82a5d06659c2e7d116:1 token_id=None slug=nba-lac-bkn-2026-01-09 end_date=2026-01-10 end_ts=1768003200 now_ts=1768728045
2026-01-18 09:20:48 DEBUG __main__ [SKIP_DEBUG] closed_by_end_date token_key=0xb2a3f38004a5b06953655f05de615a560e4047a03e1926eed1a368e61aa2a4a7:1 token_id=None slug=mlb-lad-tb-2025-08-01 end_date=2025-08-08 end_ts=1754611200 now_ts=1768728045
2026-01-18 09:20:48 DEBUG __main__ [SKIP_DEBUG] closed_by_end_date token_key=0xc912b26a0df6b8cfc1c0a54bae6f7fc2f181c9ea1095c64ed4af4fa8a4bea482:1 token_id=None slug=nba-mil-cha-2025-12-29 end_date=2025-12-30 end_ts=1767052800 now_ts=1768728045
2026-01-18 09:20:48 DEBUG __main__ [SKIP_DEBUG] closed_by_end_date token_key=0x0d4f2824830bc2ea6b8a9f5b47f822289e69194cd368adfb687b84709cabee56:1 token_id=None slug=nba-min-chi-2025-12-29 end_date=2025-12-30 end_ts=1767052800 now_ts=1768728045
2026-01-18 09:20:48 DEBUG __main__ [SKIP_DEBUG] closed_by_end_date token_key=0xccfedc6e2d2fec6ae4149067c63eb2eaf2c95f5581a78b82f530d774dc72ae6c:1 token_id=None slug=nba-gsw-bkn-2025-12-29 end_date=2025-12-30 end_ts=1767052800 now_ts=1768728045
2026-01-18 09:20:48 DEBUG __main__ [SKIP_DEBUG] closed_by_end_date token_key=0x878cba25807307cb95f83e1709c0800b70b0d709bf9d7472a2fb0c64c28acabe:1 token_id=None slug=nhl-tb-phi-2026-01-10 end_date=2026-01-11 end_ts=1768089600 now_ts=1768728045
2026-01-18 09:20:48 DEBUG __main__ [SKIP_DEBUG] closed_by_end_date token_key=0x05d2ffddc558c2c3b5b89de64f700ee0885fdea82440a895cd79bd8cf964d1a3:1 token_id=None slug=nba-cha-uta-2026-01-10 end_date=2026-01-11 end_ts=1768089600 now_ts=1768728045
2026-01-18 09:20:48 DEBUG __main__ [SKIP_DEBUG] closed_by_end_date token_key=0x04e35a7d369709de8b165b414e2f537770125f73ecafbea18834478c3f969fcc:1 token_id=None slug=mlb-chc-col-2025-08-29 end_date=2025-09-06 end_ts=1757116800 now_ts=1768728045
2026-01-18 09:20:48 DEBUG __main__ [SKIP_DEBUG] closed_by_end_date token_key=0xb86e5095f51fa447284d91f8a32dc06f710cfb70fa954679e1249c905fd4164a:1 token_id=None slug=mlb-nyy-cws-2025-08-29 end_date=2025-09-05 end_ts=1757030400 now_ts=1768728045
2026-01-18 09:20:48 DEBUG __main__ [SKIP_DEBUG] closed_by_end_date token_key=0xd5de02ffc8f9b068a111d9180e673df48a27116f228bc32068f4c01102665fb6:1 token_id=None slug=nba-det-lal-2025-12-30 end_date=2025-12-31 end_ts=1767139200 now_ts=1768728045
2026-01-18 09:20:48 DEBUG __main__ [SKIP_DEBUG] closed_by_end_date token_key=0x6af14a17bfba27e208668080c448fe93f03ff48bec06adf2d81491e1cf0e0809:1 token_id=None slug=nba-bos-uta-2025-12-30 end_date=2025-12-31 end_ts=1767139200 now_ts=1768728045
2026-01-18 09:20:48 DEBUG __main__ [SKIP_DEBUG] closed_by_end_date token_key=0x2e6769eb73f1e7291ccbd0c7dfa10a9dc690eddd1090dea889575fd22ae559c1:1 token_id=None slug=nhl-nyi-chi-2025-12-30 end_date=2025-12-31 end_ts=1767139200 now_ts=1768728045
2026-01-18 09:20:48 DEBUG __main__ [SKIP_DEBUG] closed_by_end_date token_key=0xc3964789cb0f44950685f589ae22d11f9bc95ac602d7ff2092cf2d400b419c6e:1 token_id=None slug=mlb-nyy-min-2025-09-17 end_date=2025-09-24 end_ts=1758672000 now_ts=1768728045
2026-01-18 09:20:48 DEBUG __main__ [SKIP_DEBUG] closed_by_end_date token_key=0x47a22b65fe18040f54a9204ff9509e07ac52f9d421cac20e5ed3a226ca94834c:1 token_id=None slug=mlb-mia-col-2025-09-17 end_date=2025-09-25 end_ts=1758758400 now_ts=1768728045
2026-01-18 09:20:48 DEBUG __main__ [SKIP_DEBUG] closed_by_end_date token_key=0x0a49c588dfc4a172a853af53916c02d6f47d0028438ea962077158268cf38d9d:1 token_id=None slug=mlb-phi-wsh-2025-08-17 end_date=2025-08-24 end_ts=1755993600 now_ts=1768728045
2026-01-18 09:20:48 DEBUG __main__ [SKIP_DEBUG] closed_by_end_date token_key=0x29cabbf5eba55f7d7e436f87c53830d1cb671784f05d17668f771cbce19bf26d:1 token_id=None slug=mlb-nyy-stl-2025-08-17 end_date=2025-08-24 end_ts=1755993600 now_ts=1768728045
2026-01-18 09:20:48 DEBUG __main__ [SKIP_DEBUG] closed_by_end_date token_key=0x35b685e3db08a059498d6eef7b5c6c443371d7a22fbf4650f99ec801d515bfc7:1 token_id=None slug=mlb-sf-pit-2025-08-06 end_date=2025-08-13 end_ts=1755043200 now_ts=1768728045
2026-01-18 09:20:48 DEBUG __main__ [SKIP_DEBUG] closed_by_end_date token_key=0x3b5cbbc5cee37eef9ea98c9315147b33c7d0b1f2cc8501b6211edd63efda8f15:1 token_id=None slug=mlb-tor-col-2025-08-06 end_date=2025-08-13 end_ts=1755043200 now_ts=1768728045
2026-01-18 09:20:48 DEBUG __main__ [SKIP_DEBUG] closed_by_end_date token_key=0xe1d917d0b13d1e7099b95e963fc7880c92ad572b3f8ea443c1aa6dc585c63ad4:1 token_id=None slug=nba-sas-ind-2026-01-02 end_date=2026-01-03 end_ts=1767398400 now_ts=1768728045
2026-01-18 09:20:48 DEBUG __main__ [SKIP_DEBUG] closed_by_end_date token_key=0x39310dbdbc542eda4650a85fb8121fad8235485a4c46766fbf8d8551f2b23936:1 token_id=None slug=nba-okc-gsw-2026-01-02 end_date=2026-01-03 end_ts=1767398400 now_ts=1768728045
2026-01-18 09:20:48 DEBUG __main__ [SKIP_DEBUG] closed_by_end_date token_key=0xf0a160802585360478eecd2db99a7484927ff0872b8a94376bc3d66ce7c44cb2:1 token_id=None slug=mlb-phi-tex-2025-08-08 end_date=2025-08-16 end_ts=1755302400 now_ts=1768728045
2026-01-18 09:20:48 DEBUG __main__ [SKIP_DEBUG] closed_by_end_date token_key=0xcf810dd5fc4560378d5eadac29e22bd5824f11b34e02ab5f9f1ffb9b7cafbe66:1 token_id=None slug=nba-bos-sac-2026-01-01 end_date=2026-01-02 end_ts=1767312000 now_ts=1768728045
2026-01-18 09:20:48 DEBUG __main__ [SKIP_DEBUG] closed_by_end_date token_key=0xe71b868769998a4a1d32e31edf835e85a8c2ab6b8a1cba56290c2db3920e5c99:1 token_id=None slug=nba-hou-bkn-2026-01-01 end_date=2026-01-01 end_ts=1767225600 now_ts=1768728045
2026-01-18 09:20:48 DEBUG __main__ [SKIP_DEBUG] closed_by_end_date token_key=0x2f00b2ad481462c69c85566063308308080e6ef34b097dd18bbe8f87ec7d2d8e:1 token_id=None slug=mlb-phi-tex-2025-08-10 end_date=2025-08-17 end_ts=1755388800 now_ts=1768728045
2026-01-18 09:20:48 DEBUG __main__ [SKIP_DEBUG] closed_by_end_date token_key=0xe877153577de11aa4084cee3727afab000eb8d28d54b9af673b577ff72a2c1a5:1 token_id=None slug=mlb-mil-wsh-2025-08-02 end_date=2025-08-09 end_ts=1754697600 now_ts=1768728045
2026-01-18 09:20:48 DEBUG __main__ [SKIP_DEBUG] closed_by_end_date token_key=0x9a94d8fa5cb4d339aaac84ab997b8f39975084229fe68fb9888811e3281fbf09:1 token_id=None slug=nba-hou-lal-2025-12-25 end_date=2025-12-26 end_ts=1766707200 now_ts=1768728045
2026-01-18 09:20:48 DEBUG __main__ [SKIP_DEBUG] closed_by_end_date token_key=0xfcb1aae7f6e0e7031bf1467ea4e186c925b9d7dfabab0e5484fa4002e1301e91:1 token_id=None slug=mlb-tb-oak-2025-08-13 end_date=2025-08-21 end_ts=1755734400 now_ts=1768728045
2026-01-18 09:20:48 DEBUG __main__ [SKIP_DEBUG] closed_by_end_date token_key=0x09ab0eada982ae74e57a2e87c52ed3d14ea91c700c40db60a5876dcb519756bf:1 token_id=None slug=mlb-det-cws-2025-08-13 end_date=2025-08-20 end_ts=1755648000 now_ts=1768728045
2026-01-18 09:20:48 DEBUG __main__ [SKIP_DEBUG] closed_by_end_date token_key=0xf157f8833aeccf84673c6f0c7679b6d737f5317bf482d35693b3db09a54180c0:1 token_id=None slug=nba-gsw-cha-2025-12-31 end_date=2025-12-31 end_ts=1767139200 now_ts=1768728045
2026-01-18 09:20:48 DEBUG __main__ [SKIP_DEBUG] closed_by_end_date token_key=0x780f9796bb6389755383a5bd24a4c7716e1c5f09707de1e9157dc0b520a46161:1 token_id=None slug=nba-orl-ind-2025-12-31 end_date=2025-12-31 end_ts=1767139200 now_ts=1768728045
2026-01-18 09:20:48 DEBUG __main__ [SKIP_DEBUG] closed_by_end_date token_key=0xbb674fa47990f9721468862a8c93f97b1263985f00fa47d8d137abd5ae5a4093:1 token_id=None slug=nhl-tb-ana-2025-12-31 end_date=2025-12-31 end_ts=1767139200 now_ts=1768728045
2026-01-18 09:20:48 DEBUG __main__ [SKIP_DEBUG] closed_by_end_date token_key=0x53359b68f2e196b4340c6b23126ee838b2000c9206604bd86cbccd60c2888e0d:1 token_id=None slug=nba-det-por-2025-12-22 end_date=2025-12-23 end_ts=1766448000 now_ts=1768728045
2026-01-18 09:20:48 DEBUG __main__ [SKIP_DEBUG] closed_by_end_date token_key=0x0b032b49051b44d77626f1875c1f6a6d7be2e3c6dd1f5f1f26126a69ac275fd8:1 token_id=None slug=nhl-col-min-2025-12-21 end_date=2025-12-21 end_ts=1766275200 now_ts=1768728045
2026-01-18 09:20:48 DEBUG __main__ [SKIP_DEBUG] closed_by_end_date token_key=0x4c65f558aab4eeb9929e4e7cf7a9d747cffb89e93693066c85657b853d709cc7:1 token_id=None slug=nhl-ott-bos-2025-12-21 end_date=2025-12-22 end_ts=1766361600 now_ts=1768728045
2026-01-18 09:20:48 DEBUG __main__ [SKIP_DEBUG] closed_by_end_date token_key=0x5dd65b5098269c80ae795dab95ca283d12e38acaa7d9e1fb52efa3aea4aafb93:1 token_id=None slug=mlb-phi-cws-2025-07-29 end_date=2025-08-05 end_ts=1754352000 now_ts=1768728045
2026-01-18 09:20:48 DEBUG __main__ [SKIP_DEBUG] closed_by_end_date token_key=0x735190d98bc4a0214bfbb9356b51e1271c97fd152da6e122d2ae8917bcae00dd:1 token_id=None slug=mlb-lad-cin-2025-07-29 end_date=2025-08-05 end_ts=1754352000 now_ts=1768728045
2026-01-18 09:20:48 DEBUG __main__ [SKIP_DEBUG] closed_by_end_date token_key=0x0a8da15627f2c9a6d86a89eee04ec3078019e6b812d4ea1d232a9aaa4426a04a:1 token_id=None slug=mlb-bos-bal-2025-08-27 end_date=2025-09-03 end_ts=1756857600 now_ts=1768728045
2026-01-18 09:20:48 DEBUG __main__ [SKIP_DEBUG] closed_by_end_date token_key=0x0555503296390b35358d63e270158dbe5892239bb9f4d46eae9e0ed26e7a783b:1 token_id=None slug=nba-det-sac-2025-12-23 end_date=2025-12-24 end_ts=1766534400 now_ts=1768728045
2026-01-18 09:20:48 DEBUG __main__ [SKIP_DEBUG] closed_by_end_date token_key=0x0d6eb111b5067b789d1d76889d0011a216220c7ec1322cdda5ffacab18633618:1 token_id=None slug=nba-mem-uta-2025-12-23 end_date=2025-12-24 end_ts=1766534400 now_ts=1768728045
2026-01-18 09:20:48 DEBUG __main__ [SKIP_DEBUG] closed_by_end_date token_key=0x2a5fa0a2127dd071c40d64adfbf5a3ee63592a4fea9843af82f34a5c966fa412:1 token_id=None slug=nba-orl-por-2025-12-23 end_date=2025-12-24 end_ts=1766534400 now_ts=1768728045
2026-01-18 09:20:48 DEBUG __main__ [SKIP_DEBUG] closed_by_end_date token_key=0x5442929071a53ca5f48e679912e7f1238cbc071568fdc9eccd9e69e78d43e305:1 token_id=None slug=mlb-atl-wsh-2025-09-15 end_date=2025-09-22 end_ts=1758499200 now_ts=1768728045
2026-01-18 09:20:48 DEBUG __main__ [SKIP_DEBUG] closed_by_end_date token_key=0x829d56631873e7ba29ab9e9072ae0e42cb0e382250ce0566f50667ce6fd52d0f:1 token_id=None slug=nba-lac-por-2025-12-26 end_date=2025-12-27 end_ts=1766793600 now_ts=1768728045
2026-01-18 09:20:48 DEBUG __main__ [SKIP_DEBUG] closed_by_end_date token_key=0x324d42bf7fef07014d2bf89daacc645cd3f6b811c8aa5573b74bab6f06c52098:1 token_id=None slug=nba-phx-nop-2025-12-26 end_date=2025-12-27 end_ts=1766793600 now_ts=1768728045
2026-01-18 09:20:48 DEBUG __main__ [SKIP_DEBUG] closed_by_end_date token_key=0xa52bb0c3cc22447bbd10f220498f9ee8266b901113d6371f1a308fec3cf77304:1 token_id=None slug=mlb-sea-bal-2025-08-12 end_date=2025-08-19 end_ts=1755561600 now_ts=1768728045
2026-01-18 09:20:48 DEBUG __main__ [SKIP_DEBUG] closed_by_end_date token_key=0x45d7c5318549040a77268ac575d25fca384dac212278b606572bfbbd79e38ab2:1 token_id=None slug=nhl-col-las-2025-12-27 end_date=2025-12-28 end_ts=1766880000 now_ts=1768728045
2026-01-18 09:20:48 DEBUG __main__ [SKIP_DEBUG] closed_by_end_date token_key=0x9fba0c5ec2e5e8c38165844c5714992a3668687014c76f85a20343547819a155:1 token_id=None slug=nba-nyk-atl-2025-12-27 end_date=2025-12-28 end_ts=1766880000 now_ts=1768728045
2026-01-18 09:20:48 DEBUG __main__ [SKIP_DEBUG] closed_by_end_date token_key=0x27abe0918cf73b4a7d912d7c5cc387c556f578f871e0b0d8244050867a450469:1 token_id=None slug=mlb-sea-oak-2025-07-28 end_date=2025-08-05 end_ts=1754352000 now_ts=1768728045
2026-01-18 09:20:48 DEBUG __main__ [SKIP_DEBUG] closed_by_end_date token_key=0xb033a26bb4d9f99f0f502115264ed350ff6fa682bfe14f2685e1500a39647c49:1 token_id=None slug=mlb-atl-kc-2025-07-28 end_date=2025-08-04 end_ts=1754265600 now_ts=1768728045
2026-01-18 09:20:48 DEBUG __main__ [SKIP_DEBUG] closed_by_end_date token_key=0x3c1f02f81379939fcdc97b5098e0b5b9700711fe44174c0300f3b3640c97f257:1 token_id=None slug=mlb-mia-col-2025-09-18 end_date=2025-09-25 end_ts=1758758400 now_ts=1768728045
2026-01-18 09:20:48 DEBUG __main__ [SKIP_DEBUG] closed_by_end_date token_key=0x8459b2d1dc2a77c8e69cdd916e996660ade8a5bd53258633c1ae6ce7747b712e:1 token_id=None slug=mlb-det-cle-2025-09-30 end_date=2025-10-07 end_ts=1759795200 now_ts=1768728045
2026-01-18 09:20:48 DEBUG __main__ [SKIP_DEBUG] closed_by_end_date token_key=0xf6b661015fc4a4c0ae53f600837a9d8122a36e92d1ed638ee0bb42c5e8854cea:1 token_id=None slug=mlb-nyy-bal-2025-09-18 end_date=2025-09-25 end_ts=1758758400 now_ts=1768728045
2026-01-18 09:20:48 DEBUG __main__ [SKIP_DEBUG] closed_by_end_date token_key=0xc41451683030a56eb556c338d921297e876b6504e2140ebf865cdda3740d52c8:1 token_id=None slug=nba-orl-uta-2025-12-20 end_date=2025-12-21 end_ts=1766275200 now_ts=1768728045
2026-01-18 09:20:48 DEBUG __main__ [SKIP_DEBUG] closed_by_end_date token_key=0x40bd2d3e5a6e85fd4a9dd2b4bd0f15b05a396a0bdb9b1627b123f7e9d2027bb1:1 token_id=None slug=mlb-kc-laa-2025-09-23 end_date=2025-10-01 end_ts=1759276800 now_ts=1768728045
2026-01-18 09:20:48 DEBUG __main__ [SKIP_DEBUG] closed_by_end_date token_key=0xb65a2f1aa8aafd45e49b54bbea99781cd69a6c8ce979c5f3c51737486e740d6d:1 token_id=None slug=nhl-edm-pit-2025-12-16 end_date=2025-12-17 end_ts=1765929600 now_ts=1768728045
2026-01-18 09:20:48 DEBUG __main__ [SKIP_DEBUG] closed_by_end_date token_key=0xc786a67ca6fb523fbde6ceeae2db8e08ed1953efc34187bdc36fc1244340f76a:1 token_id=None slug=nba-lal-phi-2025-12-07 end_date=2025-12-08 end_ts=1765152000 now_ts=1768728045
2026-01-18 09:20:48 DEBUG __main__ [SKIP_DEBUG] closed_by_end_date token_key=0x82aba3a7bb5842cd06643de028ad434f5ab9f330faa9d5eb1d9f44dce5bf9167:1 token_id=None slug=nhl-col-phi-2025-12-07 end_date=2025-12-07 end_ts=1765065600 now_ts=1768728045
2026-01-18 09:20:48 DEBUG __main__ [SKIP_DEBUG] closed_by_end_date token_key=0x0d88ebbea074e7a6ea9fe600187a3e82ebb797884783707bb312061e571b9b5f:1 token_id=None slug=nba-den-cha-2025-12-07 end_date=2025-12-07 end_ts=1765065600 now_ts=1768728045
2026-01-18 09:20:48 DEBUG __main__ [SKIP_DEBUG] closed_by_end_date token_key=0x2fd067007a20428037a1708a8de7d5c40d5969111fc0f786caf06bcd67da395d:1 token_id=None slug=nhl-las-nyr-2025-12-08 end_date=2025-12-08 end_ts=1765152000 now_ts=1768728045
2026-01-18 09:20:48 DEBUG __main__ [SKIP_DEBUG] closed_by_end_date token_key=0x8de0b9338045bdcb4db2e946b4e5d8299f7aaafef5cdc3fe6dbee64022d08859:1 token_id=None slug=nba-bos-tor-2025-12-07 end_date=2025-12-07 end_ts=1765065600 now_ts=1768728045
2026-01-18 09:20:48 DEBUG __main__ [SKIP_DEBUG] closed_by_end_date token_key=0x046df5ec9cb51381ff63bd0b8848172d54f881d436552fead995906f58e521de:1 token_id=None slug=nba-okc-uta-2025-12-07 end_date=2025-12-08 end_ts=1765152000 now_ts=1768728045
2026-01-18 09:20:48 DEBUG __main__ [SKIP_DEBUG] closed_by_end_date token_key=0xd60e8d759ce7c64c0b6288d6136e19414722cf00cc4fbc3f85e2ec5a40c7a92c:1 token_id=None slug=nba-nyk-ind-2025-12-18 end_date=2025-12-19 end_ts=1766102400 now_ts=1768728045
2026-01-18 09:20:48 DEBUG __main__ [SKIP_DEBUG] closed_by_end_date token_key=0x249c21c68d86405e81fd7aabd5e34fa4035c66c11674d7159498ad1378a63062:1 token_id=None slug=nba-lal-uta-2025-12-18 end_date=2025-12-19 end_ts=1766102400 now_ts=1768728045
2026-01-18 09:20:48 DEBUG __main__ [SKIP_DEBUG] closed_by_end_date token_key=0x21b8f6323ed7c16f8912e3e2917550dd933bb76a7988cbabab3f00ca5b6e0e53:1 token_id=None slug=nba-mia-bkn-2025-12-18 end_date=2025-12-19 end_ts=1766102400 now_ts=1768728045
2026-01-18 09:20:48 DEBUG __main__ [SKIP_DEBUG] closed_by_end_date token_key=0xd41f3a2c2858ff5b99f05e18ac21d11b2e4c5703a73cfe34591578351a0c7bd3:1 token_id=None slug=nhl-nyr-stl-2025-12-18 end_date=2025-12-19 end_ts=1766102400 now_ts=1768728045
2026-01-18 09:20:48 DEBUG __main__ [SKIP_DEBUG] closed_by_end_date token_key=0xb994ab0be52c5c2017613daf72a2c62ed93fc8dd8cf76a2f0ebc85dda9c3f4f5:1 token_id=None slug=mlb-bos-tb-2025-09-19 end_date=2025-09-26 end_ts=1758844800 now_ts=1768728045
2026-01-18 09:20:48 DEBUG __main__ [SKIP_DEBUG] closed_by_end_date token_key=0x56a828fbd2da930ce881d6f0722fd809dcb2ac5bfc1cbb117ec41f32dacb5350:1 token_id=None slug=nhl-car-nsh-2025-12-17 end_date=2025-12-18 end_ts=1766016000 now_ts=1768728045
2026-01-18 09:20:48 DEBUG __main__ [SKIP_DEBUG] closed_by_end_date token_key=0x138e8bf25bc392d4c3e0d8eedc2ee24b0978afda0904940353fe74b8cafa2cb0:1 token_id=None slug=mlb-sd-cws-2025-09-20 end_date=2025-09-27 end_ts=1758931200 now_ts=1768728045
2026-01-18 09:20:48 DEBUG __main__ [SKIP_DEBUG] closed_by_end_date token_key=0x3c1857b9409de0c455ccc955ea40f8b4449250c9d65c84e92ef2cf2120c1f92d:1 token_id=None slug=nba-sas-atl-2025-12-19 end_date=2025-12-20 end_ts=1766188800 now_ts=1768728045
2026-01-18 09:20:48 DEBUG __main__ [SKIP_DEBUG] closed_by_end_date token_key=0xbd7c21ee7e76571a5a2f89cf674d82c9b12edf0f44b89f5472462f24f96b1f15:1 token_id=None slug=mlb-laa-col-2025-09-20 end_date=2025-09-28 end_ts=1759017600 now_ts=1768728045
2026-01-18 09:20:48 DEBUG __main__ [SKIP_DEBUG] closed_by_end_date token_key=0x8b62fb7fc94ddcc28f64a36676801ffbc2728debfa79273d0751cb30c13bef2e:1 token_id=None slug=mlb-sea-det-2025-10-07 end_date=2025-10-14 end_ts=1760400000 now_ts=1768728045
2026-01-18 09:20:48 DEBUG __main__ [SKIP_DEBUG] closed_by_end_date token_key=0x0410f89f29b09931246b65ec4d28ccf135c497fd90783bb103a99bbd144b718d:1 token_id=None slug=mlb-sea-hou-2025-09-21 end_date=2025-09-28 end_ts=1759017600 now_ts=1768728045
2026-01-18 09:20:48 DEBUG __main__ [SKIP_DEBUG] closed_by_end_date token_key=0xdfb2f4235a3abf8a1229d46c432d2ca81bf277a219aa3a2d887273923bf6d621:1 token_id=None slug=nhl-col-nyr-2025-12-06 end_date=2025-12-06 end_ts=1764979200 now_ts=1768728045
2026-01-18 09:20:48 DEBUG __main__ [SKIP_DEBUG] closed_by_end_date token_key=0x79d30a2e022d6c164bf7c2f52bf38e6237e990e3859f2a9e4bc28da67df36738:1 token_id=None slug=nba-atl-was-2025-12-06 end_date=2025-12-07 end_ts=1765065600 now_ts=1768728045
2026-01-18 09:20:48 DEBUG __main__ [SKIP_DEBUG] closed_by_end_date token_key=0x68081b0ecf652db540400bc03a150c925c0c8ca5314f8b9eb0f28725f6337676:1 token_id=None slug=nhl-las-cbj-2025-12-14 end_date=2025-12-14 end_ts=1765670400 now_ts=1768728045
2026-01-18 09:20:48 DEBUG __main__ [SKIP_DEBUG] closed_by_end_date token_key=0x791a4abaf2c8fc00ecf7a5ca061db741631fd964703dd26ec79b980f350c74de:1 token_id=None slug=nhl-car-phi-2025-12-14 end_date=2025-12-14 end_ts=1765670400 now_ts=1768728045
2026-01-18 09:20:48 DEBUG __main__ [SKIP_DEBUG] closed_by_end_date token_key=0xe2606b19d9a523b737ad2c7e685a96f03555af0f005b31e52313731041e4bddf:1 token_id=None slug=nhl-det-chi-2025-12-14 end_date=2025-12-14 end_ts=1765670400 now_ts=1768728045
2026-01-18 09:20:48 DEBUG __main__ [SKIP_DEBUG] closed_by_end_date token_key=0x3a368392653bddfa0e3a5096a6ea499888282a8903d62cad5688be83d09044b5:1 token_id=None slug=mlb-chc-cws-2025-07-27 end_date=2025-08-03 end_ts=1754179200 now_ts=1768728045
2026-01-18 09:20:48 DEBUG __main__ [SKIP_DEBUG] closed_by_end_date token_key=0x21e31aec5bf75d247cc285803413066b65595f6e942a7864be881be5b2587c60:1 token_id=None slug=nba-chi-cha-2025-12-12 end_date=2025-12-13 end_ts=1765584000 now_ts=1768728045
2026-01-18 09:20:48 DEBUG __main__ [SKIP_DEBUG] closed_by_end_date token_key=0x2974f6b6bd58c1c2e3185a31cfaf56ce2f346863f3bf3d91957ea7bea3de8649:1 token_id=None slug=nhl-las-phi-2025-12-12 end_date=2025-12-12 end_ts=1765497600 now_ts=1768728045
2026-01-18 09:20:48 DEBUG __main__ [SKIP_DEBUG] closed_by_end_date token_key=0xa9e2a4e0afe064fc76aa327b394fc9730027ef4611aa2a621aae9017279d6aad:1 token_id=None slug=nba-den-sac-2025-12-11 end_date=2025-12-12 end_ts=1765497600 now_ts=1768728045
2026-01-18 09:20:48 DEBUG __main__ [SKIP_DEBUG] closed_by_end_date token_key=0x2469d78e18162cacf0e59e952895988fc30a95efdcbcded82b137c6fd393cd53:1 token_id=None slug=nba-den-atl-2025-12-05 end_date=2025-12-06 end_ts=1764979200 now_ts=1768728045
2026-01-18 09:20:48 DEBUG __main__ [SKIP_DEBUG] closed_by_end_date token_key=0x910294bddeb36e754b435958d86d422efbe28bd32b830c9b1aeab556d34602f7:1 token_id=None slug=mlb-nym-sf-2025-07-27 end_date=2025-08-03 end_ts=1754179200 now_ts=1768728045
2026-01-18 09:20:48 DEBUG __main__ [SKIP_DEBUG] closed_by_end_date token_key=0xa2829e54da21fad5a71c6098094f8fdb28ede6071ec51211415514dc71677fbd:1 token_id=None slug=mlb-mil-pit-2025-09-06 end_date=2025-09-13 end_ts=1757721600 now_ts=1768728045
2026-01-18 09:20:48 DEBUG __main__ [SKIP_DEBUG] closed_by_end_date token_key=0x93cab6a58741c2a52f3c3a89204a13be0de1e676af36bb07eb5f5f2f67c1f3c4:1 token_id=None slug=nba-bos-was-2025-12-04 end_date=2025-12-05 end_ts=1764892800 now_ts=1768728045
2026-01-18 09:20:48 DEBUG __main__ [SKIP_DEBUG] closed_by_end_date token_key=0xc6ccee7d98a0051e245e4becae42d18b71a23a25cedc0e850d29c7d2330abbf0:1 token_id=None slug=nba-uta-bkn-2025-12-04 end_date=2025-12-05 end_ts=1764892800 now_ts=1768728045
2026-01-18 09:20:48 DEBUG __main__ [SKIP_DEBUG] closed_by_end_date token_key=0xcf86a068220fc7d666b1b3e69c3be37c5cbf7512b17660ff36b46426ff04521e:1 token_id=None slug=nba-okc-atl-2025-10-25 end_date=2025-10-25 end_ts=1761350400 now_ts=1768728045
2026-01-18 09:20:48 DEBUG __main__ [SKIP_DEBUG] closed_by_end_date token_key=0xa4665cb732d95c9e2e98d1f93399ae0203f00c9fed650ac56ee93e7112913c6c:1 token_id=None slug=nhl-dal-wpg-2025-12-10 end_date=2025-12-10 end_ts=1765324800 now_ts=1768728045
2026-01-18 09:20:48 DEBUG __main__ [SKIP_DEBUG] closed_by_end_date token_key=0x755ef82493ffb871b36605f1e54dfeb0cff443cc820acb07547fc9d69ee3de29:1 token_id=None slug=nba-nyk-tor-2025-12-09 end_date=2025-12-10 end_ts=1765324800 now_ts=1768728045
2026-01-18 09:20:48 DEBUG __main__ [SKIP_DEBUG] closed_by_end_date token_key=0xd40c1e9c012cfb8d906ffc338c02366f0bf97afbca3e266b55021f40b7ff2d0f:1 token_id=None slug=nba-okc-ind-2025-10-23 end_date=2025-10-23 end_ts=1761177600 now_ts=1768728045
2026-01-18 09:20:48 DEBUG __main__ [SKIP_DEBUG] closed_by_end_date token_key=0x258a55f1d28a0f88c569b6cf11370f4f26d5199eca6d1bd411aa7877baf11bd0:1 token_id=None slug=nba-sas-nop-2025-12-08 end_date=2025-12-09 end_ts=1765238400 now_ts=1768728045
2026-01-18 09:20:48 DEBUG __main__ [SKIP_DEBUG] closed_by_end_date token_key=0xfe36558007596674a15545f35cc99757e0b1d9092fe9e5e6bd884fea2aaa8727:1 token_id=None slug=nba-den-min-2025-10-28 end_date=2025-10-28 end_ts=1761609600 now_ts=1768728045
2026-01-18 09:20:48 DEBUG __main__ [SKIP_DEBUG] closed_by_end_date token_key=0x101c713f70a3759aa25865cf27d3936b052ebaed717fb04c03f12335645069a0:1 token_id=None slug=nba-por-lal-2025-10-28 end_date=2025-10-28 end_ts=1761609600 now_ts=1768728045
2026-01-18 09:20:48 DEBUG __main__ [SKIP_DEBUG] closed_by_end_date token_key=0x61c3604478a723068a4189ef4b197b20eb1e524b82f24ddd584ad424f07d935a:1 token_id=None slug=nba-okc-dal-2025-10-28 end_date=2025-10-28 end_ts=1761609600 now_ts=1768728045
2026-01-18 09:20:48 DEBUG __main__ [SKIP_DEBUG] closed_by_end_date token_key=0x12899fadc50f47afa5f8e145380a9c6f0262d75ea12749bbbcb4f8b50f96cf6b:1 token_id=None slug=nba-sas-nop-2025-10-24 end_date=2025-10-25 end_ts=1761350400 now_ts=1768728045
2026-01-18 09:20:48 DEBUG __main__ [SKIP_DEBUG] closed_by_end_date token_key=0x52f962dfc3c1a9178846eb756f533760e492ba6e02e6d13eb554838d477a812f:1 token_id=None slug=nba-min-por-2025-10-22 end_date=2025-10-23 end_ts=1761177600 now_ts=1768728045
2026-01-18 09:20:48 DEBUG __main__ [SKIP_DEBUG] closed_by_end_date token_key=0x0e0c0580278b2821582db0db63af52e5beaf663484dc7a6af75b26a0786d6d13:1 token_id=None slug=nba-min-nop-2025-12-02 end_date=2025-12-03 end_ts=1764720000 now_ts=1768728045
2026-01-18 09:20:48 DEBUG __main__ [SKIP_DEBUG] closed_by_end_date token_key=0xf3816c070f570a82e6a76e2d837a42568b09b214b0a0fbeb8aebe6ab26a032e7:1 token_id=None slug=mlb-sf-col-2025-09-03 end_date=2025-09-11 end_ts=1757548800 now_ts=1768728045
2026-01-18 09:20:48 DEBUG __main__ [SKIP_DEBUG] closed_by_end_date token_key=0x7286f0eea1f426e9c831ea9534d74b05c30f72096aeff6aaa66b42b9a9d10364:1 token_id=None slug=nba-den-ind-2025-12-03 end_date=2025-12-04 end_ts=1764806400 now_ts=1768728045
2026-01-18 09:20:48 DEBUG __main__ [SKIP_DEBUG] closed_by_end_date token_key=0x74afd0b950ebf24b21b19a5b0c3b56f7c0a2fb25ae00870746ddea0ef72c252d:1 token_id=None slug=nhl-wsh-sj-2025-12-03 end_date=2025-12-03 end_ts=1764720000 now_ts=1768728045
2026-01-18 09:20:48 DEBUG __main__ [SKIP_DEBUG] closed_by_end_date token_key=0xc32a7c41b9162ddb0b60e65c337960b8d1b4d6c98cd1d6a813f7740967d4cc31:1 token_id=None slug=nba-mem-sac-2025-11-30 end_date=2025-12-01 end_ts=1764547200 now_ts=1768728045
2026-01-18 09:20:48 DEBUG __main__ [SKIP_DEBUG] closed_by_end_date token_key=0xc8f4ceaa457bacb2c35df6412f65c50596f17a1d43734d86895a4ce510b4585e:1 token_id=None slug=nba-cle-ind-2025-12-01 end_date=2025-12-02 end_ts=1764633600 now_ts=1768728045
2026-01-18 09:20:48 DEBUG __main__ [SKIP_DEBUG] closed_by_end_date token_key=0x7935938759ba02a61dbcdc4be66aa3bede09ad2bfce5af1f94d9e3b7a5d39bc5:1 token_id=None slug=nhl-car-bos-2025-11-17 end_date=2025-11-17 end_ts=1763337600 now_ts=1768728045
2026-01-18 09:20:48 DEBUG __main__ [SKIP_DEBUG] closed_by_end_date token_key=0xe7a214df989b1392e3afc5d3cc6d357c0202acb24577881b0fab7ac3ed2e4820:1 token_id=None slug=nba-den-phx-2025-11-29 end_date=2025-11-30 end_ts=1764460800 now_ts=1768728045
2026-01-18 09:20:48 DEBUG __main__ [SKIP_DEBUG] closed_by_end_date token_key=0xae621092ee326f5d4034034cb01432b828fe66c7555c6596aa9b5544f0db1786:1 token_id=None slug=nba-tor-bkn-2025-11-11 end_date=2025-11-12 end_ts=1762905600 now_ts=1768728045
2026-01-18 09:20:48 DEBUG __main__ [SKIP_DEBUG] closed_by_end_date token_key=0x81da073364856f4fcc1ff519306db77dccb1f339406c08c414dee11f45ebba28:1 token_id=None slug=nba-den-sac-2025-11-11 end_date=2025-11-12 end_ts=1762905600 now_ts=1768728045
2026-01-18 09:20:48 DEBUG __main__ [SKIP_DEBUG] closed_by_end_date token_key=0x050b2b7bd62fa7f667e1a5e1b293c9259cd62523d6cd53ee7d77059b1f45602c:1 token_id=None slug=nba-tor-ind-2025-11-15 end_date=2025-11-16 end_ts=1763251200 now_ts=1768728045
2026-01-18 09:20:48 DEBUG __main__ [SKIP_DEBUG] closed_by_end_date token_key=0x125b2e163595310db2874455ab1bb801c7f404c569d4e064f2cc911feeb79d1b:1 token_id=None slug=nhl-las-stl-2025-11-15 end_date=2025-11-15 end_ts=1763164800 now_ts=1768728045
2026-01-18 09:20:48 DEBUG __main__ [SKIP_DEBUG] closed_by_end_date token_key=0xe36cf5049a44bad42b67f7496b6b8994f5ea7041c7ff3e286ae754f48cb7c1b6:1 token_id=None slug=nba-nyk-dal-2025-11-19 end_date=2025-11-20 end_ts=1763596800 now_ts=1768728045
2026-01-18 09:20:48 DEBUG __main__ [SKIP_DEBUG] closed_by_end_date token_key=0x7cd040c8931518bab4b99ae296e1c0f336c374e3153f52fd53c727be0b2e264d:1 token_id=None slug=nba-chi-por-2025-11-19 end_date=2025-11-20 end_ts=1763596800 now_ts=1768728045
2026-01-18 09:20:48 DEBUG __main__ [SKIP_DEBUG] closed_by_end_date token_key=0xb29090e9272c9ef55d5374f21d05c3cc7eb738496527ef00004308e5fe236407:1 token_id=None slug=nba-mem-phx-2025-10-30 end_date=2025-10-30 end_ts=1761782400 now_ts=1768728045
2026-01-18 09:20:48 DEBUG __main__ [SKIP_DEBUG] closed_by_end_date token_key=0xdf8a9c0df3fe74efea57f0cdabd9e0e95102e0c90b1fcd5775b884534667a379:1 token_id=None slug=nba-den-lac-2025-11-12 end_date=2025-11-13 end_ts=1762992000 now_ts=1768728045
2026-01-18 09:20:48 DEBUG __main__ [SKIP_DEBUG] closed_by_end_date token_key=0x1fa0a429c2183b5423564b1c6294214ba01be7ffd6344d2fd3500f0e98e58481:1 token_id=None slug=nba-atl-sac-2025-11-12 end_date=2025-11-13 end_ts=1762992000 now_ts=1768728045
2026-01-18 09:20:48 DEBUG __main__ [SKIP_DEBUG] closed_by_end_date token_key=0xc7b22fe5f4490aad06f633cabdfcbea275459e47b533c2a3b6f718f7824c2015:1 token_id=None slug=nba-por-uta-2025-10-30 end_date=2025-10-30 end_ts=1761782400 now_ts=1768728045
2026-01-18 09:20:48 DEBUG __main__ [SKIP_DEBUG] closed_by_end_date token_key=0xef039af8642def43a83acf9926c9351fe054ee98467ec0af8dbe478b91e4ecf6:1 token_id=None slug=nba-atl-bkn-2025-10-29 end_date=2025-10-29 end_ts=1761696000 now_ts=1768728045
2026-01-18 09:20:48 DEBUG __main__ [SKIP_DEBUG] closed_by_end_date token_key=0x36693a2b4b5a0b403eb4c79bf2acf9f72b16f876a2d325d9b321dfb75999af4b:1 token_id=None slug=mlb-cin-wsh-2025-07-23 end_date=2025-07-30 end_ts=1753833600 now_ts=1768728045
2026-01-18 09:20:48 DEBUG __main__ [SKIP_DEBUG] closed_by_end_date token_key=0xbd3d618de90c42961674715677a4be4dc270abd6a96ab63a5e4ba7bbc43204c6:1 token_id=None slug=nba-lal-nop-2025-11-14 end_date=2025-11-15 end_ts=1763164800 now_ts=1768728045
2026-01-18 09:20:48 DEBUG __main__ [SKIP_DEBUG] closed_by_end_date token_key=0x3f0d333df5f5cc29eebc04a0da5ce9b9002c9645b635edad03576003c648f411:1 token_id=None slug=nba-lac-dal-2025-11-14 end_date=2025-11-15 end_ts=1763164800 now_ts=1768728045
2026-01-18 09:20:48 DEBUG __main__ [SKIP_DEBUG] closed_by_end_date token_key=0x7dfcb55ffa1fef6bf4d26eabe674f10143e4ba6c762745704c31a7f0f3fae596:1 token_id=None slug=nhl-ott-ana-2025-11-20 end_date=2025-11-20 end_ts=1763596800 now_ts=1768728045
2026-01-18 09:20:48 DEBUG __main__ [SKIP_DEBUG] closed_by_end_date token_key=0x9f8bb8a6ac949c249597632de0ab6e12b42f6e78be63f3f6e1a113a146354c31:1 token_id=None slug=nba-phi-mil-2025-11-20 end_date=2025-11-21 end_ts=1763683200 now_ts=1768728045
2026-01-18 09:20:48 DEBUG __main__ [SKIP_DEBUG] closed_by_end_date token_key=0x55aef230faf5eae10e203514cbda2439fa10c48e247d89de8d687db6dac5130b:1 token_id=None slug=nba-gsw-lal-2025-10-21 end_date=2025-10-22 end_ts=1761091200 now_ts=1768728045
2026-01-18 09:20:48 DEBUG __main__ [SKIP_DEBUG] closed_by_end_date token_key=0x61bfd6379481a60b5b6c3dfec7b2a94b486e680c9f60a05cc53007d77988d2c0:1 token_id=None slug=nhl-nyr-bos-2025-11-28 end_date=2025-11-28 end_ts=1764288000 now_ts=1768728045
2026-01-18 09:20:48 DEBUG __main__ [SKIP_DEBUG] closed_by_end_date token_key=0x1c109546defd49b46ddcff332c934d43d488fafa263d3a9753c119c4776c3ab7:1 token_id=None slug=nba-atl-nop-2025-11-22 end_date=2025-11-23 end_ts=1763856000 now_ts=1768728045
2026-01-18 09:20:48 DEBUG __main__ [SKIP_DEBUG] closed_by_end_date token_key=0x955670282e570980c9f380e5968fd07c7e425a461095451fdcc3adcc8afa236a:1 token_id=None slug=nba-atl-uta-2025-11-13 end_date=2025-11-14 end_ts=1763078400 now_ts=1768728045
2026-01-18 09:20:48 DEBUG __main__ [SKIP_DEBUG] closed_by_end_date token_key=0x631bd621d63eddb7044e05f76c494a5739fe4346d1f059bc585b5f26819b554c:1 token_id=None slug=nba-det-mil-2025-11-22 end_date=2025-11-23 end_ts=1763856000 now_ts=1768728045
2026-01-18 09:20:48 DEBUG __main__ [SKIP_DEBUG] closed_by_end_date token_key=0x5570d8ee7ba9a373d230b82f85462aedef69a69723264b54eba6e08afcb97b3f:1 token_id=None slug=nhl-col-nsh-2025-11-22 end_date=2025-11-22 end_ts=1763769600 now_ts=1768728045
2026-01-18 09:20:48 DEBUG __main__ [SKIP_DEBUG] closed_by_end_date token_key=0xc420d7b4b1db682539bc5541aa29757c1eb2decb19b7b8f29988263da03a1f49:1 token_id=None slug=nhl-ott-sj-2025-11-22 end_date=2025-11-22 end_ts=1763769600 now_ts=1768728045
2026-01-18 09:20:48 DEBUG __main__ [SKIP_DEBUG] closed_by_end_date token_key=0x7ba860c525ad2f7bae3493609ea704e643b8f102d8fd509e26c3d938d2f88d9b:1 token_id=None slug=mlb-mil-atl-2025-08-04 end_date=2025-08-11 end_ts=1754870400 now_ts=1768728045
2026-01-18 09:20:48 DEBUG __main__ [SKIP_DEBUG] closed_by_end_date token_key=0xbab973f427549e8ccdb387120b5e59c21d4b9df232f1a57628b30cd6df76e44c:1 token_id=None slug=mlb-stl-col-2025-07-21 end_date=2025-07-29 end_ts=1753747200 now_ts=1768728045
2026-01-18 09:20:48 DEBUG __main__ [SKIP_DEBUG] closed_by_end_date token_key=0x86c9d24297beb3d5c16c7c782b887b84839230746a5e8166bf0bf0234f81e51d:1 token_id=None slug=nba-det-bkn-2025-11-08 end_date=2025-11-08 end_ts=1762560000 now_ts=1768728045
2026-01-18 09:20:48 DEBUG __main__ [SKIP_DEBUG] closed_by_end_date token_key=0xb775bfaceb3f0648819c39a2463379a6c7848a1bde317825f773404222cab195:1 token_id=None slug=nhl-col-chi-2025-11-23 end_date=2025-11-23 end_ts=1763856000 now_ts=1768728045
2026-01-18 09:20:48 DEBUG __main__ [SKIP_DEBUG] closed_by_end_date token_key=0x5f7126cc7c8caa63e5a03ab307ca4f354a298d0fcf7ed34991ea8e05d1ac3743:1 token_id=None slug=nba-lal-uta-2025-11-23 end_date=2025-11-24 end_ts=1763942400 now_ts=1768728045
2026-01-18 09:20:48 DEBUG __main__ [SKIP_DEBUG] closed_by_end_date token_key=0xaac04695827c91ceee9cc5042fd747068a3352754003b39195d8d13e59babbd5:1 token_id=None slug=nba-det-ind-2025-11-24 end_date=2025-11-25 end_ts=1764028800 now_ts=1768728045
2026-01-18 09:20:48 DEBUG __main__ [SKIP_DEBUG] closed_by_end_date token_key=0x4c1b6c85ba5b824a3e623981806fa59777ee436b3bba5cd9ae608bf375fb632a:1 token_id=None slug=nba-hou-phx-2025-11-24 end_date=2025-11-25 end_ts=1764028800 now_ts=1768728045
2026-01-18 09:20:48 DEBUG __main__ [SKIP_DEBUG] closed_by_end_date token_key=0x6f43350263e24a4b25151e602ea818c7cfda15bc2afe5bf72a59d139f8f27ce5:1 token_id=None slug=nba-den-mem-2025-11-24 end_date=2025-11-25 end_ts=1764028800 now_ts=1768728045
2026-01-18 09:20:48 DEBUG __main__ [SKIP_DEBUG] closed_by_end_date token_key=0xaa3769f8838df9a56769a82d22d3ac9b9479d192ca14f75fc4ab096fcdd1c274:1 token_id=None slug=nhl-fla-nsh-2025-11-24 end_date=2025-11-24 end_ts=1763942400 now_ts=1768728045
2026-01-18 09:20:48 DEBUG __main__ [SKIP_DEBUG] closed_by_end_date token_key=0x0e194ff1505c1d6bf255ce8f061df7f2398f25f9e04ebcd5e4ea59eecadabc32:1 token_id=None slug=nba-hou-mil-2025-11-09 end_date=2025-11-09 end_ts=1762646400 now_ts=1768728045
2026-01-18 09:20:48 DEBUG __main__ [SKIP_DEBUG] closed_by_end_date token_key=0xe93c79708256b1f78d82277d2b8778a5a3fd998833083fedb6c8a7baf20b3720:1 token_id=None slug=nba-det-phi-2025-11-09 end_date=2025-11-10 end_ts=1762732800 now_ts=1768728045
2026-01-18 09:20:48 DEBUG __main__ [SKIP_DEBUG] closed_by_end_date token_key=0x1b4ae0a526adc375d495d8fce0aca4cc1da3088fdcbd54345424535a15ce1abb:1 token_id=None slug=mlb-det-tex-2025-07-20 end_date=2025-07-27 end_ts=1753574400 now_ts=1768728045
2026-01-18 09:20:48 DEBUG __main__ [SKIP_DEBUG] closed_by_end_date token_key=0x50a77f21bd0bfbcbcb29c94322cc81b1071e0bd519dd66636dc08ab04df103d2:1 token_id=None slug=mlb-bos-chc-2025-07-20 end_date=2025-07-27 end_ts=1753574400 now_ts=1768728045
2026-01-18 09:20:48 DEBUG __main__ [SKIP_DEBUG] closed_by_end_date token_key=0x66c38501668ffb6540451bb27d178ce909a2b41d540d53a8ed4866a356f38604:1 token_id=None slug=nhl-tb-nj-2025-12-12 end_date=2025-12-12 end_ts=1765497600 now_ts=1768728045
2026-01-18 09:20:48 DEBUG __main__ [SKIP_DEBUG] closed_by_end_date token_key=0xdca56969ed806810c5dfc33e13c4c20f5096e6a96a8fe9375b136501146a8a6b:1 token_id=None slug=mlb-mil-cin-2025-08-15 end_date=2025-08-22 end_ts=1755820800 now_ts=1768728045
2026-01-18 09:20:48 DEBUG __main__ [SKIP_DEBUG] closed_by_end_date token_key=0xf4a3fa28b55b9932b858cc1f0ca39077f1f66ca5e10e7268c8686b8c2f0befd6:1 token_id=None slug=nba-min-cha-2025-11-01 end_date=2025-11-01 end_ts=1761955200 now_ts=1768728045
2026-01-18 09:20:48 DEBUG __main__ [SKIP_DEBUG] closed_by_end_date token_key=0xe66f91322820bba90ca87aef3685758fbf41d7ba8b804f41c56b501aa8d957e9:1 token_id=None slug=nba-orl-was-2025-11-02 end_date=2025-11-02 end_ts=1762041600 now_ts=1768728045
2026-01-18 09:20:48 DEBUG __main__ [SKIP_DEBUG] closed_by_end_date token_key=0x52950fce7fe836b77b7368667d4f98cf8c22eb75f30f0e3b40e93e57a736385f:1 token_id=None slug=nba-hou-bos-2025-11-02 end_date=2025-11-02 end_ts=1762041600 now_ts=1768728045
2026-01-18 09:20:48 DEBUG __main__ [SKIP_DEBUG] closed_by_end_date token_key=0xdaabc6970b0c19844e4babc0e71a3994877fad201eba43847d82a242eaae92c7:1 token_id=None slug=nba-okc-lac-2025-11-05 end_date=2025-11-05 end_ts=1762300800 now_ts=1768728045
2026-01-18 09:20:48 DEBUG __main__ [SKIP_DEBUG] closed_by_end_date token_key=0x5853fb179b80e298879fe46d0b5e9cbce2ba30a55e39d88155328f17fa5ffd04:1 token_id=None slug=nba-hou-mem-2025-11-06 end_date=2025-11-06 end_ts=1762387200 now_ts=1768728045
2026-01-18 09:20:48 DEBUG __main__ [SKIP_DEBUG] closed_by_end_date token_key=0x93602d67b8dd1a7f2f7803f773a5f10e87f40c63d496e5b5663c770f93457387:1 token_id=None slug=nba-mil-dal-2025-11-11 end_date=2025-11-11 end_ts=1762819200 now_ts=1768728045
2026-01-18 09:20:48 DEBUG __main__ [SKIP_DEBUG] closed_by_end_date token_key=0x2168b5c04b842959e83cfdda7df7998e830c183f453cefa083040a67a5316eab:1 token_id=None slug=nba-min-uta-2025-11-11 end_date=2025-11-11 end_ts=1762819200 now_ts=1768728045
2026-01-18 09:20:48 DEBUG __main__ [SKIP_DEBUG] closed_by_end_date token_key=0x319a2f28b0de6794f3f951b7f4604d63caaeefe91a01659305189c3bc40a61be:1 token_id=None slug=nba-lal-cha-2025-11-11 end_date=2025-11-11 end_ts=1762819200 now_ts=1768728045
2026-01-18 09:20:48 DEBUG __main__ [SKIP_DEBUG] closed_by_end_date token_key=0x96d6f70bd65e8ef5d009958d68ae412853487ab398d25bbebe44e12d07440ef2:1 token_id=None slug=nba-phx-sac-2025-11-26 end_date=2025-11-27 end_ts=1764201600 now_ts=1768728045
2026-01-18 09:20:48 DEBUG __main__ [SKIP_DEBUG] closed_by_end_date token_key=0x42b616c90a02e4e01bfed0aa673a1320f966e3381bef135101d21c350b847dfc:1 token_id=None slug=nba-nyk-cha-2025-11-26 end_date=2025-11-27 end_ts=1764201600 now_ts=1768728045
2026-01-18 09:20:48 DEBUG __main__ [SKIP_DEBUG] closed_by_end_date token_key=0x127434070b4800a00a7aa06e1b97e0a3e5c8a14ef9386c46c4cbf23bb7664bf0:1 token_id=None slug=nba-sas-chi-2025-11-11 end_date=2025-11-11 end_ts=1762819200 now_ts=1768728045
2026-01-18 09:20:48 DEBUG __main__ [SKIP_DEBUG] closed_by_end_date token_key=0xbe6760894fdee8f71fecdd3ac6aa54eb75e49e5befff3d171408f392aa723bf0:1 token_id=None slug=nba-dal-was-2025-11-09 end_date=2025-11-09 end_ts=1762646400 now_ts=1768728045
2026-01-18 09:20:48 DEBUG __main__ [SKIP_DEBUG] closed_by_end_date token_key=0x48c8e0f8bdc3f3d0b277418a88e25538f9f7bf61aad6bd098d7821888a711e27:1 token_id=None slug=nba-det-mem-2025-11-04 end_date=2025-11-04 end_ts=1762214400 now_ts=1768728045
2026-01-18 09:20:48 DEBUG __main__ [SKIP_DEBUG] closed_by_end_date token_key=0xcc828574758ef29c5db61a92685719404174fe0c8d616932d70fbdd4213f03c8:1 token_id=None slug=nba-min-bkn-2025-11-04 end_date=2025-11-04 end_ts=1762214400 now_ts=1768728045
2026-01-18 09:20:48 DEBUG __main__ [SKIP_DEBUG] closed_by_end_date token_key=0xd50ceea48bf35887b52e07ac4a3aacd237d62e23bfea8572e2446cf4f33100a2:1 token_id=None slug=nba-orl-phi-2025-11-25 end_date=2025-11-26 end_ts=1764115200 now_ts=1768728045
2026-01-18 09:20:48 DEBUG __main__ [SKIP_DEBUG] closed_by_end_date token_key=0x1f8be996c2f51369cb6c4d0cce06da4d1141da52847178e6fa5aedd60eb56fca:1 token_id=None slug=nba-orl-cha-2025-10-30 end_date=2025-10-30 end_ts=1761782400 now_ts=1768728045
2026-01-18 09:20:48 DEBUG __main__ [SKIP_DEBUG] closed_by_end_date token_key=0x2f126442cf0ac25244fa3cc836ade5814eb11b65f3de71e86d3d1c81094ec11c:1 token_id=None slug=mlb-sf-pit-2025-08-05 end_date=2025-08-12 end_ts=1754956800 now_ts=1768728045
2026-01-18 09:20:48 DEBUG __main__ [SKIP_DEBUG] closed_by_end_date token_key=0xaaf4c5c5b786a167b762d1cf8d7fca1c78070a3b6bc62374bc46ebc20863d44b:1 token_id=None slug=mlb-chc-laa-2025-08-24 end_date=2025-08-31 end_ts=1756598400 now_ts=1768728045
2026-01-18 09:20:48 DEBUG __main__ [SKIP_DEBUG] closed_by_end_date token_key=0x0dd1c1e9822bb2e8e93ad94d67cdac36fb524a84e0daa1aefad62514d23d520b:1 token_id=None slug=mlb-bos-oak-2025-09-08 end_date=2025-09-16 end_ts=1757980800 now_ts=1768728045
2026-01-18 09:20:48 DEBUG __main__ [SKIP_DEBUG] closed_by_end_date token_key=0x671675301367019853ee970e009809609d4e06cd3f5e2b0fa768d432db52dd83:1 token_id=None slug=mlb-sd-wsh-2025-07-18 end_date=2025-07-25 end_ts=1753401600 now_ts=1768728045
2026-01-18 09:20:48 DEBUG __main__ [SKIP_DEBUG] closed_by_end_date token_key=0x76f3c9c1d1b848c82f2efa6ce74c6c45d8e774b775b77c60415ee3d76e29c261:1 token_id=None slug=mlb-pit-col-2025-08-03 end_date=2025-08-10 end_ts=1754784000 now_ts=1768728045
2026-01-18 09:20:48 DEBUG __main__ [SKIP_DEBUG] closed_by_end_date token_key=0xe47c8f4b477b8ba31ba33c63e57f51306ec3cafe3816b05730e0a77121fe4aa2:1 token_id=None slug=btc-updown-15m-1768591800 end_date=2026-01-16 end_ts=1768521600 now_ts=1768728045
2026-01-18 09:20:48 DEBUG __main__ [SKIP_DEBUG] closed_by_end_date token_key=0x4c656e958bebaf736384cedee0c01e8af591cd50029dc6084fa9c66a6dcafd39:1 token_id=None slug=btc-updown-15m-1768571100 end_date=2026-01-16 end_ts=1768521600 now_ts=1768728045
2026-01-18 09:20:48 DEBUG __main__ [SKIP_DEBUG] closed_by_end_date token_key=0xeda1ebc07920b65b39c217e80f25ffaea94aa2aabc3dc432ad5af38031475936:1 token_id=None slug=btc-updown-15m-1768634100 end_date=2026-01-17 end_ts=1768608000 now_ts=1768728045
2026-01-18 09:20:48 DEBUG __main__ [SKIP_DEBUG] closed_by_end_date token_key=0xd4c3408b8c6d57fc85f8561822a4b327bfc08bbf11e9cd5c2f7f4ee418ac8436:1 token_id=None slug=btc-updown-15m-1768565700 end_date=2026-01-16 end_ts=1768521600 now_ts=1768728045
2026-01-18 09:20:48 DEBUG __main__ [SKIP_DEBUG] closed_by_end_date token_key=0x62664926ad9229c2f85838968b39a4a34ee66ac026e6d086e8e03ddf38c4079f:1 token_id=None slug=btc-updown-15m-1768584600 end_date=2026-01-16 end_ts=1768521600 now_ts=1768728045
2026-01-18 09:20:48 DEBUG __main__ [SKIP_DEBUG] closed_by_end_date token_key=0x1d439a9304085ddf1587581481dcf52e3421f6ec0d5fb76edd6d815f268a5916:1 token_id=None slug=btc-updown-15m-1768626900 end_date=2026-01-17 end_ts=1768608000 now_ts=1768728045
2026-01-18 09:20:48 DEBUG __main__ [SKIP_DEBUG] closed_by_end_date token_key=0xcc36c80c3a5d503fe499de7f17dfd29394df58d9081f34ca812e8a7bdbe7ffc5:1 token_id=None slug=btc-updown-15m-1768619700 end_date=2026-01-17 end_ts=1768608000 now_ts=1768728045
2026-01-18 09:20:48 DEBUG __main__ [SKIP_DEBUG] closed_by_end_date token_key=0x8f0e8f0a1ef65569df2d54f5de3d2855c06a3f45631e9bd07eee16432148d640:1 token_id=None slug=btc-updown-15m-1768607100 end_date=2026-01-17 end_ts=1768608000 now_ts=1768728045
2026-01-18 09:20:48 DEBUG __main__ [SKIP_DEBUG] closed_by_end_date token_key=0x96e2bcc522cef7d54e03ef1e47294622f654fbefe19d89adc5bf8bda148ea6f7:1 token_id=None slug=btc-updown-15m-1768594500 end_date=2026-01-16 end_ts=1768521600 now_ts=1768728045
2026-01-18 09:20:48 DEBUG __main__ [SKIP_DEBUG] closed_by_end_date token_key=0x8f1f9b96e334fb958654609897ed48d395f50a131ce1da26ce052993b4f9bea4:1 token_id=None slug=btc-updown-15m-1768564800 end_date=2026-01-16 end_ts=1768521600 now_ts=1768728045
2026-01-18 09:20:48 DEBUG __main__ [SKIP_DEBUG] closed_by_end_date token_key=0xb2b4ba33eb946321781ab13912ba1f9a8d34a00f6ea2457127d10234c5772f6f:1 token_id=None slug=btc-updown-15m-1768563900 end_date=2026-01-16 end_ts=1768521600 now_ts=1768728045
2026-01-18 09:20:48 DEBUG __main__ [SKIP_DEBUG] closed_by_end_date token_key=0x88fc271272a414b83402e7bc1e276f32efeb0be5d0186cc4edc129ad957158a9:1 token_id=None slug=btc-updown-15m-1768631400 end_date=2026-01-17 end_ts=1768608000 now_ts=1768728045
2026-01-18 09:20:48 DEBUG __main__ [SKIP_DEBUG] closed_by_end_date token_key=0x1f2ea55dd3eddeae1abf6dbe5046ec73110b316dcea6710f302e8e3f95dc6f27:1 token_id=None slug=btc-updown-15m-1768579200 end_date=2026-01-16 end_ts=1768521600 now_ts=1768728045
2026-01-18 09:20:48 DEBUG __main__ [SKIP_DEBUG] closed_by_end_date token_key=0xa2e8c4fac0abc7c1ffdc34006a3ba6332705c8ddc3160f3c9f79d69b630d0adf:1 token_id=None slug=nba-hou-tor-2025-10-29 end_date=2025-10-29 end_ts=1761696000 now_ts=1768728045
2026-01-18 09:20:48 DEBUG __main__ [SKIP_DEBUG] closed_by_end_date token_key=0xdc734814f6b2b5a0d7fc37bed77f458530f59166c9691c44ca06438790fd1cf2:1 token_id=None slug=mlb-hou-laa-2025-09-27 end_date=2025-10-05 end_ts=1759622400 now_ts=1768728045
2026-01-18 09:20:48 DEBUG __main__ [SKIP_DEBUG] closed_by_end_date token_key=0x035aeecbedca1c3f74691ae48c78651f809e74a360db6da550a3a35a10dd2eff:1 token_id=None slug=btc-updown-15m-1768341600 end_date=2026-01-13 end_ts=1768262400 now_ts=1768728045
2026-01-18 09:20:48 DEBUG __main__ [SKIP_DEBUG] closed_by_end_date token_key=0xa3af0eda1c5624e536d95280310a40c4491552bd1d6ef71b2f5d5429bab4d6ab:1 token_id=None slug=btc-updown-15m-1768343400 end_date=2026-01-13 end_ts=1768262400 now_ts=1768728045
2026-01-18 09:20:48 DEBUG __main__ [SKIP_DEBUG] closed_by_end_date token_key=0xd4422afe978d0e602d6a48639adf6079d186cc3069573f91f9056fdda5f6ebc0:1 token_id=None slug=btc-updown-15m-1768337100 end_date=2026-01-13 end_ts=1768262400 now_ts=1768728045
2026-01-18 09:20:48 DEBUG __main__ [SKIP_DEBUG] closed_by_end_date token_key=0x641bbe7ba6991994ebb7b5547a2c12aef141b0ee765f03c5c23a2376ed1a0638:1 token_id=None slug=bitcoin-up-or-down-on-november-6 end_date=2025-11-06T00:00:00 end_ts=1762387200 now_ts=1768728045
2026-01-18 09:20:48 DEBUG __main__ [SKIP_DEBUG] closed_by_end_date token_key=0xbea5d5174cb5355eaf0f8cee780e67d0b22a6ff614ef7ec82cc2fe6ce8f4b111:1 token_id=None slug=us-x-venezuela-military-engagement-by-november-30-216-397-226-467-735-374-192-441-421-482-389 end_date=2025-11-30T00:00:00 end_ts=1764460800 now_ts=1768728045
2026-01-18 09:20:48 DEBUG __main__ [SKIP_DEBUG] closed_by_end_date token_key=0x8c62ff986325a2fcf82c92283ce3e146e6c4441fbe5bca4210c6a42261fdc17d:1 token_id=None slug=north-korea-missile-launch-by-november-30 end_date=2025-11-30T00:00:00 end_ts=1764460800 now_ts=1768728045
2026-01-18 09:20:48 DEBUG __main__ [SKIP_DEBUG] closed_by_end_date token_key=0xd548f81d61927511b75416bf486b776287dad0d4af12b2cc4a9dc6d1ee107189:1 token_id=None slug=us-x-venezuela-military-engagement-by-november-14-153-761-615 end_date=2025-11-14T00:00:00 end_ts=1763078400 now_ts=1768728045
2026-01-18 09:20:48 DEBUG __main__ [SKIP_DEBUG] closed_by_end_date token_key=0x2f676f8d85d60dd20ce0e0ba14608825b970a0491b419d7dedfa81bcf646af2b:1 token_id=None slug=ukraine-agrees-to-us-approved-peace-plan-by-thursday end_date=2025-11-27T00:00:00 end_ts=1764201600 now_ts=1768728045
2026-01-18 09:20:48 DEBUG __main__ [SKIP_DEBUG] closed_by_end_date token_key=0x96a19b471abe54716c4e15ec47d47c48472722f032a3235120a814b5a1275d05:1 token_id=None slug=will-frankenstein-be-the-top-global-netflix-movie-this-week-november-25-2025 end_date=2025-11-25T00:00:00 end_ts=1764028800 now_ts=1768728045
2026-01-18 09:20:48 INFO __main__ [SKIP] closed_token_keys added count=238
2026-01-18 09:20:48 INFO __main__ [SKIP] closed_positions filtered target=232 my=6
2026-01-18 09:20:48 INFO __main__ [POS] target_count=0 my_count=0 target_incomplete=False my_incomplete=False | t_src=http_positions t_cb=1768728047 t_rsec=25 t_mode=sec t_http=200 t_hit=None
2026-01-18 09:20:48 INFO __main__ [POS] target cache_headers_first={'CF-Cache-Status': 'DYNAMIC', 'Date': 'Sun, 18 Jan 2026 09:20:47 GMT', 'Server': 'cloudflare'}
2026-01-18 09:20:48 INFO __main__ [POS] target cache_headers_last={'CF-Cache-Status': 'DYNAMIC', 'Date': 'Sun, 18 Jan 2026 09:20:47 GMT', 'Server': 'cloudflare'}
2026-01-18 09:20:48 INFO __main__ [BOOT] baseline_only: baseline_keys=0 baseline_ids=0 cursor_ms=1768728044996
2026-01-18 09:21:08 DEBUG urllib3.connectionpool Starting new HTTPS connection (1): clob.polymarket.com:443
2026-01-18 09:21:08 DEBUG urllib3.connectionpool https://clob.polymarket.com:443 "GET /data/orders?next_cursor=MA== HTTP/1.1" 200 None
2026-01-18 09:21:08 DEBUG urllib3.connectionpool https://data-api.polymarket.com:443 "GET /trades?user=0xf5d4c1341267162afc3749908631087db95aa077&limit=300&offset=0&takerOnly=False HTTP/1.1" 200 None
2026-01-18 09:21:09 DEBUG urllib3.connectionpool https://data-api.polymarket.com:443 "GET /trades?user=0x2C23aba6C7BC73a032F9bd2A413188f33ff4599f&limit=300&offset=0&takerOnly=False HTTP/1.1" 200 None
2026-01-18 09:21:09 DEBUG urllib3.connectionpool Starting new HTTPS connection (1): data-api.polymarket.com:443
2026-01-18 09:21:09 DEBUG urllib3.connectionpool https://data-api.polymarket.com:443 "GET /positions?user=0xf5d4c1341267162afc3749908631087db95aa077&limit=500&offset=0&sizeThreshold=0.0&_cb=1768728069 HTTP/1.1" 200 None
2026-01-18 09:21:10 DEBUG urllib3.connectionpool https://data-api.polymarket.com:443 "GET /positions?user=0xf5d4c1341267162afc3749908631087db95aa077&limit=500&offset=500&sizeThreshold=0.0&_cb=1768728069 HTTP/1.1" 200 None
2026-01-18 09:21:11 DEBUG urllib3.connectionpool https://data-api.polymarket.com:443 "GET /positions?user=0x2C23aba6C7BC73a032F9bd2A413188f33ff4599f&limit=500&offset=0&sizeThreshold=0.0&sortBy=TOKENS&sortDirection=DESC HTTP/1.1" 200 None
2026-01-18 09:21:11 INFO __main__ [SKIP] closed_positions filtered target=232 my=6
2026-01-18 09:21:11 INFO __main__ [SAFE] actions_empty reduce_reconcile_set size=0 recent_sec=600 lag_ms=0 actions=0 actions_unreliable=False
2026-01-18 09:21:11 INFO __main__ [RISK_SUMMARY] used_total=0.0 used_total_shadow=0.0 open_buy_orders_usd=0 shadow_buy_usd=0.0 recent_buy_usd=0.0 top_tokens=[]
2026-01-18 09:21:31 DEBUG urllib3.connectionpool Starting new HTTPS connection (1): clob.polymarket.com:443
2026-01-18 09:21:31 DEBUG urllib3.connectionpool https://clob.polymarket.com:443 "GET /data/orders?next_cursor=MA== HTTP/1.1" 200 None
2026-01-18 09:21:31 DEBUG urllib3.connectionpool https://data-api.polymarket.com:443 "GET /trades?user=0xf5d4c1341267162afc3749908631087db95aa077&limit=300&offset=0&takerOnly=False HTTP/1.1" 200 None
2026-01-18 09:21:32 DEBUG urllib3.connectionpool https://data-api.polymarket.com:443 "GET /trades?user=0x2C23aba6C7BC73a032F9bd2A413188f33ff4599f&limit=300&offset=0&takerOnly=False HTTP/1.1" 200 None
2026-01-18 09:21:32 DEBUG urllib3.connectionpool Starting new HTTPS connection (1): data-api.polymarket.com:443
2026-01-18 09:21:32 DEBUG urllib3.connectionpool https://data-api.polymarket.com:443 "GET /positions?user=0xf5d4c1341267162afc3749908631087db95aa077&limit=500&offset=0&sizeThreshold=0.0&_cb=1768728092 HTTP/1.1" 200 None
2026-01-18 09:21:33 DEBUG urllib3.connectionpool https://data-api.polymarket.com:443 "GET /positions?user=0xf5d4c1341267162afc3749908631087db95aa077&limit=500&offset=500&sizeThreshold=0.0&_cb=1768728092 HTTP/1.1" 200 None
2026-01-18 09:21:33 DEBUG urllib3.connectionpool https://data-api.polymarket.com:443 "GET /positions?user=0x2C23aba6C7BC73a032F9bd2A413188f33ff4599f&limit=500&offset=0&sizeThreshold=0.0&sortBy=TOKENS&sortDirection=DESC HTTP/1.1" 200 None
2026-01-18 09:21:33 INFO __main__ [SKIP] closed_positions filtered target=232 my=6
2026-01-18 09:21:33 INFO __main__ [SAFE] actions_empty reduce_reconcile_set size=0 recent_sec=600 lag_ms=0 actions=0 actions_unreliable=False
2026-01-18 09:21:33 INFO __main__ [RISK_SUMMARY] used_total=0.0 used_total_shadow=0.0 open_buy_orders_usd=0 shadow_buy_usd=0.0 recent_buy_usd=0.0 top_tokens=[]
2026-01-18 09:21:53 DEBUG urllib3.connectionpool Starting new HTTPS connection (1): clob.polymarket.com:443
2026-01-18 09:21:53 DEBUG urllib3.connectionpool https://clob.polymarket.com:443 "GET /data/orders?next_cursor=MA== HTTP/1.1" 200 None
2026-01-18 09:21:54 DEBUG urllib3.connectionpool https://data-api.polymarket.com:443 "GET /trades?user=0xf5d4c1341267162afc3749908631087db95aa077&limit=300&offset=0&takerOnly=False HTTP/1.1" 200 None
2026-01-18 09:21:54 DEBUG urllib3.connectionpool https://data-api.polymarket.com:443 "GET /trades?user=0x2C23aba6C7BC73a032F9bd2A413188f33ff4599f&limit=300&offset=0&takerOnly=False HTTP/1.1" 200 None
2026-01-18 09:21:54 DEBUG urllib3.connectionpool Starting new HTTPS connection (1): data-api.polymarket.com:443
2026-01-18 09:21:54 DEBUG urllib3.connectionpool https://data-api.polymarket.com:443 "GET /positions?user=0xf5d4c1341267162afc3749908631087db95aa077&limit=500&offset=0&sizeThreshold=0.0&_cb=1768728114 HTTP/1.1" 200 None
2026-01-18 09:21:55 DEBUG urllib3.connectionpool https://data-api.polymarket.com:443 "GET /positions?user=0xf5d4c1341267162afc3749908631087db95aa077&limit=500&offset=500&sizeThreshold=0.0&_cb=1768728114 HTTP/1.1" 200 None
2026-01-18 09:21:56 DEBUG urllib3.connectionpool https://data-api.polymarket.com:443 "GET /positions?user=0x2C23aba6C7BC73a032F9bd2A413188f33ff4599f&limit=500&offset=0&sizeThreshold=0.0&sortBy=TOKENS&sortDirection=DESC HTTP/1.1" 200 None
2026-01-18 09:21:56 INFO __main__ [SKIP] closed_positions filtered target=232 my=6
2026-01-18 09:21:56 INFO __main__ [SAFE] actions_empty reduce_reconcile_set size=0 recent_sec=600 lag_ms=0 actions=0 actions_unreliable=False
2026-01-18 09:21:56 INFO __main__ [RISK_SUMMARY] used_total=0.0 used_total_shadow=0.0 open_buy_orders_usd=0 shadow_buy_usd=0.0 recent_buy_usd=0.0 top_tokens=[]
2026-01-18 09:22:16 DEBUG urllib3.connectionpool Starting new HTTPS connection (1): clob.polymarket.com:443
2026-01-18 09:22:16 DEBUG urllib3.connectionpool https://clob.polymarket.com:443 "GET /data/orders?next_cursor=MA== HTTP/1.1" 200 None
2026-01-18 09:22:16 DEBUG urllib3.connectionpool https://data-api.polymarket.com:443 "GET /trades?user=0xf5d4c1341267162afc3749908631087db95aa077&limit=300&offset=0&takerOnly=False HTTP/1.1" 200 None
2026-01-18 09:22:17 DEBUG urllib3.connectionpool https://data-api.polymarket.com:443 "GET /trades?user=0x2C23aba6C7BC73a032F9bd2A413188f33ff4599f&limit=300&offset=0&takerOnly=False HTTP/1.1" 200 None
2026-01-18 09:22:17 DEBUG urllib3.connectionpool Starting new HTTPS connection (1): data-api.polymarket.com:443
2026-01-18 09:22:17 DEBUG urllib3.connectionpool https://data-api.polymarket.com:443 "GET /positions?user=0xf5d4c1341267162afc3749908631087db95aa077&limit=500&offset=0&sizeThreshold=0.0&_cb=1768728137 HTTP/1.1" 200 None
2026-01-18 09:22:18 DEBUG urllib3.connectionpool https://data-api.polymarket.com:443 "GET /positions?user=0xf5d4c1341267162afc3749908631087db95aa077&limit=500&offset=500&sizeThreshold=0.0&_cb=1768728137 HTTP/1.1" 200 None
2026-01-18 09:22:18 DEBUG urllib3.connectionpool https://data-api.polymarket.com:443 "GET /positions?user=0x2C23aba6C7BC73a032F9bd2A413188f33ff4599f&limit=500&offset=0&sizeThreshold=0.0&sortBy=TOKENS&sortDirection=DESC HTTP/1.1" 200 None
2026-01-18 09:22:18 INFO __main__ [SKIP] closed_positions filtered target=232 my=6
2026-01-18 09:22:18 INFO __main__ [SAFE] actions_empty reduce_reconcile_set size=0 recent_sec=600 lag_ms=0 actions=0 actions_unreliable=False
2026-01-18 09:22:18 INFO __main__ [RISK_SUMMARY] used_total=0.0 used_total_shadow=0.0 open_buy_orders_usd=0 shadow_buy_usd=0.0 recent_buy_usd=0.0 top_tokens=[]
2026-01-18 09:22:38 DEBUG urllib3.connectionpool Starting new HTTPS connection (1): clob.polymarket.com:443
2026-01-18 09:22:38 DEBUG urllib3.connectionpool https://clob.polymarket.com:443 "GET /data/orders?next_cursor=MA== HTTP/1.1" 200 None
2026-01-18 09:22:39 DEBUG urllib3.connectionpool https://data-api.polymarket.com:443 "GET /trades?user=0xf5d4c1341267162afc3749908631087db95aa077&limit=300&offset=0&takerOnly=False HTTP/1.1" 200 None
2026-01-18 09:22:39 DEBUG urllib3.connectionpool https://data-api.polymarket.com:443 "GET /trades?user=0x2C23aba6C7BC73a032F9bd2A413188f33ff4599f&limit=300&offset=0&takerOnly=False HTTP/1.1" 200 None
2026-01-18 09:22:39 DEBUG urllib3.connectionpool Starting new HTTPS connection (1): data-api.polymarket.com:443
2026-01-18 09:22:40 DEBUG urllib3.connectionpool https://data-api.polymarket.com:443 "GET /positions?user=0xf5d4c1341267162afc3749908631087db95aa077&limit=500&offset=0&sizeThreshold=0.0&_cb=1768728159 HTTP/1.1" 200 None
2026-01-18 09:22:40 DEBUG urllib3.connectionpool https://data-api.polymarket.com:443 "GET /positions?user=0xf5d4c1341267162afc3749908631087db95aa077&limit=500&offset=500&sizeThreshold=0.0&_cb=1768728159 HTTP/1.1" 200 None
2026-01-18 09:22:41 DEBUG urllib3.connectionpool https://data-api.polymarket.com:443 "GET /positions?user=0x2C23aba6C7BC73a032F9bd2A413188f33ff4599f&limit=500&offset=0&sizeThreshold=0.0&sortBy=TOKENS&sortDirection=DESC HTTP/1.1" 200 None
2026-01-18 09:22:41 INFO __main__ [SKIP] closed_positions filtered target=232 my=6
2026-01-18 09:22:41 INFO __main__ [SAFE] actions_empty reduce_reconcile_set size=0 recent_sec=600 lag_ms=0 actions=0 actions_unreliable=False
2026-01-18 09:22:41 INFO __main__ [RISK_SUMMARY] used_total=0.0 used_total_shadow=0.0 open_buy_orders_usd=0 shadow_buy_usd=0.0 recent_buy_usd=0.0 top_tokens=[]
2026-01-18 09:23:01 DEBUG urllib3.connectionpool Starting new HTTPS connection (1): clob.polymarket.com:443
2026-01-18 09:23:01 DEBUG urllib3.connectionpool https://clob.polymarket.com:443 "GET /data/orders?next_cursor=MA== HTTP/1.1" 200 None
2026-01-18 09:23:01 DEBUG urllib3.connectionpool https://data-api.polymarket.com:443 "GET /trades?user=0xf5d4c1341267162afc3749908631087db95aa077&limit=300&offset=0&takerOnly=False HTTP/1.1" 200 None
2026-01-18 09:23:02 DEBUG urllib3.connectionpool https://data-api.polymarket.com:443 "GET /trades?user=0x2C23aba6C7BC73a032F9bd2A413188f33ff4599f&limit=300&offset=0&takerOnly=False HTTP/1.1" 200 None
2026-01-18 09:23:02 DEBUG urllib3.connectionpool Starting new HTTPS connection (1): data-api.polymarket.com:443
2026-01-18 09:23:02 DEBUG urllib3.connectionpool https://data-api.polymarket.com:443 "GET /positions?user=0xf5d4c1341267162afc3749908631087db95aa077&limit=500&offset=0&sizeThreshold=0.0&_cb=1768728182 HTTP/1.1" 200 None
2026-01-18 09:23:03 DEBUG urllib3.connectionpool https://data-api.polymarket.com:443 "GET /positions?user=0xf5d4c1341267162afc3749908631087db95aa077&limit=500&offset=500&sizeThreshold=0.0&_cb=1768728182 HTTP/1.1" 200 None
2026-01-18 09:23:04 DEBUG urllib3.connectionpool https://data-api.polymarket.com:443 "GET /positions?user=0x2C23aba6C7BC73a032F9bd2A413188f33ff4599f&limit=500&offset=0&sizeThreshold=0.0&sortBy=TOKENS&sortDirection=DESC HTTP/1.1" 200 None
2026-01-18 09:23:04 INFO __main__ [SKIP] closed_positions filtered target=232 my=6
2026-01-18 09:23:04 INFO __main__ [SAFE] actions_empty reduce_reconcile_set size=0 recent_sec=600 lag_ms=0 actions=0 actions_unreliable=False
2026-01-18 09:23:04 INFO __main__ [RISK_SUMMARY] used_total=0.0 used_total_shadow=0.0 open_buy_orders_usd=0 shadow_buy_usd=0.0 recent_buy_usd=0.0 top_tokens=[]
2026-01-18 09:23:24 DEBUG urllib3.connectionpool Starting new HTTPS connection (1): clob.polymarket.com:443
2026-01-18 09:23:24 DEBUG urllib3.connectionpool https://clob.polymarket.com:443 "GET /data/orders?next_cursor=MA== HTTP/1.1" 200 None
2026-01-18 09:23:24 DEBUG urllib3.connectionpool https://data-api.polymarket.com:443 "GET /trades?user=0xf5d4c1341267162afc3749908631087db95aa077&limit=300&offset=0&takerOnly=False HTTP/1.1" 200 None
2026-01-18 09:23:25 DEBUG urllib3.connectionpool https://data-api.polymarket.com:443 "GET /trades?user=0x2C23aba6C7BC73a032F9bd2A413188f33ff4599f&limit=300&offset=0&takerOnly=False HTTP/1.1" 200 None
2026-01-18 09:23:25 DEBUG urllib3.connectionpool Starting new HTTPS connection (1): data-api.polymarket.com:443
2026-01-18 09:23:25 DEBUG urllib3.connectionpool https://data-api.polymarket.com:443 "GET /positions?user=0xf5d4c1341267162afc3749908631087db95aa077&limit=500&offset=0&sizeThreshold=0.0&_cb=1768728205 HTTP/1.1" 200 None
2026-01-18 09:23:26 DEBUG urllib3.connectionpool https://data-api.polymarket.com:443 "GET /positions?user=0xf5d4c1341267162afc3749908631087db95aa077&limit=500&offset=500&sizeThreshold=0.0&_cb=1768728205 HTTP/1.1" 200 None
2026-01-18 09:23:27 DEBUG urllib3.connectionpool https://data-api.polymarket.com:443 "GET /positions?user=0x2C23aba6C7BC73a032F9bd2A413188f33ff4599f&limit=500&offset=0&sizeThreshold=0.0&sortBy=TOKENS&sortDirection=DESC HTTP/1.1" 200 None
2026-01-18 09:23:27 INFO __main__ [SKIP] closed_positions filtered target=232 my=6
2026-01-18 09:23:27 INFO __main__ [SAFE] actions_empty reduce_reconcile_set size=0 recent_sec=600 lag_ms=0 actions=0 actions_unreliable=False
2026-01-18 09:23:27 INFO __main__ [RISK_SUMMARY] used_total=0.0 used_total_shadow=0.0 open_buy_orders_usd=0 shadow_buy_usd=0.0 recent_buy_usd=0.0 top_tokens=[]
2026-01-18 09:23:47 DEBUG urllib3.connectionpool Starting new HTTPS connection (1): clob.polymarket.com:443
2026-01-18 09:23:47 DEBUG urllib3.connectionpool https://clob.polymarket.com:443 "GET /data/orders?next_cursor=MA== HTTP/1.1" 200 None
2026-01-18 09:23:47 DEBUG urllib3.connectionpool https://data-api.polymarket.com:443 "GET /trades?user=0xf5d4c1341267162afc3749908631087db95aa077&limit=300&offset=0&takerOnly=False HTTP/1.1" 200 None
2026-01-18 09:23:48 DEBUG urllib3.connectionpool https://data-api.polymarket.com:443 "GET /trades?user=0x2C23aba6C7BC73a032F9bd2A413188f33ff4599f&limit=300&offset=0&takerOnly=False HTTP/1.1" 200 None
2026-01-18 09:23:48 DEBUG urllib3.connectionpool Starting new HTTPS connection (1): data-api.polymarket.com:443
2026-01-18 09:23:48 DEBUG urllib3.connectionpool https://data-api.polymarket.com:443 "GET /positions?user=0xf5d4c1341267162afc3749908631087db95aa077&limit=500&offset=0&sizeThreshold=0.0&_cb=1768728228 HTTP/1.1" 200 None
2026-01-18 09:23:49 DEBUG urllib3.connectionpool https://data-api.polymarket.com:443 "GET /positions?user=0xf5d4c1341267162afc3749908631087db95aa077&limit=500&offset=500&sizeThreshold=0.0&_cb=1768728228 HTTP/1.1" 200 None
2026-01-18 09:23:49 DEBUG urllib3.connectionpool https://data-api.polymarket.com:443 "GET /positions?user=0x2C23aba6C7BC73a032F9bd2A413188f33ff4599f&limit=500&offset=0&sizeThreshold=0.0&sortBy=TOKENS&sortDirection=DESC HTTP/1.1" 200 None
2026-01-18 09:23:49 INFO __main__ [SKIP] closed_positions filtered target=232 my=6
2026-01-18 09:23:49 INFO __main__ [SAFE] actions_empty reduce_reconcile_set size=0 recent_sec=600 lag_ms=0 actions=0 actions_unreliable=False
2026-01-18 09:23:49 INFO __main__ [RISK_SUMMARY] used_total=0.0 used_total_shadow=0.0 open_buy_orders_usd=0 shadow_buy_usd=0.0 recent_buy_usd=0.0 top_tokens=[]
2026-01-18 09:24:09 DEBUG urllib3.connectionpool Starting new HTTPS connection (1): clob.polymarket.com:443
2026-01-18 09:24:10 DEBUG urllib3.connectionpool https://clob.polymarket.com:443 "GET /data/orders?next_cursor=MA== HTTP/1.1" 200 None
2026-01-18 09:24:10 DEBUG urllib3.connectionpool https://data-api.polymarket.com:443 "GET /trades?user=0xf5d4c1341267162afc3749908631087db95aa077&limit=300&offset=0&takerOnly=False HTTP/1.1" 200 None
2026-01-18 09:24:10 DEBUG urllib3.connectionpool https://data-api.polymarket.com:443 "GET /trades?user=0x2C23aba6C7BC73a032F9bd2A413188f33ff4599f&limit=300&offset=0&takerOnly=False HTTP/1.1" 200 None
2026-01-18 09:24:11 DEBUG urllib3.connectionpool Starting new HTTPS connection (1): data-api.polymarket.com:443
2026-01-18 09:24:11 DEBUG urllib3.connectionpool https://data-api.polymarket.com:443 "GET /positions?user=0xf5d4c1341267162afc3749908631087db95aa077&limit=500&offset=0&sizeThreshold=0.0&_cb=1768728251 HTTP/1.1" 200 None
2026-01-18 09:24:12 DEBUG urllib3.connectionpool https://data-api.polymarket.com:443 "GET /positions?user=0xf5d4c1341267162afc3749908631087db95aa077&limit=500&offset=500&sizeThreshold=0.0&_cb=1768728251 HTTP/1.1" 200 None
2026-01-18 09:24:12 DEBUG urllib3.connectionpool https://data-api.polymarket.com:443 "GET /positions?user=0x2C23aba6C7BC73a032F9bd2A413188f33ff4599f&limit=500&offset=0&sizeThreshold=0.0&sortBy=TOKENS&sortDirection=DESC HTTP/1.1" 200 None
2026-01-18 09:24:12 INFO __main__ [SKIP] closed_positions filtered target=232 my=6
2026-01-18 09:24:12 INFO __main__ [SAFE] actions_empty reduce_reconcile_set size=0 recent_sec=600 lag_ms=0 actions=0 actions_unreliable=False
2026-01-18 09:24:12 INFO __main__ [RISK_SUMMARY] used_total=0.0 used_total_shadow=0.0 open_buy_orders_usd=0 shadow_buy_usd=0.0 recent_buy_usd=0.0 top_tokens=[]
2026-01-18 09:24:32 DEBUG urllib3.connectionpool Starting new HTTPS connection (1): clob.polymarket.com:443
2026-01-18 09:24:33 DEBUG urllib3.connectionpool https://clob.polymarket.com:443 "GET /data/orders?next_cursor=MA== HTTP/1.1" 200 None
2026-01-18 09:24:33 DEBUG urllib3.connectionpool https://data-api.polymarket.com:443 "GET /trades?user=0xf5d4c1341267162afc3749908631087db95aa077&limit=300&offset=0&takerOnly=False HTTP/1.1" 200 None
2026-01-18 09:24:33 DEBUG urllib3.connectionpool https://data-api.polymarket.com:443 "GET /trades?user=0x2C23aba6C7BC73a032F9bd2A413188f33ff4599f&limit=300&offset=0&takerOnly=False HTTP/1.1" 200 None
2026-01-18 09:24:33 DEBUG urllib3.connectionpool Starting new HTTPS connection (1): data-api.polymarket.com:443
2026-01-18 09:24:34 DEBUG urllib3.connectionpool https://data-api.polymarket.com:443 "GET /positions?user=0xf5d4c1341267162afc3749908631087db95aa077&limit=500&offset=0&sizeThreshold=0.0&_cb=1768728273 HTTP/1.1" 200 None
2026-01-18 09:24:35 DEBUG urllib3.connectionpool https://data-api.polymarket.com:443 "GET /positions?user=0xf5d4c1341267162afc3749908631087db95aa077&limit=500&offset=500&sizeThreshold=0.0&_cb=1768728273 HTTP/1.1" 200 None
2026-01-18 09:24:35 DEBUG urllib3.connectionpool https://data-api.polymarket.com:443 "GET /positions?user=0x2C23aba6C7BC73a032F9bd2A413188f33ff4599f&limit=500&offset=0&sizeThreshold=0.0&sortBy=TOKENS&sortDirection=DESC HTTP/1.1" 200 None
2026-01-18 09:24:35 INFO __main__ [SKIP] closed_positions filtered target=232 my=6
2026-01-18 09:24:35 INFO __main__ [SAFE] actions_empty reduce_reconcile_set size=0 recent_sec=600 lag_ms=0 actions=0 actions_unreliable=False
2026-01-18 09:24:35 INFO __main__ [RISK_SUMMARY] used_total=0.0 used_total_shadow=0.0 open_buy_orders_usd=0 shadow_buy_usd=0.0 recent_buy_usd=0.0 top_tokens=[]
2026-01-18 09:24:55 DEBUG urllib3.connectionpool Starting new HTTPS connection (1): clob.polymarket.com:443
2026-01-18 09:24:55 DEBUG urllib3.connectionpool https://clob.polymarket.com:443 "GET /data/orders?next_cursor=MA== HTTP/1.1" 200 None
2026-01-18 09:24:56 DEBUG urllib3.connectionpool https://data-api.polymarket.com:443 "GET /trades?user=0xf5d4c1341267162afc3749908631087db95aa077&limit=300&offset=0&takerOnly=False HTTP/1.1" 200 None
2026-01-18 09:24:56 DEBUG urllib3.connectionpool https://data-api.polymarket.com:443 "GET /trades?user=0x2C23aba6C7BC73a032F9bd2A413188f33ff4599f&limit=300&offset=0&takerOnly=False HTTP/1.1" 200 None
2026-01-18 09:24:56 DEBUG urllib3.connectionpool Starting new HTTPS connection (1): data-api.polymarket.com:443
2026-01-18 09:24:57 DEBUG urllib3.connectionpool https://data-api.polymarket.com:443 "GET /positions?user=0xf5d4c1341267162afc3749908631087db95aa077&limit=500&offset=0&sizeThreshold=0.0&_cb=1768728296 HTTP/1.1" 200 None
2026-01-18 09:24:58 DEBUG urllib3.connectionpool https://data-api.polymarket.com:443 "GET /positions?user=0xf5d4c1341267162afc3749908631087db95aa077&limit=500&offset=500&sizeThreshold=0.0&_cb=1768728296 HTTP/1.1" 200 None
2026-01-18 09:24:58 DEBUG urllib3.connectionpool https://data-api.polymarket.com:443 "GET /positions?user=0x2C23aba6C7BC73a032F9bd2A413188f33ff4599f&limit=500&offset=0&sizeThreshold=0.0&sortBy=TOKENS&sortDirection=DESC HTTP/1.1" 200 None
2026-01-18 09:24:58 INFO __main__ [SKIP] closed_positions filtered target=232 my=6
2026-01-18 09:24:58 INFO __main__ [SAFE] actions_empty reduce_reconcile_set size=0 recent_sec=600 lag_ms=0 actions=0 actions_unreliable=False
2026-01-18 09:24:58 INFO __main__ [RISK_SUMMARY] used_total=0.0 used_total_shadow=0.0 open_buy_orders_usd=0 shadow_buy_usd=0.0 recent_buy_usd=0.0 top_tokens=[]
